2025-05-26 19:38:08,649 - INFO - Validation and Training Set Split Statistics
2025-05-26 19:38:08,650 - INFO - Timestamp: 2025-05-26 19:38:08
2025-05-26 19:38:08,650 - INFO - Validation set size: 1367 (8.28%)
2025-05-26 19:38:08,650 - INFO - Training set size: 15147 (91.72%)
2025-05-26 19:38:08,650 - INFO - Minimum Distance Statistics (km):
2025-05-26 19:38:08,650 - INFO -   Mean: 63.4137
2025-05-26 19:38:08,650 - INFO -   Median: 4.0944
2025-05-26 19:38:08,650 - INFO -   Min: 1.2301
2025-05-26 19:38:08,650 - INFO -   Max: 743.7101
2025-05-26 19:38:08,650 - INFO -   Std: 109.9178
2025-05-26 19:38:08,650 - INFO - OC Distribution Statistics:
2025-05-26 19:38:08,650 - INFO -   Validation Mean: 16.8026
2025-05-26 19:38:08,650 - INFO -   Validation Std: 9.1992
2025-05-26 19:38:08,650 - INFO -   Training Mean: 23.0434
2025-05-26 19:38:08,650 - INFO -   Training Std: 20.2697
2025-05-26 19:38:08,650 - INFO - Kolmogorov-Smirnov Test:
2025-05-26 19:38:08,650 - INFO -   KS Statistic: 0.2194
2025-05-26 19:38:08,650 - INFO -   P-value: 0.0000
2025-05-26 19:38:08,650 - INFO - Distribution Fit: Inverse Gamma
2025-05-26 19:38:08,650 - INFO - Distribution Parameters: {'a': 3.5093212085018015, 'loc': -0.2207140712018134, 'scale': 55.73445932737795}
2025-05-26 19:38:09,086 - INFO - Validation and Training Set Split Statistics
2025-05-26 19:38:09,086 - INFO - Timestamp: 2025-05-26 19:38:09
2025-05-26 19:38:09,086 - INFO - Validation set size: 1653 (10.01%)
2025-05-26 19:38:09,086 - INFO - Training set size: 14861 (89.99%)
2025-05-26 19:38:09,086 - INFO - Minimum Distance Statistics (km):
2025-05-26 19:38:09,086 - INFO -   Mean: 59.0229
2025-05-26 19:38:09,086 - INFO -   Median: 4.4468
2025-05-26 19:38:09,086 - INFO -   Min: 0.7667
2025-05-26 19:38:09,086 - INFO -   Max: 743.7101
2025-05-26 19:38:09,086 - INFO -   Std: 99.8693
2025-05-26 19:38:09,086 - INFO - OC Distribution Statistics:
2025-05-26 19:38:09,086 - INFO -   Validation Mean: 16.4977
2025-05-26 19:38:09,086 - INFO -   Validation Std: 7.8240
2025-05-26 19:38:09,086 - INFO -   Training Mean: 23.1974
2025-05-26 19:38:09,086 - INFO -   Training Std: 20.4582
2025-05-26 19:38:09,086 - INFO - Kolmogorov-Smirnov Test:
2025-05-26 19:38:09,086 - INFO -   KS Statistic: 0.2273
2025-05-26 19:38:09,086 - INFO -   P-value: 0.0000
2025-05-26 19:38:09,086 - INFO - Distribution Fit: Inverse Gamma
2025-05-26 19:38:09,086 - INFO - Distribution Parameters: {'a': 3.5093212085018015, 'loc': -0.2207140712018134, 'scale': 55.73445932737795}
2025-05-26 19:38:12,419 - INFO - Validation and Training Set Split Statistics
2025-05-26 19:38:12,419 - INFO - Timestamp: 2025-05-26 19:38:12
2025-05-26 19:38:12,420 - INFO - Validation set size: 1396 (8.45%)
2025-05-26 19:38:12,420 - INFO - Training set size: 15118 (91.55%)
2025-05-26 19:38:12,420 - INFO - Minimum Distance Statistics (km):
2025-05-26 19:38:12,420 - INFO -   Mean: 74.0379
2025-05-26 19:38:12,420 - INFO -   Median: 4.7665
2025-05-26 19:38:12,420 - INFO -   Min: 0.9954
2025-05-26 19:38:12,420 - INFO -   Max: 706.9584
2025-05-26 19:38:12,420 - INFO -   Std: 119.0346
2025-05-26 19:38:12,420 - INFO - OC Distribution Statistics:
2025-05-26 19:38:12,420 - INFO -   Validation Mean: 17.0052
2025-05-26 19:38:12,420 - INFO -   Validation Std: 9.3524
2025-05-26 19:38:12,420 - INFO -   Training Mean: 23.0367
2025-05-26 19:38:12,420 - INFO -   Training Std: 20.2825
2025-05-26 19:38:12,420 - INFO - Kolmogorov-Smirnov Test:
2025-05-26 19:38:12,420 - INFO -   KS Statistic: 0.1990
2025-05-26 19:38:12,420 - INFO -   P-value: 0.0000
2025-05-26 19:38:12,420 - INFO - Distribution Fit: Inverse Gamma
2025-05-26 19:38:12,420 - INFO - Distribution Parameters: {'a': 3.5093212085018015, 'loc': -0.2207140712018134, 'scale': 55.73445932737795}
2025-05-26 19:38:13,637 - INFO - Validation and Training Set Split Statistics
2025-05-26 19:38:13,637 - INFO - Timestamp: 2025-05-26 19:38:13
2025-05-26 19:38:13,637 - INFO - Validation set size: 1679 (10.17%)
2025-05-26 19:38:13,637 - INFO - Training set size: 14835 (89.83%)
2025-05-26 19:38:13,637 - INFO - Minimum Distance Statistics (km):
2025-05-26 19:38:13,637 - INFO -   Mean: 65.9260
2025-05-26 19:38:13,637 - INFO - Validation and Training Set Split Statistics
2025-05-26 19:38:13,637 - INFO -   Median: 4.2460
2025-05-26 19:38:13,637 - INFO -   Min: 0.6067
2025-05-26 19:38:13,637 - INFO - Timestamp: 2025-05-26 19:38:13
2025-05-26 19:38:13,637 - INFO -   Max: 824.9624
2025-05-26 19:38:13,637 - INFO -   Std: 114.4914
2025-05-26 19:38:13,637 - INFO - Validation set size: 1377 (8.34%)
2025-05-26 19:38:13,637 - INFO - OC Distribution Statistics:
2025-05-26 19:38:13,637 - INFO - Training set size: 15137 (91.66%)
2025-05-26 19:38:13,637 - INFO -   Validation Mean: 16.1942
2025-05-26 19:38:13,637 - INFO - Minimum Distance Statistics (km):
2025-05-26 19:38:13,637 - INFO -   Validation Std: 7.1386
2025-05-26 19:38:13,637 - INFO -   Mean: 68.2822
2025-05-26 19:38:13,637 - INFO -   Training Mean: 23.2435
2025-05-26 19:38:13,637 - INFO -   Median: 4.2447
2025-05-26 19:38:13,637 - INFO -   Training Std: 20.4884
2025-05-26 19:38:13,637 - INFO -   Min: 1.0596
2025-05-26 19:38:13,637 - INFO - Kolmogorov-Smirnov Test:
2025-05-26 19:38:13,637 - INFO -   Max: 655.9249
2025-05-26 19:38:13,637 - INFO -   KS Statistic: 0.2335
2025-05-26 19:38:13,637 - INFO -   Std: 110.1340
2025-05-26 19:38:13,637 - INFO -   P-value: 0.0000
2025-05-26 19:38:13,637 - INFO - OC Distribution Statistics:
2025-05-26 19:38:13,637 - INFO - Distribution Fit: Inverse Gamma
2025-05-26 19:38:13,638 - INFO -   Validation Mean: 16.7096
2025-05-26 19:38:13,638 - INFO - Distribution Parameters: {'a': 3.5093212085018015, 'loc': -0.2207140712018134, 'scale': 55.73445932737795}
2025-05-26 19:38:13,638 - INFO -   Validation Std: 8.0178
2025-05-26 19:38:13,638 - INFO -   Training Mean: 23.0560
2025-05-26 19:38:13,638 - INFO -   Training Std: 20.3174
2025-05-26 19:38:13,638 - INFO - Kolmogorov-Smirnov Test:
2025-05-26 19:38:13,638 - INFO -   KS Statistic: 0.2004
2025-05-26 19:38:13,638 - INFO -   P-value: 0.0000
2025-05-26 19:38:13,638 - INFO - Distribution Fit: Inverse Gamma
2025-05-26 19:38:13,638 - INFO - Distribution Parameters: {'a': 3.5093212085018015, 'loc': -0.2207140712018134, 'scale': 55.73445932737795}
2025-05-26 19:38:14,403 - INFO - Validation and Training Set Split Statistics
2025-05-26 19:38:14,403 - INFO - Timestamp: 2025-05-26 19:38:14
2025-05-26 19:38:14,403 - INFO - Validation set size: 1329 (8.05%)
2025-05-26 19:38:14,403 - INFO - Training set size: 15185 (91.95%)
2025-05-26 19:38:14,403 - INFO - Minimum Distance Statistics (km):
2025-05-26 19:38:14,403 - INFO -   Mean: 71.3268
2025-05-26 19:38:14,403 - INFO -   Median: 4.4778
2025-05-26 19:38:14,403 - INFO -   Min: 1.2065
2025-05-26 19:38:14,403 - INFO -   Max: 743.7101
2025-05-26 19:38:14,403 - INFO -   Std: 112.3790
2025-05-26 19:38:14,404 - INFO - OC Distribution Statistics:
2025-05-26 19:38:14,404 - INFO -   Validation Mean: 17.0746
2025-05-26 19:38:14,404 - INFO -   Validation Std: 7.9031
2025-05-26 19:38:14,404 - INFO -   Training Mean: 23.0040
2025-05-26 19:38:14,404 - INFO -   Training Std: 20.3070
2025-05-26 19:38:14,404 - INFO - Kolmogorov-Smirnov Test:
2025-05-26 19:38:14,404 - INFO -   KS Statistic: 0.1820
2025-05-26 19:38:14,404 - INFO -   P-value: 0.0000
2025-05-26 19:38:14,404 - INFO - Distribution Fit: Inverse Gamma
2025-05-26 19:38:14,404 - INFO - Distribution Parameters: {'a': 3.5093212085018015, 'loc': -0.2207140712018134, 'scale': 55.73445932737795}
2025-05-26 19:38:14,824 - INFO - Validation and Training Set Split Statistics
2025-05-26 19:38:14,824 - INFO - Timestamp: 2025-05-26 19:38:14
2025-05-26 19:38:14,824 - INFO - Validation set size: 1527 (9.25%)
2025-05-26 19:38:14,824 - INFO - Training set size: 14987 (90.75%)
2025-05-26 19:38:14,824 - INFO - Minimum Distance Statistics (km):
2025-05-26 19:38:14,824 - INFO -   Mean: 64.4326
2025-05-26 19:38:14,824 - INFO -   Median: 4.0944
2025-05-26 19:38:14,824 - INFO -   Min: 0.4760
2025-05-26 19:38:14,824 - INFO -   Max: 1063.3892
2025-05-26 19:38:14,824 - INFO -   Std: 110.2724
2025-05-26 19:38:14,824 - INFO - OC Distribution Statistics:
2025-05-26 19:38:14,824 - INFO -   Validation Mean: 16.6170
2025-05-26 19:38:14,824 - INFO -   Validation Std: 8.1773
2025-05-26 19:38:14,824 - INFO -   Training Mean: 23.1289
2025-05-26 19:38:14,824 - INFO -   Training Std: 20.3836
2025-05-26 19:38:14,824 - INFO - Kolmogorov-Smirnov Test:
2025-05-26 19:38:14,825 - INFO -   KS Statistic: 0.2161
2025-05-26 19:38:14,825 - INFO -   P-value: 0.0000
2025-05-26 19:38:14,825 - INFO - Distribution Fit: Inverse Gamma
2025-05-26 19:38:14,825 - INFO - Distribution Parameters: {'a': 3.5093212085018015, 'loc': -0.2207140712018134, 'scale': 55.73445932737795}
2025-05-26 19:38:15,487 - INFO - Validation and Training Set Split Statistics
2025-05-26 19:38:15,488 - INFO - Timestamp: 2025-05-26 19:38:15
2025-05-26 19:38:15,488 - INFO - Validation set size: 1373 (8.31%)
2025-05-26 19:38:15,488 - INFO - Training set size: 15141 (91.69%)
2025-05-26 19:38:15,488 - INFO - Minimum Distance Statistics (km):
2025-05-26 19:38:15,488 - INFO -   Mean: 72.4537
2025-05-26 19:38:15,488 - INFO -   Median: 5.2919
2025-05-26 19:38:15,488 - INFO -   Min: 1.2065
2025-05-26 19:38:15,488 - INFO -   Max: 716.7388
2025-05-26 19:38:15,488 - INFO -   Std: 114.0439
2025-05-26 19:38:15,488 - INFO - OC Distribution Statistics:
2025-05-26 19:38:15,488 - INFO -   Validation Mean: 16.5122
2025-05-26 19:38:15,488 - INFO -   Validation Std: 8.2816
2025-05-26 19:38:15,488 - INFO -   Training Mean: 23.0722
2025-05-26 19:38:15,488 - INFO -   Training Std: 20.3001
2025-05-26 19:38:15,488 - INFO - Kolmogorov-Smirnov Test:
2025-05-26 19:38:15,488 - INFO -   KS Statistic: 0.2283
2025-05-26 19:38:15,488 - INFO -   P-value: 0.0000
2025-05-26 19:38:15,488 - INFO - Distribution Fit: Inverse Gamma
2025-05-26 19:38:15,488 - INFO - Distribution Parameters: {'a': 3.5093212085018015, 'loc': -0.2207140712018134, 'scale': 55.73445932737795}
2025-05-26 21:29:44,892 - INFO - Validation and Training Set Split Statistics
2025-05-26 21:29:44,892 - INFO - Timestamp: 2025-05-26 21:29:44
2025-05-26 21:29:44,892 - INFO - Validation set size: 1645 (9.96%)
2025-05-26 21:29:44,892 - INFO - Training set size: 14869 (90.04%)
2025-05-26 21:29:44,892 - INFO - Minimum Distance Statistics (km):
2025-05-26 21:29:44,892 - INFO -   Mean: 57.7480
2025-05-26 21:29:44,892 - INFO -   Median: 4.3689
2025-05-26 21:29:44,892 - INFO -   Min: 0.6067
2025-05-26 21:29:44,892 - INFO -   Max: 743.7101
2025-05-26 21:29:44,892 - INFO -   Std: 105.0027
2025-05-26 21:29:44,892 - INFO - OC Distribution Statistics:
2025-05-26 21:29:44,892 - INFO -   Validation Mean: 16.4818
2025-05-26 21:29:44,892 - INFO -   Validation Std: 7.2746
2025-05-26 21:29:44,892 - INFO -   Training Mean: 23.1956
2025-05-26 21:29:44,892 - INFO -   Training Std: 20.4759
2025-05-26 21:29:44,892 - INFO - Kolmogorov-Smirnov Test:
2025-05-26 21:29:44,892 - INFO -   KS Statistic: 0.2218
2025-05-26 21:29:44,892 - INFO -   P-value: 0.0000
2025-05-26 21:29:44,892 - INFO - Distribution Fit: Inverse Gamma
2025-05-26 21:29:44,892 - INFO - Distribution Parameters: {'a': 3.5093212085018015, 'loc': -0.2207140712018134, 'scale': 55.73445932737795}
2025-05-26 21:29:48,018 - INFO - Validation and Training Set Split Statistics
2025-05-26 21:29:48,018 - INFO - Timestamp: 2025-05-26 21:29:48
2025-05-26 21:29:48,018 - INFO - Validation set size: 1407 (8.52%)
2025-05-26 21:29:48,018 - INFO - Training set size: 15107 (91.48%)
2025-05-26 21:29:48,018 - INFO - Minimum Distance Statistics (km):
2025-05-26 21:29:48,018 - INFO -   Mean: 70.2509
2025-05-26 21:29:48,018 - INFO -   Median: 5.3050
2025-05-26 21:29:48,018 - INFO -   Min: 0.7667
2025-05-26 21:29:48,018 - INFO -   Max: 683.8762
2025-05-26 21:29:48,018 - INFO -   Std: 111.6303
2025-05-26 21:29:48,018 - INFO - OC Distribution Statistics:
2025-05-26 21:29:48,018 - INFO -   Validation Mean: 16.7591
2025-05-26 21:29:48,018 - INFO -   Validation Std: 7.8548
2025-05-26 21:29:48,019 - INFO -   Training Mean: 23.0640
2025-05-26 21:29:48,019 - INFO -   Training Std: 20.3398
2025-05-26 21:29:48,019 - INFO - Kolmogorov-Smirnov Test:
2025-05-26 21:29:48,019 - INFO -   KS Statistic: 0.1983
2025-05-26 21:29:48,019 - INFO -   P-value: 0.0000
2025-05-26 21:29:48,019 - INFO - Distribution Fit: Inverse Gamma
2025-05-26 21:29:48,019 - INFO - Distribution Parameters: {'a': 3.5093212085018015, 'loc': -0.2207140712018134, 'scale': 55.73445932737795}
2025-05-26 21:29:48,894 - INFO - Validation and Training Set Split Statistics
2025-05-26 21:29:48,894 - INFO - Timestamp: 2025-05-26 21:29:48
2025-05-26 21:29:48,894 - INFO - Validation set size: 1408 (8.53%)
2025-05-26 21:29:48,894 - INFO - Training set size: 15106 (91.47%)
2025-05-26 21:29:48,894 - INFO - Minimum Distance Statistics (km):
2025-05-26 21:29:48,894 - INFO -   Mean: 74.4999
2025-05-26 21:29:48,894 - INFO -   Median: 5.7806
2025-05-26 21:29:48,894 - INFO -   Min: 1.0979
2025-05-26 21:29:48,894 - INFO -   Max: 862.7749
2025-05-26 21:29:48,894 - INFO -   Std: 128.2281
2025-05-26 21:29:48,894 - INFO - OC Distribution Statistics:
2025-05-26 21:29:48,894 - INFO -   Validation Mean: 16.8009
2025-05-26 21:29:48,894 - INFO -   Validation Std: 8.4748
2025-05-26 21:29:48,894 - INFO -   Training Mean: 23.0605
2025-05-26 21:29:48,894 - INFO -   Training Std: 20.3183
2025-05-26 21:29:48,894 - INFO - Kolmogorov-Smirnov Test:
2025-05-26 21:29:48,894 - INFO -   KS Statistic: 0.1898
2025-05-26 21:29:48,894 - INFO -   P-value: 0.0000
2025-05-26 21:29:48,894 - INFO - Distribution Fit: Inverse Gamma
2025-05-26 21:29:48,894 - INFO - Distribution Parameters: {'a': 3.5093212085018015, 'loc': -0.2207140712018134, 'scale': 55.73445932737795}
2025-05-26 21:29:51,162 - INFO - Validation and Training Set Split Statistics
2025-05-26 21:29:51,162 - INFO - Timestamp: 2025-05-26 21:29:51
2025-05-26 21:29:51,162 - INFO - Validation set size: 1565 (9.48%)
2025-05-26 21:29:51,162 - INFO - Training set size: 14949 (90.52%)
2025-05-26 21:29:51,162 - INFO - Minimum Distance Statistics (km):
2025-05-26 21:29:51,162 - INFO -   Mean: 62.8117
2025-05-26 21:29:51,162 - INFO -   Median: 4.0267
2025-05-26 21:29:51,162 - INFO -   Min: 1.1288
2025-05-26 21:29:51,162 - INFO -   Max: 772.2996
2025-05-26 21:29:51,162 - INFO -   Std: 106.6556
2025-05-26 21:29:51,162 - INFO - OC Distribution Statistics:
2025-05-26 21:29:51,162 - INFO -   Validation Mean: 16.2405
2025-05-26 21:29:51,162 - INFO -   Validation Std: 7.1767
2025-05-26 21:29:51,162 - INFO -   Training Mean: 23.1849
2025-05-26 21:29:51,162 - INFO -   Training Std: 20.4291
2025-05-26 21:29:51,162 - INFO - Kolmogorov-Smirnov Test:
2025-05-26 21:29:51,162 - INFO -   KS Statistic: 0.2309
2025-05-26 21:29:51,162 - INFO -   P-value: 0.0000
2025-05-26 21:29:51,162 - INFO - Distribution Fit: Inverse Gamma
2025-05-26 21:29:51,162 - INFO - Distribution Parameters: {'a': 3.5093212085018015, 'loc': -0.2207140712018134, 'scale': 55.73445932737795}
2025-05-26 21:29:51,170 - INFO - Validation and Training Set Split Statistics
2025-05-26 21:29:51,170 - INFO - Timestamp: 2025-05-26 21:29:51
2025-05-26 21:29:51,170 - INFO - Validation set size: 1439 (8.71%)
2025-05-26 21:29:51,170 - INFO - Training set size: 15075 (91.29%)
2025-05-26 21:29:51,170 - INFO - Minimum Distance Statistics (km):
2025-05-26 21:29:51,170 - INFO -   Mean: 66.5099
2025-05-26 21:29:51,170 - INFO -   Median: 4.3323
2025-05-26 21:29:51,170 - INFO -   Min: 1.0890
2025-05-26 21:29:51,170 - INFO -   Max: 706.9584
2025-05-26 21:29:51,170 - INFO -   Std: 112.7773
2025-05-26 21:29:51,170 - INFO - OC Distribution Statistics:
2025-05-26 21:29:51,170 - INFO -   Validation Mean: 16.4846
2025-05-26 21:29:51,170 - INFO -   Validation Std: 7.6628
2025-05-26 21:29:51,170 - INFO -   Training Mean: 23.1035
2025-05-26 21:29:51,170 - INFO -   Training Std: 20.3547
2025-05-26 21:29:51,171 - INFO - Kolmogorov-Smirnov Test:
2025-05-26 21:29:51,171 - INFO -   KS Statistic: 0.2070
2025-05-26 21:29:51,171 - INFO -   P-value: 0.0000
2025-05-26 21:29:51,171 - INFO - Distribution Fit: Inverse Gamma
2025-05-26 21:29:51,171 - INFO - Distribution Parameters: {'a': 3.5093212085018015, 'loc': -0.2207140712018134, 'scale': 55.73445932737795}
2025-05-26 21:29:51,569 - INFO - Validation and Training Set Split Statistics
2025-05-26 21:29:51,570 - INFO - Timestamp: 2025-05-26 21:29:51
2025-05-26 21:29:51,570 - INFO - Validation set size: 1614 (9.77%)
2025-05-26 21:29:51,570 - INFO - Training set size: 14900 (90.23%)
2025-05-26 21:29:51,570 - INFO - Minimum Distance Statistics (km):
2025-05-26 21:29:51,570 - INFO -   Mean: 68.5367
2025-05-26 21:29:51,570 - INFO -   Median: 4.4045
2025-05-26 21:29:51,570 - INFO -   Min: 0.6724
2025-05-26 21:29:51,570 - INFO -   Max: 743.7101
2025-05-26 21:29:51,570 - INFO -   Std: 115.6364
2025-05-26 21:29:51,570 - INFO - OC Distribution Statistics:
2025-05-26 21:29:51,570 - INFO -   Validation Mean: 16.4783
2025-05-26 21:29:51,570 - INFO -   Validation Std: 7.0538
2025-05-26 21:29:51,570 - INFO -   Training Mean: 23.1820
2025-05-26 21:29:51,570 - INFO -   Training Std: 20.4679
2025-05-26 21:29:51,570 - INFO - Kolmogorov-Smirnov Test:
2025-05-26 21:29:51,570 - INFO -   KS Statistic: 0.2171
2025-05-26 21:29:51,570 - INFO -   P-value: 0.0000
2025-05-26 21:29:51,570 - INFO - Distribution Fit: Inverse Gamma
2025-05-26 21:29:51,570 - INFO - Distribution Parameters: {'a': 3.5093212085018015, 'loc': -0.2207140712018134, 'scale': 55.73445932737795}
2025-05-26 21:29:53,912 - INFO - Validation and Training Set Split Statistics
2025-05-26 21:29:53,912 - INFO - Timestamp: 2025-05-26 21:29:53
2025-05-26 21:29:53,912 - INFO - Validation set size: 1336 (8.09%)
2025-05-26 21:29:53,912 - INFO - Training set size: 15178 (91.91%)
2025-05-26 21:29:53,912 - INFO - Minimum Distance Statistics (km):
2025-05-26 21:29:53,912 - INFO -   Mean: 73.5919
2025-05-26 21:29:53,912 - INFO -   Median: 6.1263
2025-05-26 21:29:53,912 - INFO -   Min: 1.2329
2025-05-26 21:29:53,912 - INFO -   Max: 888.3558
2025-05-26 21:29:53,912 - INFO -   Std: 116.6583
2025-05-26 21:29:53,912 - INFO - OC Distribution Statistics:
2025-05-26 21:29:53,912 - INFO -   Validation Mean: 16.6570
2025-05-26 21:29:53,912 - INFO -   Validation Std: 7.8062
2025-05-26 21:29:53,912 - INFO -   Training Mean: 23.0435
2025-05-26 21:29:53,912 - INFO -   Training Std: 20.3027
2025-05-26 21:29:53,912 - INFO - Kolmogorov-Smirnov Test:
2025-05-26 21:29:53,912 - INFO -   KS Statistic: 0.2090
2025-05-26 21:29:53,912 - INFO -   P-value: 0.0000
2025-05-26 21:29:53,912 - INFO - Distribution Fit: Inverse Gamma
2025-05-26 21:29:53,912 - INFO - Distribution Parameters: {'a': 3.5093212085018015, 'loc': -0.2207140712018134, 'scale': 55.73445932737795}
2025-05-26 21:29:56,742 - INFO - Validation and Training Set Split Statistics
2025-05-26 21:29:56,743 - INFO - Timestamp: 2025-05-26 21:29:56
2025-05-26 21:29:56,743 - INFO - Validation set size: 1390 (8.42%)
2025-05-26 21:29:56,743 - INFO - Training set size: 15124 (91.58%)
2025-05-26 21:29:56,743 - INFO - Minimum Distance Statistics (km):
2025-05-26 21:29:56,743 - INFO -   Mean: 70.2335
2025-05-26 21:29:56,743 - INFO -   Median: 4.6101
2025-05-26 21:29:56,743 - INFO -   Min: 1.2329
2025-05-26 21:29:56,743 - INFO -   Max: 731.3502
2025-05-26 21:29:56,743 - INFO -   Std: 111.9278
2025-05-26 21:29:56,743 - INFO - OC Distribution Statistics:
2025-05-26 21:29:56,743 - INFO -   Validation Mean: 17.0291
2025-05-26 21:29:56,743 - INFO -   Validation Std: 8.5265
2025-05-26 21:29:56,743 - INFO -   Training Mean: 23.0321
2025-05-26 21:29:56,743 - INFO -   Training Std: 20.3138
2025-05-26 21:29:56,743 - INFO - Kolmogorov-Smirnov Test:
2025-05-26 21:29:56,743 - INFO -   KS Statistic: 0.1963
2025-05-26 21:29:56,743 - INFO -   P-value: 0.0000
2025-05-26 21:29:56,743 - INFO - Distribution Fit: Inverse Gamma
2025-05-26 21:29:56,743 - INFO - Distribution Parameters: {'a': 3.5093212085018015, 'loc': -0.2207140712018134, 'scale': 55.73445932737795}
2025-05-26 23:19:29,891 - INFO - Validation and Training Set Split Statistics
2025-05-26 23:19:29,891 - INFO - Timestamp: 2025-05-26 23:19:29
2025-05-26 23:19:29,891 - INFO - Validation set size: 1411 (8.54%)
2025-05-26 23:19:29,891 - INFO - Training set size: 15103 (91.46%)
2025-05-26 23:19:29,891 - INFO - Minimum Distance Statistics (km):
2025-05-26 23:19:29,891 - INFO -   Mean: 68.6929
2025-05-26 23:19:29,891 - INFO -   Median: 4.7210
2025-05-26 23:19:29,891 - INFO -   Min: 0.6724
2025-05-26 23:19:29,891 - INFO -   Max: 888.3558
2025-05-26 23:19:29,891 - INFO -   Std: 118.0386
2025-05-26 23:19:29,891 - INFO - OC Distribution Statistics:
2025-05-26 23:19:29,891 - INFO -   Validation Mean: 16.1452
2025-05-26 23:19:29,891 - INFO -   Validation Std: 7.4535
2025-05-26 23:19:29,891 - INFO -   Training Mean: 23.1230
2025-05-26 23:19:29,891 - INFO -   Training Std: 20.3372
2025-05-26 23:19:29,891 - INFO - Kolmogorov-Smirnov Test:
2025-05-26 23:19:29,891 - INFO -   KS Statistic: 0.2246
2025-05-26 23:19:29,891 - INFO -   P-value: 0.0000
2025-05-26 23:19:29,891 - INFO - Distribution Fit: Inverse Gamma
2025-05-26 23:19:29,891 - INFO - Distribution Parameters: {'a': 3.5093212085018015, 'loc': -0.2207140712018134, 'scale': 55.73445932737795}
2025-05-26 23:19:30,119 - INFO - Validation and Training Set Split Statistics
2025-05-26 23:19:30,119 - INFO - Timestamp: 2025-05-26 23:19:30
2025-05-26 23:19:30,119 - INFO - Validation set size: 1416 (8.57%)
2025-05-26 23:19:30,119 - INFO - Training set size: 15098 (91.43%)
2025-05-26 23:19:30,119 - INFO - Minimum Distance Statistics (km):
2025-05-26 23:19:30,119 - INFO -   Mean: 67.4515
2025-05-26 23:19:30,119 - INFO -   Median: 4.4528
2025-05-26 23:19:30,119 - INFO -   Min: 1.2065
2025-05-26 23:19:30,119 - INFO -   Max: 706.9584
2025-05-26 23:19:30,119 - INFO -   Std: 111.3069
2025-05-26 23:19:30,119 - INFO - OC Distribution Statistics:
2025-05-26 23:19:30,119 - INFO -   Validation Mean: 16.1542
2025-05-26 23:19:30,120 - INFO -   Validation Std: 7.5331
2025-05-26 23:19:30,120 - INFO -   Training Mean: 23.1245
2025-05-26 23:19:30,120 - INFO -   Training Std: 20.3373
2025-05-26 23:19:30,120 - INFO - Kolmogorov-Smirnov Test:
2025-05-26 23:19:30,120 - INFO -   KS Statistic: 0.2466
2025-05-26 23:19:30,120 - INFO -   P-value: 0.0000
2025-05-26 23:19:30,120 - INFO - Distribution Fit: Inverse Gamma
2025-05-26 23:19:30,120 - INFO - Distribution Parameters: {'a': 3.5093212085018015, 'loc': -0.2207140712018134, 'scale': 55.73445932737795}
2025-05-26 23:19:32,887 - INFO - Validation and Training Set Split Statistics
2025-05-26 23:19:32,887 - INFO - Timestamp: 2025-05-26 23:19:32
2025-05-26 23:19:32,887 - INFO - Validation set size: 1577 (9.55%)
2025-05-26 23:19:32,887 - INFO - Training set size: 14937 (90.45%)
2025-05-26 23:19:32,887 - INFO - Minimum Distance Statistics (km):
2025-05-26 23:19:32,887 - INFO -   Mean: 64.1104
2025-05-26 23:19:32,887 - INFO -   Median: 4.4525
2025-05-26 23:19:32,887 - INFO -   Min: 1.2156
2025-05-26 23:19:32,887 - INFO -   Max: 681.9863
2025-05-26 23:19:32,887 - INFO -   Std: 113.5717
2025-05-26 23:19:32,887 - INFO - OC Distribution Statistics:
2025-05-26 23:19:32,887 - INFO -   Validation Mean: 16.6918
2025-05-26 23:19:32,887 - INFO -   Validation Std: 7.6486
2025-05-26 23:19:32,887 - INFO -   Training Mean: 23.1428
2025-05-26 23:19:32,887 - INFO -   Training Std: 20.4329
2025-05-26 23:19:32,887 - INFO - Kolmogorov-Smirnov Test:
2025-05-26 23:19:32,887 - INFO -   KS Statistic: 0.2046
2025-05-26 23:19:32,887 - INFO -   P-value: 0.0000
2025-05-26 23:19:32,887 - INFO - Distribution Fit: Inverse Gamma
2025-05-26 23:19:32,887 - INFO - Distribution Parameters: {'a': 3.5093212085018015, 'loc': -0.2207140712018134, 'scale': 55.73445932737795}
2025-05-26 23:19:34,798 - INFO - Validation and Training Set Split Statistics
2025-05-26 23:19:34,798 - INFO - Timestamp: 2025-05-26 23:19:34
2025-05-26 23:19:34,798 - INFO - Validation set size: 1331 (8.06%)
2025-05-26 23:19:34,798 - INFO - Training set size: 15183 (91.94%)
2025-05-26 23:19:34,798 - INFO - Minimum Distance Statistics (km):
2025-05-26 23:19:34,798 - INFO -   Mean: 74.4160
2025-05-26 23:19:34,798 - INFO -   Median: 4.9388
2025-05-26 23:19:34,798 - INFO -   Min: 1.1342
2025-05-26 23:19:34,798 - INFO -   Max: 875.2369
2025-05-26 23:19:34,798 - INFO -   Std: 127.1676
2025-05-26 23:19:34,799 - INFO - OC Distribution Statistics:
2025-05-26 23:19:34,799 - INFO -   Validation Mean: 16.6290
2025-05-26 23:19:34,799 - INFO -   Validation Std: 7.8299
2025-05-26 23:19:34,799 - INFO -   Training Mean: 23.0438
2025-05-26 23:19:34,799 - INFO -   Training Std: 20.2986
2025-05-26 23:19:34,799 - INFO - Kolmogorov-Smirnov Test:
2025-05-26 23:19:34,799 - INFO -   KS Statistic: 0.2078
2025-05-26 23:19:34,799 - INFO -   P-value: 0.0000
2025-05-26 23:19:34,799 - INFO - Distribution Fit: Inverse Gamma
2025-05-26 23:19:34,799 - INFO - Distribution Parameters: {'a': 3.5093212085018015, 'loc': -0.2207140712018134, 'scale': 55.73445932737795}
2025-05-26 23:19:34,811 - INFO - Validation and Training Set Split Statistics
2025-05-26 23:19:34,811 - INFO - Timestamp: 2025-05-26 23:19:34
2025-05-26 23:19:34,811 - INFO - Validation set size: 1457 (8.82%)
2025-05-26 23:19:34,811 - INFO - Training set size: 15057 (91.18%)
2025-05-26 23:19:34,811 - INFO - Minimum Distance Statistics (km):
2025-05-26 23:19:34,811 - INFO -   Mean: 63.9945
2025-05-26 23:19:34,811 - INFO -   Median: 4.1787
2025-05-26 23:19:34,811 - INFO -   Min: 1.1342
2025-05-26 23:19:34,811 - INFO -   Max: 866.4875
2025-05-26 23:19:34,811 - INFO -   Std: 112.8890
2025-05-26 23:19:34,811 - INFO - OC Distribution Statistics:
2025-05-26 23:19:34,811 - INFO -   Validation Mean: 16.5454
2025-05-26 23:19:34,811 - INFO -   Validation Std: 8.6772
2025-05-26 23:19:34,811 - INFO -   Training Mean: 23.1056
2025-05-26 23:19:34,811 - INFO -   Training Std: 20.3264
2025-05-26 23:19:34,811 - INFO - Kolmogorov-Smirnov Test:
2025-05-26 23:19:34,812 - INFO -   KS Statistic: 0.2190
2025-05-26 23:19:34,812 - INFO -   P-value: 0.0000
2025-05-26 23:19:34,812 - INFO - Distribution Fit: Inverse Gamma
2025-05-26 23:19:34,812 - INFO - Distribution Parameters: {'a': 3.5093212085018015, 'loc': -0.2207140712018134, 'scale': 55.73445932737795}
2025-05-26 23:19:35,653 - INFO - Validation and Training Set Split Statistics
2025-05-26 23:19:35,653 - INFO - Timestamp: 2025-05-26 23:19:35
2025-05-26 23:19:35,653 - INFO - Validation set size: 1386 (8.39%)
2025-05-26 23:19:35,653 - INFO - Training set size: 15128 (91.61%)
2025-05-26 23:19:35,653 - INFO - Minimum Distance Statistics (km):
2025-05-26 23:19:35,654 - INFO -   Mean: 71.4159
2025-05-26 23:19:35,654 - INFO -   Median: 5.2831
2025-05-26 23:19:35,654 - INFO -   Min: 0.9954
2025-05-26 23:19:35,654 - INFO -   Max: 1106.1626
2025-05-26 23:19:35,654 - INFO -   Std: 126.2318
2025-05-26 23:19:35,654 - INFO - OC Distribution Statistics:
2025-05-26 23:19:35,654 - INFO -   Validation Mean: 16.4260
2025-05-26 23:19:35,654 - INFO -   Validation Std: 7.1536
2025-05-26 23:19:35,654 - INFO -   Training Mean: 23.0857
2025-05-26 23:19:35,654 - INFO -   Training Std: 20.3431
2025-05-26 23:19:35,654 - INFO - Kolmogorov-Smirnov Test:
2025-05-26 23:19:35,654 - INFO -   KS Statistic: 0.2060
2025-05-26 23:19:35,654 - INFO -   P-value: 0.0000
2025-05-26 23:19:35,654 - INFO - Distribution Fit: Inverse Gamma
2025-05-26 23:19:35,654 - INFO - Distribution Parameters: {'a': 3.5093212085018015, 'loc': -0.2207140712018134, 'scale': 55.73445932737795}
2025-05-26 23:19:35,700 - INFO - Validation and Training Set Split Statistics
2025-05-26 23:19:35,700 - INFO - Timestamp: 2025-05-26 23:19:35
2025-05-26 23:19:35,700 - INFO - Validation set size: 1418 (8.59%)
2025-05-26 23:19:35,700 - INFO - Training set size: 15096 (91.41%)
2025-05-26 23:19:35,700 - INFO - Minimum Distance Statistics (km):
2025-05-26 23:19:35,700 - INFO -   Mean: 66.7647
2025-05-26 23:19:35,700 - INFO -   Median: 4.7210
2025-05-26 23:19:35,700 - INFO -   Min: 0.2243
2025-05-26 23:19:35,700 - INFO -   Max: 655.9249
2025-05-26 23:19:35,700 - INFO -   Std: 103.6050
2025-05-26 23:19:35,700 - INFO - OC Distribution Statistics:
2025-05-26 23:19:35,700 - INFO -   Validation Mean: 16.3454
2025-05-26 23:19:35,700 - INFO -   Validation Std: 7.1312
2025-05-26 23:19:35,700 - INFO -   Training Mean: 23.1074
2025-05-26 23:19:35,700 - INFO -   Training Std: 20.3579
2025-05-26 23:19:35,700 - INFO - Kolmogorov-Smirnov Test:
2025-05-26 23:19:35,700 - INFO -   KS Statistic: 0.2391
2025-05-26 23:19:35,700 - INFO -   P-value: 0.0000
2025-05-26 23:19:35,700 - INFO - Distribution Fit: Inverse Gamma
2025-05-26 23:19:35,700 - INFO - Distribution Parameters: {'a': 3.5093212085018015, 'loc': -0.2207140712018134, 'scale': 55.73445932737795}
2025-05-26 23:19:44,538 - INFO - Validation and Training Set Split Statistics
2025-05-26 23:19:44,538 - INFO - Timestamp: 2025-05-26 23:19:44
2025-05-26 23:19:44,538 - INFO - Validation set size: 1594 (9.65%)
2025-05-26 23:19:44,538 - INFO - Training set size: 14920 (90.35%)
2025-05-26 23:19:44,538 - INFO - Minimum Distance Statistics (km):
2025-05-26 23:19:44,538 - INFO -   Mean: 61.8524
2025-05-26 23:19:44,538 - INFO -   Median: 4.3243
2025-05-26 23:19:44,538 - INFO -   Min: 1.2156
2025-05-26 23:19:44,538 - INFO -   Max: 751.3159
2025-05-26 23:19:44,538 - INFO -   Std: 106.4782
2025-05-26 23:19:44,538 - INFO - OC Distribution Statistics:
2025-05-26 23:19:44,538 - INFO -   Validation Mean: 16.7240
2025-05-26 23:19:44,538 - INFO -   Validation Std: 8.2828
2025-05-26 23:19:44,538 - INFO -   Training Mean: 23.1467
2025-05-26 23:19:44,538 - INFO -   Training Std: 20.4164
2025-05-26 23:19:44,538 - INFO - Kolmogorov-Smirnov Test:
2025-05-26 23:19:44,538 - INFO -   KS Statistic: 0.2196
2025-05-26 23:19:44,538 - INFO -   P-value: 0.0000
2025-05-26 23:19:44,538 - INFO - Distribution Fit: Inverse Gamma
2025-05-26 23:19:44,538 - INFO - Distribution Parameters: {'a': 3.5093212085018015, 'loc': -0.2207140712018134, 'scale': 55.73445932737795}
2025-05-27 01:09:46,722 - INFO - Validation and Training Set Split Statistics
2025-05-27 01:09:46,723 - INFO - Timestamp: 2025-05-27 01:09:46
2025-05-27 01:09:46,723 - INFO - Validation set size: 1444 (8.74%)
2025-05-27 01:09:46,723 - INFO - Training set size: 15070 (91.26%)
2025-05-27 01:09:46,723 - INFO - Minimum Distance Statistics (km):
2025-05-27 01:09:46,723 - INFO -   Mean: 56.8506
2025-05-27 01:09:46,723 - INFO -   Median: 4.6353
2025-05-27 01:09:46,723 - INFO -   Min: 0.2243
2025-05-27 01:09:46,723 - INFO -   Max: 716.7632
2025-05-27 01:09:46,723 - INFO -   Std: 94.1490
2025-05-27 01:09:46,723 - INFO - OC Distribution Statistics:
2025-05-27 01:09:46,723 - INFO -   Validation Mean: 16.7403
2025-05-27 01:09:46,723 - INFO -   Validation Std: 8.1907
2025-05-27 01:09:46,723 - INFO -   Training Mean: 23.0812
2025-05-27 01:09:46,723 - INFO -   Training Std: 20.3454
2025-05-27 01:09:46,723 - INFO - Kolmogorov-Smirnov Test:
2025-05-27 01:09:46,723 - INFO -   KS Statistic: 0.1967
2025-05-27 01:09:46,723 - INFO -   P-value: 0.0000
2025-05-27 01:09:46,723 - INFO - Distribution Fit: Inverse Gamma
2025-05-27 01:09:46,723 - INFO - Distribution Parameters: {'a': 3.5093212085018015, 'loc': -0.2207140712018134, 'scale': 55.73445932737795}
2025-05-27 01:09:48,810 - INFO - Validation and Training Set Split Statistics
2025-05-27 01:09:48,810 - INFO - Timestamp: 2025-05-27 01:09:48
2025-05-27 01:09:48,810 - INFO - Validation set size: 1383 (8.37%)
2025-05-27 01:09:48,810 - INFO - Training set size: 15131 (91.63%)
2025-05-27 01:09:48,810 - INFO - Minimum Distance Statistics (km):
2025-05-27 01:09:48,810 - INFO -   Mean: 66.2404
2025-05-27 01:09:48,810 - INFO -   Median: 4.8053
2025-05-27 01:09:48,810 - INFO -   Min: 1.2156
2025-05-27 01:09:48,810 - INFO -   Max: 702.5656
2025-05-27 01:09:48,810 - INFO -   Std: 114.5279
2025-05-27 01:09:48,810 - INFO - OC Distribution Statistics:
2025-05-27 01:09:48,810 - INFO -   Validation Mean: 16.1281
2025-05-27 01:09:48,810 - INFO -   Validation Std: 7.5727
2025-05-27 01:09:48,810 - INFO -   Training Mean: 23.1116
2025-05-27 01:09:48,810 - INFO -   Training Std: 20.3186
2025-05-27 01:09:48,810 - INFO - Kolmogorov-Smirnov Test:
2025-05-27 01:09:48,810 - INFO -   KS Statistic: 0.2465
2025-05-27 01:09:48,810 - INFO -   P-value: 0.0000
2025-05-27 01:09:48,810 - INFO - Distribution Fit: Inverse Gamma
2025-05-27 01:09:48,810 - INFO - Distribution Parameters: {'a': 3.5093212085018015, 'loc': -0.2207140712018134, 'scale': 55.73445932737795}
2025-05-27 01:09:49,937 - INFO - Validation and Training Set Split Statistics
2025-05-27 01:09:49,937 - INFO - Timestamp: 2025-05-27 01:09:49
2025-05-27 01:09:49,937 - INFO - Validation set size: 1450 (8.78%)
2025-05-27 01:09:49,938 - INFO - Training set size: 15064 (91.22%)
2025-05-27 01:09:49,938 - INFO - Minimum Distance Statistics (km):
2025-05-27 01:09:49,938 - INFO -   Mean: 68.3477
2025-05-27 01:09:49,938 - INFO -   Median: 4.5760
2025-05-27 01:09:49,938 - INFO -   Min: 1.2596
2025-05-27 01:09:49,938 - INFO -   Max: 862.7749
2025-05-27 01:09:49,938 - INFO -   Std: 118.6666
2025-05-27 01:09:49,938 - INFO - OC Distribution Statistics:
2025-05-27 01:09:49,938 - INFO -   Validation Mean: 16.2106
2025-05-27 01:09:49,938 - INFO -   Validation Std: 7.7224
2025-05-27 01:09:49,938 - INFO -   Training Mean: 23.1348
2025-05-27 01:09:49,938 - INFO -   Training Std: 20.3494
2025-05-27 01:09:49,938 - INFO - Kolmogorov-Smirnov Test:
2025-05-27 01:09:49,938 - INFO -   KS Statistic: 0.2448
2025-05-27 01:09:49,938 - INFO -   P-value: 0.0000
2025-05-27 01:09:49,938 - INFO - Distribution Fit: Inverse Gamma
2025-05-27 01:09:49,938 - INFO - Distribution Parameters: {'a': 3.5093212085018015, 'loc': -0.2207140712018134, 'scale': 55.73445932737795}
2025-05-27 01:09:50,009 - INFO - Validation and Training Set Split Statistics
2025-05-27 01:09:50,010 - INFO - Timestamp: 2025-05-27 01:09:50
2025-05-27 01:09:50,010 - INFO - Validation set size: 1333 (8.07%)
2025-05-27 01:09:50,010 - INFO - Training set size: 15181 (91.93%)
2025-05-27 01:09:50,010 - INFO - Minimum Distance Statistics (km):
2025-05-27 01:09:50,010 - INFO -   Mean: 67.4934
2025-05-27 01:09:50,010 - INFO -   Median: 4.4155
2025-05-27 01:09:50,010 - INFO -   Min: 0.7102
2025-05-27 01:09:50,010 - INFO -   Max: 705.4078
2025-05-27 01:09:50,010 - INFO -   Std: 111.6221
2025-05-27 01:09:50,010 - INFO - OC Distribution Statistics:
2025-05-27 01:09:50,010 - INFO -   Validation Mean: 16.0418
2025-05-27 01:09:50,010 - INFO -   Validation Std: 6.7919
2025-05-27 01:09:50,010 - INFO -   Training Mean: 23.0962
2025-05-27 01:09:50,010 - INFO -   Training Std: 20.3153
2025-05-27 01:09:50,010 - INFO - Kolmogorov-Smirnov Test:
2025-05-27 01:09:50,010 - INFO -   KS Statistic: 0.2476
2025-05-27 01:09:50,010 - INFO -   P-value: 0.0000
2025-05-27 01:09:50,010 - INFO - Distribution Fit: Inverse Gamma
2025-05-27 01:09:50,010 - INFO - Distribution Parameters: {'a': 3.5093212085018015, 'loc': -0.2207140712018134, 'scale': 55.73445932737795}
2025-05-27 01:09:50,286 - INFO - Validation and Training Set Split Statistics
2025-05-27 01:09:50,286 - INFO - Timestamp: 2025-05-27 01:09:50
2025-05-27 01:09:50,286 - INFO - Validation set size: 1353 (8.19%)
2025-05-27 01:09:50,286 - INFO - Training set size: 15161 (91.81%)
2025-05-27 01:09:50,286 - INFO - Minimum Distance Statistics (km):
2025-05-27 01:09:50,286 - INFO -   Mean: 75.0128
2025-05-27 01:09:50,286 - INFO -   Median: 5.3420
2025-05-27 01:09:50,286 - INFO -   Min: 1.2156
2025-05-27 01:09:50,286 - INFO -   Max: 917.1429
2025-05-27 01:09:50,286 - INFO -   Std: 123.9576
2025-05-27 01:09:50,286 - INFO - OC Distribution Statistics:
2025-05-27 01:09:50,286 - INFO -   Validation Mean: 16.7272
2025-05-27 01:09:50,286 - INFO -   Validation Std: 7.6285
2025-05-27 01:09:50,286 - INFO -   Training Mean: 23.0444
2025-05-27 01:09:50,286 - INFO -   Training Std: 20.3192
2025-05-27 01:09:50,286 - INFO - Kolmogorov-Smirnov Test:
2025-05-27 01:09:50,286 - INFO -   KS Statistic: 0.2035
2025-05-27 01:09:50,286 - INFO -   P-value: 0.0000
2025-05-27 01:09:50,286 - INFO - Distribution Fit: Inverse Gamma
2025-05-27 01:09:50,286 - INFO - Distribution Parameters: {'a': 3.5093212085018015, 'loc': -0.2207140712018134, 'scale': 55.73445932737795}
2025-05-27 01:09:51,650 - INFO - Validation and Training Set Split Statistics
2025-05-27 01:09:51,650 - INFO - Timestamp: 2025-05-27 01:09:51
2025-05-27 01:09:51,650 - INFO - Validation set size: 1431 (8.67%)
2025-05-27 01:09:51,650 - INFO - Training set size: 15083 (91.33%)
2025-05-27 01:09:51,650 - INFO - Minimum Distance Statistics (km):
2025-05-27 01:09:51,650 - INFO -   Mean: 62.2842
2025-05-27 01:09:51,650 - INFO -   Median: 4.0511
2025-05-27 01:09:51,650 - INFO -   Min: 0.8394
2025-05-27 01:09:51,650 - INFO -   Max: 743.7101
2025-05-27 01:09:51,651 - INFO -   Std: 104.2077
2025-05-27 01:09:51,651 - INFO - OC Distribution Statistics:
2025-05-27 01:09:51,651 - INFO -   Validation Mean: 16.3944
2025-05-27 01:09:51,651 - INFO -   Validation Std: 7.8277
2025-05-27 01:09:51,651 - INFO -   Training Mean: 23.1086
2025-05-27 01:09:51,651 - INFO -   Training Std: 20.3419
2025-05-27 01:09:51,651 - INFO - Kolmogorov-Smirnov Test:
2025-05-27 01:09:51,651 - INFO -   KS Statistic: 0.2157
2025-05-27 01:09:51,651 - INFO -   P-value: 0.0000
2025-05-27 01:09:51,651 - INFO - Distribution Fit: Inverse Gamma
2025-05-27 01:09:51,651 - INFO - Distribution Parameters: {'a': 3.5093212085018015, 'loc': -0.2207140712018134, 'scale': 55.73445932737795}
2025-05-27 01:09:52,365 - INFO - Validation and Training Set Split Statistics
2025-05-27 01:09:52,365 - INFO - Timestamp: 2025-05-27 01:09:52
2025-05-27 01:09:52,365 - INFO - Validation set size: 1621 (9.82%)
2025-05-27 01:09:52,365 - INFO - Training set size: 14893 (90.18%)
2025-05-27 01:09:52,365 - INFO - Minimum Distance Statistics (km):
2025-05-27 01:09:52,365 - INFO -   Mean: 68.8501
2025-05-27 01:09:52,366 - INFO -   Median: 4.6101
2025-05-27 01:09:52,366 - INFO -   Min: 1.2065
2025-05-27 01:09:52,366 - INFO -   Max: 866.4875
2025-05-27 01:09:52,366 - INFO -   Std: 118.9548
2025-05-27 01:09:52,366 - INFO - OC Distribution Statistics:
2025-05-27 01:09:52,366 - INFO -   Validation Mean: 16.5282
2025-05-27 01:09:52,366 - INFO -   Validation Std: 7.5757
2025-05-27 01:09:52,366 - INFO -   Training Mean: 23.1797
2025-05-27 01:09:52,366 - INFO -   Training Std: 20.4530
2025-05-27 01:09:52,366 - INFO - Kolmogorov-Smirnov Test:
2025-05-27 01:09:52,366 - INFO -   KS Statistic: 0.2294
2025-05-27 01:09:52,366 - INFO -   P-value: 0.0000
2025-05-27 01:09:52,366 - INFO - Distribution Fit: Inverse Gamma
2025-05-27 01:09:52,366 - INFO - Distribution Parameters: {'a': 3.5093212085018015, 'loc': -0.2207140712018134, 'scale': 55.73445932737795}
2025-05-27 01:10:02,267 - INFO - Validation and Training Set Split Statistics
2025-05-27 01:10:02,267 - INFO - Timestamp: 2025-05-27 01:10:02
2025-05-27 01:10:02,267 - INFO - Validation set size: 1478 (8.95%)
2025-05-27 01:10:02,267 - INFO - Training set size: 15036 (91.05%)
2025-05-27 01:10:02,267 - INFO - Minimum Distance Statistics (km):
2025-05-27 01:10:02,267 - INFO -   Mean: 61.3255
2025-05-27 01:10:02,267 - INFO -   Median: 4.2131
2025-05-27 01:10:02,267 - INFO -   Min: 1.2065
2025-05-27 01:10:02,267 - INFO -   Max: 706.9584
2025-05-27 01:10:02,267 - INFO -   Std: 101.7335
2025-05-27 01:10:02,267 - INFO - OC Distribution Statistics:
2025-05-27 01:10:02,267 - INFO -   Validation Mean: 16.7892
2025-05-27 01:10:02,267 - INFO -   Validation Std: 9.6389
2025-05-27 01:10:02,267 - INFO -   Training Mean: 23.0908
2025-05-27 01:10:02,267 - INFO -   Training Std: 20.3015
2025-05-27 01:10:02,267 - INFO - Kolmogorov-Smirnov Test:
2025-05-27 01:10:02,267 - INFO -   KS Statistic: 0.2250
2025-05-27 01:10:02,267 - INFO -   P-value: 0.0000
2025-05-27 01:10:02,267 - INFO - Distribution Fit: Inverse Gamma
2025-05-27 01:10:02,267 - INFO - Distribution Parameters: {'a': 3.5093212085018015, 'loc': -0.2207140712018134, 'scale': 55.73445932737795}
