2025-05-26 14:42:03,411 - INFO - Validation and Training Set Split Statistics
2025-05-26 14:42:03,411 - INFO - Timestamp: 2025-05-26 14:42:03
2025-05-26 14:42:03,411 - INFO - Validation set size: 1351 (8.18%)
2025-05-26 14:42:03,411 - INFO - Training set size: 15163 (91.82%)
2025-05-26 14:42:03,411 - INFO - Minimum Distance Statistics (km):
2025-05-26 14:42:03,411 - INFO -   Mean: 78.5989
2025-05-26 14:42:03,411 - INFO -   Median: 4.3143
2025-05-26 14:42:03,411 - INFO -   Min: 1.0979
2025-05-26 14:42:03,411 - INFO -   Max: 835.9450
2025-05-26 14:42:03,411 - INFO -   Std: 131.6965
2025-05-26 14:42:03,411 - INFO - OC Distribution Statistics:
2025-05-26 14:42:03,411 - INFO -   Validation Mean: 16.5961
2025-05-26 14:42:03,411 - INFO -   Validation Std: 8.8025
2025-05-26 14:42:03,411 - INFO -   Training Mean: 23.0552
2025-05-26 14:42:03,411 - INFO -   Training Std: 20.2722
2025-05-26 14:42:03,412 - INFO - Kolmogorov-Smirnov Test:
2025-05-26 14:42:03,412 - INFO -   KS Statistic: 0.1993
2025-05-26 14:42:03,412 - INFO -   P-value: 0.0000
2025-05-26 14:42:03,412 - INFO - Distribution Fit: Inverse Gamma
2025-05-26 14:42:03,412 - INFO - Distribution Parameters: {'a': 3.5093212085018015, 'loc': -0.2207140712018134, 'scale': 55.73445932737795}
2025-05-26 14:42:03,580 - INFO - Validation and Training Set Split Statistics
2025-05-26 14:42:03,580 - INFO - Timestamp: 2025-05-26 14:42:03
2025-05-26 14:42:03,580 - INFO - Validation set size: 1411 (8.54%)
2025-05-26 14:42:03,580 - INFO - Training set size: 15103 (91.46%)
2025-05-26 14:42:03,580 - INFO - Minimum Distance Statistics (km):
2025-05-26 14:42:03,580 - INFO -   Mean: 70.0721
2025-05-26 14:42:03,580 - INFO -   Median: 4.2800
2025-05-26 14:42:03,580 - INFO -   Min: 1.1220
2025-05-26 14:42:03,580 - INFO -   Max: 706.9761
2025-05-26 14:42:03,580 - INFO -   Std: 120.3867
2025-05-26 14:42:03,580 - INFO - OC Distribution Statistics:
2025-05-26 14:42:03,581 - INFO -   Validation Mean: 16.6587
2025-05-26 14:42:03,581 - INFO -   Validation Std: 7.9531
2025-05-26 14:42:03,581 - INFO -   Training Mean: 23.0750
2025-05-26 14:42:03,581 - INFO -   Training Std: 20.3353
2025-05-26 14:42:03,581 - INFO - Kolmogorov-Smirnov Test:
2025-05-26 14:42:03,581 - INFO -   KS Statistic: 0.2288
2025-05-26 14:42:03,581 - INFO -   P-value: 0.0000
2025-05-26 14:42:03,581 - INFO - Distribution Fit: Inverse Gamma
2025-05-26 14:42:03,581 - INFO - Distribution Parameters: {'a': 3.5093212085018015, 'loc': -0.2207140712018134, 'scale': 55.73445932737795}
2025-05-26 14:42:04,973 - INFO - Validation and Training Set Split Statistics
2025-05-26 14:42:04,973 - INFO - Timestamp: 2025-05-26 14:42:04
2025-05-26 14:42:04,973 - INFO - Validation set size: 1321 (8.00%)
2025-05-26 14:42:04,973 - INFO - Training set size: 15193 (92.00%)
2025-05-26 14:42:04,973 - INFO - Minimum Distance Statistics (km):
2025-05-26 14:42:04,973 - INFO -   Mean: 70.6453
2025-05-26 14:42:04,973 - INFO -   Median: 4.8043
2025-05-26 14:42:04,973 - INFO -   Min: 0.6067
2025-05-26 14:42:04,973 - INFO -   Max: 743.7101
2025-05-26 14:42:04,973 - INFO -   Std: 120.1727
2025-05-26 14:42:04,973 - INFO - OC Distribution Statistics:
2025-05-26 14:42:04,973 - INFO -   Validation Mean: 16.7545
2025-05-26 14:42:04,973 - INFO -   Validation Std: 8.4942
2025-05-26 14:42:04,973 - INFO -   Training Mean: 23.0287
2025-05-26 14:42:04,973 - INFO -   Training Std: 20.2737
2025-05-26 14:42:04,973 - INFO - Kolmogorov-Smirnov Test:
2025-05-26 14:42:04,973 - INFO -   KS Statistic: 0.1908
2025-05-26 14:42:04,973 - INFO -   P-value: 0.0000
2025-05-26 14:42:04,973 - INFO - Distribution Fit: Inverse Gamma
2025-05-26 14:42:04,973 - INFO - Distribution Parameters: {'a': 3.5093212085018015, 'loc': -0.2207140712018134, 'scale': 55.73445932737795}
2025-05-26 14:42:07,431 - INFO - Validation and Training Set Split Statistics
2025-05-26 14:42:07,431 - INFO - Timestamp: 2025-05-26 14:42:07
2025-05-26 14:42:07,431 - INFO - Validation set size: 1471 (8.91%)
2025-05-26 14:42:07,431 - INFO - Training set size: 15043 (91.09%)
2025-05-26 14:42:07,431 - INFO - Minimum Distance Statistics (km):
2025-05-26 14:42:07,431 - INFO -   Mean: 66.2987
2025-05-26 14:42:07,431 - INFO -   Median: 4.6795
2025-05-26 14:42:07,431 - INFO -   Min: 0.9954
2025-05-26 14:42:07,431 - INFO -   Max: 743.7101
2025-05-26 14:42:07,432 - INFO -   Std: 111.3427
2025-05-26 14:42:07,432 - INFO - OC Distribution Statistics:
2025-05-26 14:42:07,432 - INFO -   Validation Mean: 16.6154
2025-05-26 14:42:07,432 - INFO -   Validation Std: 7.4578
2025-05-26 14:42:07,432 - INFO -   Training Mean: 23.1048
2025-05-26 14:42:07,432 - INFO -   Training Std: 20.3826
2025-05-26 14:42:07,432 - INFO - Kolmogorov-Smirnov Test:
2025-05-26 14:42:07,432 - INFO -   KS Statistic: 0.2039
2025-05-26 14:42:07,432 - INFO -   P-value: 0.0000
2025-05-26 14:42:07,432 - INFO - Distribution Fit: Inverse Gamma
2025-05-26 14:42:07,432 - INFO - Distribution Parameters: {'a': 3.5093212085018015, 'loc': -0.2207140712018134, 'scale': 55.73445932737795}
2025-05-26 16:07:12,215 - INFO - Validation and Training Set Split Statistics
2025-05-26 16:07:12,215 - INFO - Timestamp: 2025-05-26 16:07:12
2025-05-26 16:07:12,215 - INFO - Validation set size: 1410 (8.54%)
2025-05-26 16:07:12,215 - INFO - Training set size: 15104 (91.46%)
2025-05-26 16:07:12,215 - INFO - Minimum Distance Statistics (km):
2025-05-26 16:07:12,215 - INFO -   Mean: 66.7777
2025-05-26 16:07:12,215 - INFO -   Median: 4.2015
2025-05-26 16:07:12,215 - INFO -   Min: 1.2156
2025-05-26 16:07:12,215 - INFO -   Max: 862.7749
2025-05-26 16:07:12,215 - INFO -   Std: 112.8130
2025-05-26 16:07:12,216 - INFO - OC Distribution Statistics:
2025-05-26 16:07:12,216 - INFO -   Validation Mean: 16.1000
2025-05-26 16:07:12,216 - INFO -   Validation Std: 6.9243
2025-05-26 16:07:12,216 - INFO -   Training Mean: 23.1267
2025-05-26 16:07:12,216 - INFO -   Training Std: 20.3527
2025-05-26 16:07:12,216 - INFO - Kolmogorov-Smirnov Test:
2025-05-26 16:07:12,216 - INFO -   KS Statistic: 0.2386
2025-05-26 16:07:12,216 - INFO -   P-value: 0.0000
2025-05-26 16:07:12,216 - INFO - Distribution Fit: Inverse Gamma
2025-05-26 16:07:12,216 - INFO - Distribution Parameters: {'a': 3.5093212085018015, 'loc': -0.2207140712018134, 'scale': 55.73445932737795}
2025-05-26 16:07:14,133 - INFO - Validation and Training Set Split Statistics
2025-05-26 16:07:14,134 - INFO - Timestamp: 2025-05-26 16:07:14
2025-05-26 16:07:14,134 - INFO - Validation set size: 1402 (8.49%)
2025-05-26 16:07:14,134 - INFO - Training set size: 15112 (91.51%)
2025-05-26 16:07:14,134 - INFO - Minimum Distance Statistics (km):
2025-05-26 16:07:14,134 - INFO -   Mean: 60.7179
2025-05-26 16:07:14,134 - INFO -   Median: 5.2639
2025-05-26 16:07:14,134 - INFO -   Min: 0.6724
2025-05-26 16:07:14,134 - INFO -   Max: 705.4078
2025-05-26 16:07:14,134 - INFO -   Std: 102.2970
2025-05-26 16:07:14,134 - INFO - OC Distribution Statistics:
2025-05-26 16:07:14,134 - INFO -   Validation Mean: 16.1004
2025-05-26 16:07:14,134 - INFO -   Validation Std: 7.4521
2025-05-26 16:07:14,134 - INFO -   Training Mean: 23.1230
2025-05-26 16:07:14,134 - INFO -   Training Std: 20.3313
2025-05-26 16:07:14,134 - INFO - Kolmogorov-Smirnov Test:
2025-05-26 16:07:14,134 - INFO -   KS Statistic: 0.2369
2025-05-26 16:07:14,134 - INFO -   P-value: 0.0000
2025-05-26 16:07:14,134 - INFO - Distribution Fit: Inverse Gamma
2025-05-26 16:07:14,134 - INFO - Distribution Parameters: {'a': 3.5093212085018015, 'loc': -0.2207140712018134, 'scale': 55.73445932737795}
2025-05-26 16:07:14,354 - INFO - Validation and Training Set Split Statistics
2025-05-26 16:07:14,354 - INFO - Timestamp: 2025-05-26 16:07:14
2025-05-26 16:07:14,354 - INFO - Validation set size: 1323 (8.01%)
2025-05-26 16:07:14,354 - INFO - Training set size: 15191 (91.99%)
2025-05-26 16:07:14,354 - INFO - Minimum Distance Statistics (km):
2025-05-26 16:07:14,354 - INFO -   Mean: 66.8850
2025-05-26 16:07:14,354 - INFO -   Median: 4.6101
2025-05-26 16:07:14,354 - INFO -   Min: 0.4760
2025-05-26 16:07:14,354 - INFO -   Max: 862.7749
2025-05-26 16:07:14,354 - INFO -   Std: 112.6008
2025-05-26 16:07:14,354 - INFO - OC Distribution Statistics:
2025-05-26 16:07:14,354 - INFO -   Validation Mean: 16.8873
2025-05-26 16:07:14,354 - INFO -   Validation Std: 9.0122
2025-05-26 16:07:14,354 - INFO -   Training Mean: 23.0179
2025-05-26 16:07:14,354 - INFO -   Training Std: 20.2588
2025-05-26 16:07:14,354 - INFO - Kolmogorov-Smirnov Test:
2025-05-26 16:07:14,354 - INFO -   KS Statistic: 0.2137
2025-05-26 16:07:14,354 - INFO -   P-value: 0.0000
2025-05-26 16:07:14,354 - INFO - Distribution Fit: Inverse Gamma
2025-05-26 16:07:14,354 - INFO - Distribution Parameters: {'a': 3.5093212085018015, 'loc': -0.2207140712018134, 'scale': 55.73445932737795}
2025-05-26 16:07:17,412 - INFO - Validation and Training Set Split Statistics
2025-05-26 16:07:17,412 - INFO - Timestamp: 2025-05-26 16:07:17
2025-05-26 16:07:17,412 - INFO - Validation set size: 1401 (8.48%)
2025-05-26 16:07:17,412 - INFO - Training set size: 15113 (91.52%)
2025-05-26 16:07:17,412 - INFO - Minimum Distance Statistics (km):
2025-05-26 16:07:17,412 - INFO -   Mean: 69.7400
2025-05-26 16:07:17,412 - INFO -   Median: 4.3243
2025-05-26 16:07:17,412 - INFO -   Min: 0.8124
2025-05-26 16:07:17,412 - INFO -   Max: 716.7388
2025-05-26 16:07:17,412 - INFO -   Std: 120.3732
2025-05-26 16:07:17,412 - INFO - OC Distribution Statistics:
2025-05-26 16:07:17,412 - INFO -   Validation Mean: 16.6326
2025-05-26 16:07:17,412 - INFO -   Validation Std: 8.0319
2025-05-26 16:07:17,412 - INFO -   Training Mean: 23.0732
2025-05-26 16:07:17,412 - INFO -   Training Std: 20.3267
2025-05-26 16:07:17,412 - INFO - Kolmogorov-Smirnov Test:
2025-05-26 16:07:17,412 - INFO -   KS Statistic: 0.2078
2025-05-26 16:07:17,412 - INFO -   P-value: 0.0000
2025-05-26 16:07:17,412 - INFO - Distribution Fit: Inverse Gamma
2025-05-26 16:07:17,412 - INFO - Distribution Parameters: {'a': 3.5093212085018015, 'loc': -0.2207140712018134, 'scale': 55.73445932737795}
2025-05-26 17:34:38,509 - INFO - Validation and Training Set Split Statistics
2025-05-26 17:34:38,509 - INFO - Timestamp: 2025-05-26 17:34:38
2025-05-26 17:34:38,509 - INFO - Validation set size: 1476 (8.94%)
2025-05-26 17:34:38,509 - INFO - Training set size: 15038 (91.06%)
2025-05-26 17:34:38,509 - INFO - Minimum Distance Statistics (km):
2025-05-26 17:34:38,509 - INFO -   Mean: 73.4539
2025-05-26 17:34:38,509 - INFO -   Median: 5.8027
2025-05-26 17:34:38,509 - INFO -   Min: 1.2156
2025-05-26 17:34:38,509 - INFO -   Max: 743.7101
2025-05-26 17:34:38,509 - INFO -   Std: 117.7957
2025-05-26 17:34:38,509 - INFO - OC Distribution Statistics:
2025-05-26 17:34:38,509 - INFO -   Validation Mean: 16.6281
2025-05-26 17:34:38,509 - INFO -   Validation Std: 8.0856
2025-05-26 17:34:38,509 - INFO -   Training Mean: 23.1057
2025-05-26 17:34:38,509 - INFO -   Training Std: 20.3621
2025-05-26 17:34:38,509 - INFO - Kolmogorov-Smirnov Test:
2025-05-26 17:34:38,509 - INFO -   KS Statistic: 0.2165
2025-05-26 17:34:38,509 - INFO -   P-value: 0.0000
2025-05-26 17:34:38,509 - INFO - Distribution Fit: Inverse Gamma
2025-05-26 17:34:38,509 - INFO - Distribution Parameters: {'a': 3.5093212085018015, 'loc': -0.2207140712018134, 'scale': 55.73445932737795}
2025-05-26 17:34:42,122 - INFO - Validation and Training Set Split Statistics
2025-05-26 17:34:42,122 - INFO - Timestamp: 2025-05-26 17:34:42
2025-05-26 17:34:42,122 - INFO - Validation set size: 1681 (10.18%)
2025-05-26 17:34:42,122 - INFO - Training set size: 14833 (89.82%)
2025-05-26 17:34:42,122 - INFO - Minimum Distance Statistics (km):
2025-05-26 17:34:42,122 - INFO -   Mean: 72.4825
2025-05-26 17:34:42,122 - INFO -   Median: 3.9398
2025-05-26 17:34:42,122 - INFO -   Min: 0.3437
2025-05-26 17:34:42,122 - INFO -   Max: 888.3558
2025-05-26 17:34:42,122 - INFO -   Std: 126.5314
2025-05-26 17:34:42,122 - INFO - OC Distribution Statistics:
2025-05-26 17:34:42,122 - INFO -   Validation Mean: 16.4760
2025-05-26 17:34:42,122 - INFO -   Validation Std: 7.9696
2025-05-26 17:34:42,122 - INFO -   Training Mean: 23.2125
2025-05-26 17:34:42,122 - INFO -   Training Std: 20.4654
2025-05-26 17:34:42,122 - INFO - Kolmogorov-Smirnov Test:
2025-05-26 17:34:42,122 - INFO -   KS Statistic: 0.2212
2025-05-26 17:34:42,122 - INFO -   P-value: 0.0000
2025-05-26 17:34:42,122 - INFO - Distribution Fit: Inverse Gamma
2025-05-26 17:34:42,122 - INFO - Distribution Parameters: {'a': 3.5093212085018015, 'loc': -0.2207140712018134, 'scale': 55.73445932737795}
2025-05-26 17:34:42,558 - INFO - Validation and Training Set Split Statistics
2025-05-26 17:34:42,558 - INFO - Timestamp: 2025-05-26 17:34:42
2025-05-26 17:34:42,558 - INFO - Validation set size: 1533 (9.28%)
2025-05-26 17:34:42,558 - INFO - Training set size: 14981 (90.72%)
2025-05-26 17:34:42,558 - INFO - Minimum Distance Statistics (km):
2025-05-26 17:34:42,558 - INFO -   Mean: 67.8159
2025-05-26 17:34:42,558 - INFO -   Median: 4.7731
2025-05-26 17:34:42,558 - INFO -   Min: 1.2065
2025-05-26 17:34:42,558 - INFO -   Max: 870.7197
2025-05-26 17:34:42,558 - INFO -   Std: 112.1970
2025-05-26 17:34:42,558 - INFO - OC Distribution Statistics:
2025-05-26 17:34:42,558 - INFO -   Validation Mean: 16.5269
2025-05-26 17:34:42,558 - INFO -   Validation Std: 8.4213
2025-05-26 17:34:42,558 - INFO -   Training Mean: 23.1408
2025-05-26 17:34:42,558 - INFO -   Training Std: 20.3735
2025-05-26 17:34:42,558 - INFO - Kolmogorov-Smirnov Test:
2025-05-26 17:34:42,558 - INFO -   KS Statistic: 0.2395
2025-05-26 17:34:42,558 - INFO -   P-value: 0.0000
2025-05-26 17:34:42,558 - INFO - Distribution Fit: Inverse Gamma
2025-05-26 17:34:42,558 - INFO - Distribution Parameters: {'a': 3.5093212085018015, 'loc': -0.2207140712018134, 'scale': 55.73445932737795}
2025-05-26 17:34:45,501 - INFO - Validation and Training Set Split Statistics
2025-05-26 17:34:45,502 - INFO - Timestamp: 2025-05-26 17:34:45
2025-05-26 17:34:45,502 - INFO - Validation set size: 1353 (8.19%)
2025-05-26 17:34:45,502 - INFO - Training set size: 15161 (91.81%)
2025-05-26 17:34:45,502 - INFO - Minimum Distance Statistics (km):
2025-05-26 17:34:45,502 - INFO -   Mean: 69.1401
2025-05-26 17:34:45,502 - INFO -   Median: 5.5898
2025-05-26 17:34:45,502 - INFO -   Min: 1.2497
2025-05-26 17:34:45,502 - INFO -   Max: 888.3558
2025-05-26 17:34:45,502 - INFO -   Std: 117.3233
2025-05-26 17:34:45,502 - INFO - OC Distribution Statistics:
2025-05-26 17:34:45,502 - INFO -   Validation Mean: 16.4538
2025-05-26 17:34:45,502 - INFO -   Validation Std: 7.7481
2025-05-26 17:34:45,502 - INFO -   Training Mean: 23.0688
2025-05-26 17:34:45,502 - INFO -   Training Std: 20.3074
2025-05-26 17:34:45,502 - INFO - Kolmogorov-Smirnov Test:
2025-05-26 17:34:45,502 - INFO -   KS Statistic: 0.1940
2025-05-26 17:34:45,502 - INFO -   P-value: 0.0000
2025-05-26 17:34:45,502 - INFO - Distribution Fit: Inverse Gamma
2025-05-26 17:34:45,502 - INFO - Distribution Parameters: {'a': 3.5093212085018015, 'loc': -0.2207140712018134, 'scale': 55.73445932737795}
2025-05-26 19:02:06,913 - INFO - Validation and Training Set Split Statistics
2025-05-26 19:02:06,913 - INFO - Timestamp: 2025-05-26 19:02:06
2025-05-26 19:02:06,913 - INFO - Validation set size: 1393 (8.44%)
2025-05-26 19:02:06,913 - INFO - Training set size: 15121 (91.56%)
2025-05-26 19:02:06,913 - INFO - Minimum Distance Statistics (km):
2025-05-26 19:02:06,913 - INFO -   Mean: 65.5202
2025-05-26 19:02:06,913 - INFO -   Median: 4.2696
2025-05-26 19:02:06,913 - INFO -   Min: 1.2412
2025-05-26 19:02:06,913 - INFO -   Max: 706.9584
2025-05-26 19:02:06,913 - INFO -   Std: 108.7685
2025-05-26 19:02:06,913 - INFO - OC Distribution Statistics:
2025-05-26 19:02:06,913 - INFO -   Validation Mean: 16.1989
2025-05-26 19:02:06,913 - INFO -   Validation Std: 6.9199
2025-05-26 19:02:06,913 - INFO -   Training Mean: 23.1097
2025-05-26 19:02:06,913 - INFO -   Training Std: 20.3472
2025-05-26 19:02:06,913 - INFO - Kolmogorov-Smirnov Test:
2025-05-26 19:02:06,913 - INFO -   KS Statistic: 0.2229
2025-05-26 19:02:06,913 - INFO -   P-value: 0.0000
2025-05-26 19:02:06,913 - INFO - Distribution Fit: Inverse Gamma
2025-05-26 19:02:06,913 - INFO - Distribution Parameters: {'a': 3.5093212085018015, 'loc': -0.2207140712018134, 'scale': 55.73445932737795}
2025-05-26 19:02:08,505 - INFO - Validation and Training Set Split Statistics
2025-05-26 19:02:08,506 - INFO - Timestamp: 2025-05-26 19:02:08
2025-05-26 19:02:08,506 - INFO - Validation set size: 1572 (9.52%)
2025-05-26 19:02:08,506 - INFO - Training set size: 14942 (90.48%)
2025-05-26 19:02:08,506 - INFO - Minimum Distance Statistics (km):
2025-05-26 19:02:08,506 - INFO -   Mean: 65.5989
2025-05-26 19:02:08,506 - INFO -   Median: 4.0399
2025-05-26 19:02:08,506 - INFO -   Min: 0.6067
2025-05-26 19:02:08,506 - INFO -   Max: 888.3558
2025-05-26 19:02:08,506 - INFO -   Std: 119.6107
2025-05-26 19:02:08,506 - INFO - OC Distribution Statistics:
2025-05-26 19:02:08,506 - INFO -   Validation Mean: 16.2693
2025-05-26 19:02:08,506 - INFO -   Validation Std: 7.5860
2025-05-26 19:02:08,506 - INFO -   Training Mean: 23.1851
2025-05-26 19:02:08,506 - INFO -   Training Std: 20.4182
2025-05-26 19:02:08,506 - INFO - Kolmogorov-Smirnov Test:
2025-05-26 19:02:08,506 - INFO -   KS Statistic: 0.2229
2025-05-26 19:02:08,507 - INFO -   P-value: 0.0000
2025-05-26 19:02:08,507 - INFO - Distribution Fit: Inverse Gamma
2025-05-26 19:02:08,507 - INFO - Distribution Parameters: {'a': 3.5093212085018015, 'loc': -0.2207140712018134, 'scale': 55.73445932737795}
2025-05-26 19:02:11,419 - INFO - Validation and Training Set Split Statistics
2025-05-26 19:02:11,419 - INFO - Timestamp: 2025-05-26 19:02:11
2025-05-26 19:02:11,419 - INFO - Validation set size: 1388 (8.40%)
2025-05-26 19:02:11,419 - INFO - Training set size: 15126 (91.60%)
2025-05-26 19:02:11,420 - INFO - Minimum Distance Statistics (km):
2025-05-26 19:02:11,420 - INFO -   Mean: 69.6255
2025-05-26 19:02:11,420 - INFO -   Median: 5.3998
2025-05-26 19:02:11,420 - INFO -   Min: 0.8124
2025-05-26 19:02:11,420 - INFO -   Max: 866.4875
2025-05-26 19:02:11,420 - INFO -   Std: 116.6351
2025-05-26 19:02:11,420 - INFO - OC Distribution Statistics:
2025-05-26 19:02:11,420 - INFO -   Validation Mean: 16.5902
2025-05-26 19:02:11,420 - INFO -   Validation Std: 7.9383
2025-05-26 19:02:11,420 - INFO -   Training Mean: 23.0715
2025-05-26 19:02:11,420 - INFO -   Training Std: 20.3223
2025-05-26 19:02:11,420 - INFO - Kolmogorov-Smirnov Test:
2025-05-26 19:02:11,420 - INFO -   KS Statistic: 0.2108
2025-05-26 19:02:11,420 - INFO -   P-value: 0.0000
2025-05-26 19:02:11,420 - INFO - Distribution Fit: Inverse Gamma
2025-05-26 19:02:11,420 - INFO - Distribution Parameters: {'a': 3.5093212085018015, 'loc': -0.2207140712018134, 'scale': 55.73445932737795}
2025-05-26 19:02:12,610 - INFO - Validation and Training Set Split Statistics
2025-05-26 19:02:12,610 - INFO - Timestamp: 2025-05-26 19:02:12
2025-05-26 19:02:12,610 - INFO - Validation set size: 1360 (8.24%)
2025-05-26 19:02:12,610 - INFO - Training set size: 15154 (91.76%)
2025-05-26 19:02:12,610 - INFO - Minimum Distance Statistics (km):
2025-05-26 19:02:12,610 - INFO -   Mean: 66.2007
2025-05-26 19:02:12,610 - INFO -   Median: 4.9468
2025-05-26 19:02:12,610 - INFO -   Min: 1.1342
2025-05-26 19:02:12,610 - INFO -   Max: 743.7101
2025-05-26 19:02:12,610 - INFO -   Std: 107.5271
2025-05-26 19:02:12,610 - INFO - OC Distribution Statistics:
2025-05-26 19:02:12,610 - INFO -   Validation Mean: 16.6651
2025-05-26 19:02:12,610 - INFO -   Validation Std: 8.6548
2025-05-26 19:02:12,610 - INFO -   Training Mean: 23.0528
2025-05-26 19:02:12,610 - INFO -   Training Std: 20.2841
2025-05-26 19:02:12,610 - INFO - Kolmogorov-Smirnov Test:
2025-05-26 19:02:12,610 - INFO -   KS Statistic: 0.2181
2025-05-26 19:02:12,610 - INFO -   P-value: 0.0000
2025-05-26 19:02:12,610 - INFO - Distribution Fit: Inverse Gamma
2025-05-26 19:02:12,610 - INFO - Distribution Parameters: {'a': 3.5093212085018015, 'loc': -0.2207140712018134, 'scale': 55.73445932737795}
