2025-05-26 17:49:26,681 - INFO - Validation and Training Set Split Statistics
2025-05-26 17:49:26,681 - INFO - Timestamp: 2025-05-26 17:49:26
2025-05-26 17:49:26,681 - INFO - Validation set size: 1381 (8.36%)
2025-05-26 17:49:26,681 - INFO - Training set size: 15133 (91.64%)
2025-05-26 17:49:26,681 - INFO - Minimum Distance Statistics (km):
2025-05-26 17:49:26,681 - INFO -   Mean: 55.4958
2025-05-26 17:49:26,681 - INFO -   Median: 4.2696
2025-05-26 17:49:26,681 - INFO -   Min: 1.2065
2025-05-26 17:49:26,681 - INFO -   Max: 655.9249
2025-05-26 17:49:26,681 - INFO -   Std: 91.2052
2025-05-26 17:49:26,681 - INFO - OC Distribution Statistics:
2025-05-26 17:49:26,681 - INFO -   Validation Mean: 16.3647
2025-05-26 17:49:26,681 - INFO -   Validation Std: 7.1441
2025-05-26 17:49:26,681 - INFO -   Training Mean: 23.0891
2025-05-26 17:49:26,681 - INFO -   Training Std: 20.3390
2025-05-26 17:49:26,681 - INFO - Kolmogorov-Smirnov Test:
2025-05-26 17:49:26,681 - INFO -   KS Statistic: 0.2347
2025-05-26 17:49:26,682 - INFO -   P-value: 0.0000
2025-05-26 17:49:26,682 - INFO - Distribution Fit: Inverse Gamma
2025-05-26 17:49:26,682 - INFO - Distribution Parameters: {'a': 3.5093212085018015, 'loc': -0.2207140712018134, 'scale': 55.73445932737795}
2025-05-26 19:17:18,625 - INFO - Validation and Training Set Split Statistics
2025-05-26 19:17:18,625 - INFO - Timestamp: 2025-05-26 19:17:18
2025-05-26 19:17:18,625 - INFO - Validation set size: 1391 (8.42%)
2025-05-26 19:17:18,625 - INFO - Training set size: 15123 (91.58%)
2025-05-26 19:17:18,625 - INFO - Minimum Distance Statistics (km):
2025-05-26 19:17:18,625 - INFO -   Mean: 82.7772
2025-05-26 19:17:18,625 - INFO -   Median: 5.9821
2025-05-26 19:17:18,625 - INFO -   Min: 1.2156
2025-05-26 19:17:18,625 - INFO -   Max: 888.3558
2025-05-26 19:17:18,625 - INFO -   Std: 135.3622
2025-05-26 19:17:18,625 - INFO - OC Distribution Statistics:
2025-05-26 19:17:18,625 - INFO -   Validation Mean: 16.8122
2025-05-26 19:17:18,625 - INFO -   Validation Std: 7.3579
2025-05-26 19:17:18,625 - INFO -   Training Mean: 23.0524
2025-05-26 19:17:18,625 - INFO -   Training Std: 20.3503
2025-05-26 19:17:18,625 - INFO - Kolmogorov-Smirnov Test:
2025-05-26 19:17:18,625 - INFO -   KS Statistic: 0.1832
2025-05-26 19:17:18,625 - INFO -   P-value: 0.0000
2025-05-26 19:17:18,625 - INFO - Distribution Fit: Inverse Gamma
2025-05-26 19:17:18,625 - INFO - Distribution Parameters: {'a': 3.5093212085018015, 'loc': -0.2207140712018134, 'scale': 55.73445932737795}
2025-05-26 20:44:12,369 - INFO - Validation and Training Set Split Statistics
2025-05-26 20:44:12,369 - INFO - Timestamp: 2025-05-26 20:44:12
2025-05-26 20:44:12,369 - INFO - Validation set size: 1368 (8.28%)
2025-05-26 20:44:12,369 - INFO - Training set size: 15146 (91.72%)
2025-05-26 20:44:12,369 - INFO - Minimum Distance Statistics (km):
2025-05-26 20:44:12,369 - INFO -   Mean: 79.1712
2025-05-26 20:44:12,369 - INFO -   Median: 5.7736
2025-05-26 20:44:12,369 - INFO -   Min: 0.8728
2025-05-26 20:44:12,369 - INFO -   Max: 1464.8564
2025-05-26 20:44:12,369 - INFO -   Std: 141.2414
2025-05-26 20:44:12,369 - INFO - OC Distribution Statistics:
2025-05-26 20:44:12,369 - INFO -   Validation Mean: 17.0036
2025-05-26 20:44:12,369 - INFO -   Validation Std: 8.1752
2025-05-26 20:44:12,369 - INFO -   Training Mean: 23.0256
2025-05-26 20:44:12,369 - INFO -   Training Std: 20.3153
2025-05-26 20:44:12,369 - INFO - Kolmogorov-Smirnov Test:
2025-05-26 20:44:12,369 - INFO -   KS Statistic: 0.1974
2025-05-26 20:44:12,369 - INFO -   P-value: 0.0000
2025-05-26 20:44:12,369 - INFO - Distribution Fit: Inverse Gamma
2025-05-26 20:44:12,369 - INFO - Distribution Parameters: {'a': 3.5093212085018015, 'loc': -0.2207140712018134, 'scale': 55.73445932737795}
2025-05-26 22:12:08,888 - INFO - Validation and Training Set Split Statistics
2025-05-26 22:12:08,888 - INFO - Timestamp: 2025-05-26 22:12:08
2025-05-26 22:12:08,888 - INFO - Validation set size: 1637 (9.91%)
2025-05-26 22:12:08,888 - INFO - Training set size: 14877 (90.09%)
2025-05-26 22:12:08,888 - INFO - Minimum Distance Statistics (km):
2025-05-26 22:12:08,888 - INFO -   Mean: 62.7062
2025-05-26 22:12:08,888 - INFO -   Median: 4.5729
2025-05-26 22:12:08,888 - INFO -   Min: 0.8608
2025-05-26 22:12:08,888 - INFO -   Max: 862.7749
2025-05-26 22:12:08,888 - INFO -   Std: 111.0793
2025-05-26 22:12:08,888 - INFO - OC Distribution Statistics:
2025-05-26 22:12:08,888 - INFO -   Validation Mean: 16.3787
2025-05-26 22:12:08,888 - INFO -   Validation Std: 7.3049
2025-05-26 22:12:08,888 - INFO -   Training Mean: 23.2033
2025-05-26 22:12:08,888 - INFO -   Training Std: 20.4668
2025-05-26 22:12:08,888 - INFO - Kolmogorov-Smirnov Test:
2025-05-26 22:12:08,888 - INFO -   KS Statistic: 0.2148
2025-05-26 22:12:08,888 - INFO -   P-value: 0.0000
2025-05-26 22:12:08,888 - INFO - Distribution Fit: Inverse Gamma
2025-05-26 22:12:08,888 - INFO - Distribution Parameters: {'a': 3.5093212085018015, 'loc': -0.2207140712018134, 'scale': 55.73445932737795}
