2025-05-26 19:33:37,605 - INFO - Validation and Training Set Split Statistics
2025-05-26 19:33:37,605 - INFO - Timestamp: 2025-05-26 19:33:37
2025-05-26 19:33:37,605 - INFO - Validation set size: 1399 (8.47%)
2025-05-26 19:33:37,605 - INFO - Training set size: 15115 (91.53%)
2025-05-26 19:33:37,605 - INFO - Minimum Distance Statistics (km):
2025-05-26 19:33:37,605 - INFO -   Mean: 60.8419
2025-05-26 19:33:37,605 - INFO -   Median: 4.3243
2025-05-26 19:33:37,605 - INFO -   Min: 1.2301
2025-05-26 19:33:37,605 - INFO -   Max: 702.5656
2025-05-26 19:33:37,605 - INFO -   Std: 106.8860
2025-05-26 19:33:37,605 - INFO - OC Distribution Statistics:
2025-05-26 19:33:37,605 - INFO -   Validation Mean: 15.9616
2025-05-26 19:33:37,605 - INFO -   Validation Std: 7.5093
2025-05-26 19:33:37,605 - INFO -   Training Mean: 23.1344
2025-05-26 19:33:37,605 - INFO -   Training Std: 20.3234
2025-05-26 19:33:37,605 - INFO - Kolmogorov-Smirnov Test:
2025-05-26 19:33:37,605 - INFO -   KS Statistic: 0.2432
2025-05-26 19:33:37,606 - INFO -   P-value: 0.0000
2025-05-26 19:33:37,606 - INFO - Distribution Fit: Inverse Gamma
2025-05-26 19:33:37,606 - INFO - Distribution Parameters: {'a': 3.5093212085018015, 'loc': -0.2207140712018134, 'scale': 55.73445932737795}
