2025-05-26 14:34:04,562 - INFO - Validation and Training Set Split Statistics
2025-05-26 14:34:04,562 - INFO - Timestamp: 2025-05-26 14:34:04
2025-05-26 14:34:04,562 - INFO - Validation set size: 1372 (8.31%)
2025-05-26 14:34:04,562 - INFO - Training set size: 15142 (91.69%)
2025-05-26 14:34:04,562 - INFO - Minimum Distance Statistics (km):
2025-05-26 14:34:04,562 - INFO -   Mean: 64.1286
2025-05-26 14:34:04,562 - INFO -   Median: 4.0944
2025-05-26 14:34:04,562 - INFO -   Min: 1.2156
2025-05-26 14:34:04,562 - INFO -   Max: 592.8937
2025-05-26 14:34:04,562 - INFO -   Std: 102.3103
2025-05-26 14:34:04,562 - INFO - OC Distribution Statistics:
2025-05-26 14:34:04,562 - INFO -   Validation Mean: 16.5374
2025-05-26 14:34:04,562 - INFO -   Validation Std: 7.6622
2025-05-26 14:34:04,562 - INFO -   Training Mean: 23.0695
2025-05-26 14:34:04,562 - INFO -   Training Std: 20.3224
2025-05-26 14:34:04,562 - INFO - Kolmogorov-Smirnov Test:
2025-05-26 14:34:04,562 - INFO -   KS Statistic: 0.2172
2025-05-26 14:34:04,562 - INFO -   P-value: 0.0000
2025-05-26 14:34:04,562 - INFO - Distribution Fit: Inverse Gamma
2025-05-26 14:34:04,562 - INFO - Distribution Parameters: {'a': 3.5093212085018015, 'loc': -0.2207140712018134, 'scale': 55.73445932737795}
2025-05-26 14:34:04,878 - INFO - Validation and Training Set Split Statistics
2025-05-26 14:34:04,878 - INFO - Timestamp: 2025-05-26 14:34:04
2025-05-26 14:34:04,878 - INFO - Validation set size: 1433 (8.68%)
2025-05-26 14:34:04,878 - INFO - Training set size: 15081 (91.32%)
2025-05-26 14:34:04,878 - INFO - Minimum Distance Statistics (km):
2025-05-26 14:34:04,878 - INFO -   Mean: 63.5116
2025-05-26 14:34:04,878 - INFO -   Median: 4.3609
2025-05-26 14:34:04,878 - INFO -   Min: 0.7667
2025-05-26 14:34:04,878 - INFO -   Max: 706.9584
2025-05-26 14:34:04,878 - INFO -   Std: 106.4235
2025-05-26 14:34:04,878 - INFO - OC Distribution Statistics:
2025-05-26 14:34:04,878 - INFO -   Validation Mean: 16.3219
2025-05-26 14:34:04,878 - INFO -   Validation Std: 7.6263
2025-05-26 14:34:04,878 - INFO -   Training Mean: 23.1164
2025-05-26 14:34:04,878 - INFO -   Training Std: 20.3479
2025-05-26 14:34:04,878 - INFO - Kolmogorov-Smirnov Test:
2025-05-26 14:34:04,878 - INFO -   KS Statistic: 0.2171
2025-05-26 14:34:04,878 - INFO -   P-value: 0.0000
2025-05-26 14:34:04,878 - INFO - Distribution Fit: Inverse Gamma
2025-05-26 14:34:04,878 - INFO - Distribution Parameters: {'a': 3.5093212085018015, 'loc': -0.2207140712018134, 'scale': 55.73445932737795}
