2025-05-26 23:56:44,723 - INFO - Validation and Training Set Split Statistics
2025-05-26 23:56:44,723 - INFO - Timestamp: 2025-05-26 23:56:44
2025-05-26 23:56:44,723 - INFO - Validation set size: 1381 (8.36%)
2025-05-26 23:56:44,723 - INFO - Training set size: 15133 (91.64%)
2025-05-26 23:56:44,723 - INFO - Minimum Distance Statistics (km):
2025-05-26 23:56:44,723 - INFO -   Mean: 73.6441
2025-05-26 23:56:44,723 - INFO -   Median: 4.9468
2025-05-26 23:56:44,723 - INFO -   Min: 1.2329
2025-05-26 23:56:44,723 - INFO -   Max: 1538.1538
2025-05-26 23:56:44,723 - INFO -   Std: 154.9813
2025-05-26 23:56:44,723 - INFO - OC Distribution Statistics:
2025-05-26 23:56:44,723 - INFO -   Validation Mean: 16.9089
2025-05-26 23:56:44,723 - INFO -   Validation Std: 8.3248
2025-05-26 23:56:44,723 - INFO -   Training Mean: 23.0395
2025-05-26 23:56:44,723 - INFO -   Training Std: 20.3137
2025-05-26 23:56:44,723 - INFO - Kolmogorov-Smirnov Test:
2025-05-26 23:56:44,723 - INFO -   KS Statistic: 0.2068
2025-05-26 23:56:44,723 - INFO -   P-value: 0.0000
2025-05-26 23:56:44,723 - INFO - Distribution Fit: Inverse Gamma
2025-05-26 23:56:44,723 - INFO - Distribution Parameters: {'a': 3.5093212085018015, 'loc': -0.2207140712018134, 'scale': 55.73445932737795}
2025-05-26 23:56:45,068 - INFO - Validation and Training Set Split Statistics
2025-05-26 23:56:45,068 - INFO - Timestamp: 2025-05-26 23:56:45
2025-05-26 23:56:45,068 - INFO - Validation set size: 1464 (8.87%)
2025-05-26 23:56:45,068 - INFO - Training set size: 15050 (91.13%)
2025-05-26 23:56:45,068 - INFO - Minimum Distance Statistics (km):
2025-05-26 23:56:45,068 - INFO -   Mean: 66.6275
2025-05-26 23:56:45,068 - INFO -   Median: 4.4045
2025-05-26 23:56:45,068 - INFO -   Min: 0.8394
2025-05-26 23:56:45,068 - INFO -   Max: 743.7101
2025-05-26 23:56:45,068 - INFO -   Std: 111.8645
2025-05-26 23:56:45,068 - INFO - OC Distribution Statistics:
2025-05-26 23:56:45,068 - INFO -   Validation Mean: 16.6827
2025-05-26 23:56:45,068 - INFO -   Validation Std: 8.5393
2025-05-26 23:56:45,068 - INFO -   Training Mean: 23.0953
2025-05-26 23:56:45,068 - INFO -   Training Std: 20.3397
2025-05-26 23:56:45,068 - INFO - Kolmogorov-Smirnov Test:
2025-05-26 23:56:45,068 - INFO -   KS Statistic: 0.2211
2025-05-26 23:56:45,068 - INFO -   P-value: 0.0000
2025-05-26 23:56:45,068 - INFO - Distribution Fit: Inverse Gamma
2025-05-26 23:56:45,068 - INFO - Distribution Parameters: {'a': 3.5093212085018015, 'loc': -0.2207140712018134, 'scale': 55.73445932737795}
2025-05-27 01:20:32,839 - INFO - Validation and Training Set Split Statistics
2025-05-27 01:20:32,839 - INFO - Timestamp: 2025-05-27 01:20:32
2025-05-27 01:20:32,839 - INFO - Validation set size: 1580 (9.57%)
2025-05-27 01:20:32,839 - INFO - Training set size: 14934 (90.43%)
2025-05-27 01:20:32,839 - INFO - Minimum Distance Statistics (km):
2025-05-27 01:20:32,839 - INFO -   Mean: 61.8380
2025-05-27 01:20:32,839 - INFO -   Median: 4.4045
2025-05-27 01:20:32,839 - INFO -   Min: 0.7667
2025-05-27 01:20:32,839 - INFO -   Max: 702.5656
2025-05-27 01:20:32,839 - INFO -   Std: 106.5221
2025-05-27 01:20:32,839 - INFO - OC Distribution Statistics:
2025-05-27 01:20:32,839 - INFO -   Validation Mean: 16.4715
2025-05-27 01:20:32,839 - INFO -   Validation Std: 7.6136
2025-05-27 01:20:32,839 - INFO -   Training Mean: 23.1674
2025-05-27 01:20:32,839 - INFO -   Training Std: 20.4283
2025-05-27 01:20:32,839 - INFO - Kolmogorov-Smirnov Test:
2025-05-27 01:20:32,839 - INFO -   KS Statistic: 0.2168
2025-05-27 01:20:32,839 - INFO -   P-value: 0.0000
2025-05-27 01:20:32,839 - INFO - Distribution Fit: Inverse Gamma
2025-05-27 01:20:32,839 - INFO - Distribution Parameters: {'a': 3.5093212085018015, 'loc': -0.2207140712018134, 'scale': 55.73445932737795}
2025-05-27 01:20:40,611 - INFO - Validation and Training Set Split Statistics
2025-05-27 01:20:40,612 - INFO - Timestamp: 2025-05-27 01:20:40
2025-05-27 01:20:40,612 - INFO - Validation set size: 1410 (8.54%)
2025-05-27 01:20:40,612 - INFO - Training set size: 15104 (91.46%)
2025-05-27 01:20:40,612 - INFO - Minimum Distance Statistics (km):
2025-05-27 01:20:40,612 - INFO -   Mean: 70.1046
2025-05-27 01:20:40,612 - INFO -   Median: 4.6450
2025-05-27 01:20:40,612 - INFO -   Min: 1.2005
2025-05-27 01:20:40,612 - INFO -   Max: 875.2369
2025-05-27 01:20:40,612 - INFO -   Std: 119.8069
2025-05-27 01:20:40,612 - INFO - OC Distribution Statistics:
2025-05-27 01:20:40,612 - INFO -   Validation Mean: 16.4137
2025-05-27 01:20:40,612 - INFO -   Validation Std: 7.9233
2025-05-27 01:20:40,612 - INFO -   Training Mean: 23.0975
2025-05-27 01:20:40,612 - INFO -   Training Std: 20.3285
2025-05-27 01:20:40,612 - INFO - Kolmogorov-Smirnov Test:
2025-05-27 01:20:40,612 - INFO -   KS Statistic: 0.2189
2025-05-27 01:20:40,612 - INFO -   P-value: 0.0000
2025-05-27 01:20:40,612 - INFO - Distribution Fit: Inverse Gamma
2025-05-27 01:20:40,612 - INFO - Distribution Parameters: {'a': 3.5093212085018015, 'loc': -0.2207140712018134, 'scale': 55.73445932737795}
2025-05-27 02:43:08,908 - INFO - Validation and Training Set Split Statistics
2025-05-27 02:43:08,909 - INFO - Timestamp: 2025-05-27 02:43:08
2025-05-27 02:43:08,909 - INFO - Validation set size: 1391 (8.42%)
2025-05-27 02:43:08,909 - INFO - Training set size: 15123 (91.58%)
2025-05-27 02:43:08,909 - INFO - Minimum Distance Statistics (km):
2025-05-27 02:43:08,909 - INFO -   Mean: 66.1181
2025-05-27 02:43:08,909 - INFO -   Median: 4.2506
2025-05-27 02:43:08,909 - INFO -   Min: 1.2497
2025-05-27 02:43:08,909 - INFO -   Max: 917.2720
2025-05-27 02:43:08,909 - INFO -   Std: 118.8102
2025-05-27 02:43:08,909 - INFO - OC Distribution Statistics:
2025-05-27 02:43:08,909 - INFO -   Validation Mean: 16.5616
2025-05-27 02:43:08,909 - INFO -   Validation Std: 7.6133
2025-05-27 02:43:08,909 - INFO -   Training Mean: 23.0755
2025-05-27 02:43:08,909 - INFO -   Training Std: 20.3344
2025-05-27 02:43:08,909 - INFO - Kolmogorov-Smirnov Test:
2025-05-27 02:43:08,909 - INFO -   KS Statistic: 0.2012
2025-05-27 02:43:08,909 - INFO -   P-value: 0.0000
2025-05-27 02:43:08,909 - INFO - Distribution Fit: Inverse Gamma
2025-05-27 02:43:08,909 - INFO - Distribution Parameters: {'a': 3.5093212085018015, 'loc': -0.2207140712018134, 'scale': 55.73445932737795}
2025-05-27 02:43:09,168 - INFO - Validation and Training Set Split Statistics
2025-05-27 02:43:09,168 - INFO - Timestamp: 2025-05-27 02:43:09
2025-05-27 02:43:09,168 - INFO - Validation set size: 1335 (8.08%)
2025-05-27 02:43:09,168 - INFO - Training set size: 15179 (91.92%)
2025-05-27 02:43:09,168 - INFO - Minimum Distance Statistics (km):
2025-05-27 02:43:09,168 - INFO -   Mean: 70.0890
2025-05-27 02:43:09,168 - INFO -   Median: 5.2639
2025-05-27 02:43:09,168 - INFO -   Min: 1.2156
2025-05-27 02:43:09,168 - INFO -   Max: 743.7101
2025-05-27 02:43:09,168 - INFO -   Std: 108.8292
2025-05-27 02:43:09,168 - INFO - OC Distribution Statistics:
2025-05-27 02:43:09,169 - INFO -   Validation Mean: 16.3294
2025-05-27 02:43:09,169 - INFO -   Validation Std: 7.0115
2025-05-27 02:43:09,169 - INFO -   Training Mean: 23.0718
2025-05-27 02:43:09,169 - INFO -   Training Std: 20.3184
2025-05-27 02:43:09,169 - INFO - Kolmogorov-Smirnov Test:
2025-05-27 02:43:09,169 - INFO -   KS Statistic: 0.2118
2025-05-27 02:43:09,169 - INFO -   P-value: 0.0000
2025-05-27 02:43:09,169 - INFO - Distribution Fit: Inverse Gamma
2025-05-27 02:43:09,169 - INFO - Distribution Parameters: {'a': 3.5093212085018015, 'loc': -0.2207140712018134, 'scale': 55.73445932737795}
2025-05-27 04:04:10,210 - INFO - Validation and Training Set Split Statistics
2025-05-27 04:04:10,210 - INFO - Timestamp: 2025-05-27 04:04:10
2025-05-27 04:04:10,210 - INFO - Validation set size: 1361 (8.24%)
2025-05-27 04:04:10,210 - INFO - Training set size: 15153 (91.76%)
2025-05-27 04:04:10,210 - INFO - Minimum Distance Statistics (km):
2025-05-27 04:04:10,210 - INFO -   Mean: 69.1119
2025-05-27 04:04:10,210 - INFO -   Median: 4.6101
2025-05-27 04:04:10,210 - INFO -   Min: 1.1288
2025-05-27 04:04:10,210 - INFO -   Max: 917.1429
2025-05-27 04:04:10,210 - INFO -   Std: 114.1106
2025-05-27 04:04:10,210 - INFO - OC Distribution Statistics:
2025-05-27 04:04:10,210 - INFO -   Validation Mean: 16.7682
2025-05-27 04:04:10,210 - INFO -   Validation Std: 7.9601
2025-05-27 04:04:10,210 - INFO -   Training Mean: 23.0440
2025-05-27 04:04:10,210 - INFO -   Training Std: 20.3130
2025-05-27 04:04:10,210 - INFO - Kolmogorov-Smirnov Test:
2025-05-27 04:04:10,210 - INFO -   KS Statistic: 0.1995
2025-05-27 04:04:10,210 - INFO -   P-value: 0.0000
2025-05-27 04:04:10,210 - INFO - Distribution Fit: Inverse Gamma
2025-05-27 04:04:10,211 - INFO - Distribution Parameters: {'a': 3.5093212085018015, 'loc': -0.2207140712018134, 'scale': 55.73445932737795}
2025-05-27 04:04:11,725 - INFO - Validation and Training Set Split Statistics
2025-05-27 04:04:11,725 - INFO - Timestamp: 2025-05-27 04:04:11
2025-05-27 04:04:11,725 - INFO - Validation set size: 1573 (9.53%)
2025-05-27 04:04:11,725 - INFO - Training set size: 14941 (90.47%)
2025-05-27 04:04:11,725 - INFO - Minimum Distance Statistics (km):
2025-05-27 04:04:11,725 - INFO -   Mean: 73.9203
2025-05-27 04:04:11,725 - INFO -   Median: 4.1444
2025-05-27 04:04:11,725 - INFO -   Min: 0.8124
2025-05-27 04:04:11,725 - INFO -   Max: 875.2369
2025-05-27 04:04:11,725 - INFO -   Std: 125.2757
2025-05-27 04:04:11,725 - INFO - OC Distribution Statistics:
2025-05-27 04:04:11,725 - INFO -   Validation Mean: 16.7553
2025-05-27 04:04:11,725 - INFO -   Validation Std: 8.0006
2025-05-27 04:04:11,725 - INFO -   Training Mean: 23.1344
2025-05-27 04:04:11,725 - INFO -   Training Std: 20.4187
2025-05-27 04:04:11,725 - INFO - Kolmogorov-Smirnov Test:
2025-05-27 04:04:11,725 - INFO -   KS Statistic: 0.1913
2025-05-27 04:04:11,725 - INFO -   P-value: 0.0000
2025-05-27 04:04:11,725 - INFO - Distribution Fit: Inverse Gamma
2025-05-27 04:04:11,725 - INFO - Distribution Parameters: {'a': 3.5093212085018015, 'loc': -0.2207140712018134, 'scale': 55.73445932737795}
