2025-04-17 23:35:37,437 - INFO - Validation and Training Set Split Statistics
2025-04-17 23:35:37,437 - INFO - Timestamp: 2025-04-17 23:35:37
2025-04-17 23:35:37,437 - INFO - Validation set size: 1331 (8.06%)
2025-04-17 23:35:37,437 - INFO - Training set size: 15183 (91.94%)
2025-04-17 23:35:37,437 - INFO - Minimum Distance Statistics (km):
2025-04-17 23:35:37,437 - INFO -   Mean: 67.5872
2025-04-17 23:35:37,437 - INFO -   Median: 4.4525
2025-04-17 23:35:37,437 - INFO -   Min: 0.5501
2025-04-17 23:35:37,437 - INFO -   Max: 770.4951
2025-04-17 23:35:37,437 - INFO -   Std: 110.9976
2025-04-17 23:35:37,438 - INFO - OC Distribution Statistics:
2025-04-17 23:35:37,438 - INFO -   Validation Mean: 16.7134
2025-04-17 23:35:37,438 - INFO -   Validation Std: 7.5433
2025-04-17 23:35:37,438 - INFO -   Training Mean: 23.0364
2025-04-17 23:35:37,438 - INFO -   Training Std: 20.3104
2025-04-17 23:35:37,438 - INFO - Kolmogorov-Smirnov Test:
2025-04-17 23:35:37,438 - INFO -   KS Statistic: 0.2138
2025-04-17 23:35:37,438 - INFO -   P-value: 0.0000
2025-04-17 23:35:37,438 - INFO - Distribution Fit: Inverse Gamma
2025-04-17 23:35:37,438 - INFO - Distribution Parameters: {'a': 3.5093212085018015, 'loc': -0.2207140712018134, 'scale': 55.73445932737795}
2025-04-17 23:35:37,451 - INFO - Validation and Training Set Split Statistics
2025-04-17 23:35:37,451 - INFO - Timestamp: 2025-04-17 23:35:37
2025-04-17 23:35:37,451 - INFO - Validation set size: 1323 (8.01%)
2025-04-17 23:35:37,451 - INFO - Training set size: 15191 (91.99%)
2025-04-17 23:35:37,451 - INFO - Minimum Distance Statistics (km):
2025-04-17 23:35:37,451 - INFO -   Mean: 61.5245
2025-04-17 23:35:37,451 - INFO -   Median: 4.0444
2025-04-17 23:35:37,451 - INFO -   Min: 0.8608
2025-04-17 23:35:37,451 - INFO -   Max: 655.9249
2025-04-17 23:35:37,451 - INFO -   Std: 100.1963
2025-04-17 23:35:37,451 - INFO - OC Distribution Statistics:
2025-04-17 23:35:37,451 - INFO -   Validation Mean: 16.6113
2025-04-17 23:35:37,451 - INFO -   Validation Std: 8.3854
2025-04-17 23:35:37,451 - INFO -   Training Mean: 23.0420
2025-04-17 23:35:37,451 - INFO -   Training Std: 20.2748
2025-04-17 23:35:37,451 - INFO - Kolmogorov-Smirnov Test:
2025-04-17 23:35:37,451 - INFO -   KS Statistic: 0.2294
2025-04-17 23:35:37,451 - INFO -   P-value: 0.0000
2025-04-17 23:35:37,451 - INFO - Distribution Fit: Inverse Gamma
2025-04-17 23:35:37,451 - INFO - Distribution Parameters: {'a': 3.5093212085018015, 'loc': -0.2207140712018134, 'scale': 55.73445932737795}
2025-04-17 23:35:37,542 - INFO - Validation and Training Set Split Statistics
2025-04-17 23:35:37,542 - INFO - Timestamp: 2025-04-17 23:35:37
2025-04-17 23:35:37,542 - INFO - Validation set size: 1403 (8.50%)
2025-04-17 23:35:37,542 - INFO - Training set size: 15111 (91.50%)
2025-04-17 23:35:37,542 - INFO - Minimum Distance Statistics (km):
2025-04-17 23:35:37,542 - INFO -   Mean: 69.2417
2025-04-17 23:35:37,542 - INFO -   Median: 4.4771
2025-04-17 23:35:37,542 - INFO -   Min: 0.8728
2025-04-17 23:35:37,542 - INFO -   Max: 917.1429
2025-04-17 23:35:37,542 - INFO -   Std: 116.9276
2025-04-17 23:35:37,542 - INFO - OC Distribution Statistics:
2025-04-17 23:35:37,542 - INFO -   Validation Mean: 16.5406
2025-04-17 23:35:37,542 - INFO -   Validation Std: 7.4755
2025-04-17 23:35:37,542 - INFO -   Training Mean: 23.0826
2025-04-17 23:35:37,542 - INFO -   Training Std: 20.3446
2025-04-17 23:35:37,542 - INFO - Kolmogorov-Smirnov Test:
2025-04-17 23:35:37,542 - INFO -   KS Statistic: 0.2105
2025-04-17 23:35:37,542 - INFO -   P-value: 0.0000
2025-04-17 23:35:37,542 - INFO - Distribution Fit: Inverse Gamma
2025-04-17 23:35:37,542 - INFO - Distribution Parameters: {'a': 3.5093212085018015, 'loc': -0.2207140712018134, 'scale': 55.73445932737795}
2025-04-17 23:35:38,874 - INFO - Validation and Training Set Split Statistics
2025-04-17 23:35:38,874 - INFO - Timestamp: 2025-04-17 23:35:38
2025-04-17 23:35:38,874 - INFO - Validation set size: 1399 (8.47%)
2025-04-17 23:35:38,874 - INFO - Training set size: 15115 (91.53%)
2025-04-17 23:35:38,874 - INFO - Minimum Distance Statistics (km):
2025-04-17 23:35:38,874 - INFO -   Mean: 62.3076
2025-04-17 23:35:38,874 - INFO -   Median: 4.2475
2025-04-17 23:35:38,874 - INFO -   Min: 1.2156
2025-04-17 23:35:38,874 - INFO -   Max: 772.4342
2025-04-17 23:35:38,874 - INFO -   Std: 104.3936
2025-04-17 23:35:38,874 - INFO - OC Distribution Statistics:
2025-04-17 23:35:38,874 - INFO -   Validation Mean: 16.3481
2025-04-17 23:35:38,874 - INFO -   Validation Std: 7.7691
2025-04-17 23:35:38,874 - INFO -   Training Mean: 23.0987
2025-04-17 23:35:38,874 - INFO -   Training Std: 20.3266
2025-04-17 23:35:38,874 - INFO - Kolmogorov-Smirnov Test:
2025-04-17 23:35:38,874 - INFO -   KS Statistic: 0.2290
2025-04-17 23:35:38,875 - INFO -   P-value: 0.0000
2025-04-17 23:35:38,875 - INFO - Distribution Fit: Inverse Gamma
2025-04-17 23:35:38,875 - INFO - Distribution Parameters: {'a': 3.5093212085018015, 'loc': -0.2207140712018134, 'scale': 55.73445932737795}
2025-04-17 23:39:17,861 - INFO - Validation and Training Set Split Statistics
2025-04-17 23:39:17,861 - INFO - Timestamp: 2025-04-17 23:39:17
2025-04-17 23:39:17,861 - INFO - Validation set size: 1653 (10.01%)
2025-04-17 23:39:17,862 - INFO - Training set size: 14861 (89.99%)
2025-04-17 23:39:17,862 - INFO - Minimum Distance Statistics (km):
2025-04-17 23:39:17,862 - INFO -   Mean: 65.5188
2025-04-17 23:39:17,862 - INFO -   Median: 4.0444
2025-04-17 23:39:17,862 - INFO -   Min: 1.2329
2025-04-17 23:39:17,862 - INFO -   Max: 670.0468
2025-04-17 23:39:17,862 - INFO -   Std: 111.6473
2025-04-17 23:39:17,862 - INFO - OC Distribution Statistics:
2025-04-17 23:39:17,862 - INFO -   Validation Mean: 16.1213
2025-04-17 23:39:17,862 - INFO -   Validation Std: 7.5079
2025-04-17 23:39:17,862 - INFO -   Training Mean: 23.2393
2025-04-17 23:39:17,862 - INFO -   Training Std: 20.4572
2025-04-17 23:39:17,862 - INFO - Kolmogorov-Smirnov Test:
2025-04-17 23:39:17,862 - INFO -   KS Statistic: 0.2312
2025-04-17 23:39:17,862 - INFO -   P-value: 0.0000
2025-04-17 23:39:17,862 - INFO - Distribution Fit: Inverse Gamma
2025-04-17 23:39:17,862 - INFO - Distribution Parameters: {'a': 3.5093212085018015, 'loc': -0.2207140712018134, 'scale': 55.73445932737795}
2025-04-17 23:39:18,059 - INFO - Validation and Training Set Split Statistics
2025-04-17 23:39:18,059 - INFO - Timestamp: 2025-04-17 23:39:18
2025-04-17 23:39:18,059 - INFO - Validation set size: 1610 (9.75%)
2025-04-17 23:39:18,059 - INFO - Training set size: 14904 (90.25%)
2025-04-17 23:39:18,059 - INFO - Minimum Distance Statistics (km):
2025-04-17 23:39:18,059 - INFO -   Mean: 64.4754
2025-04-17 23:39:18,059 - INFO -   Median: 4.4051
2025-04-17 23:39:18,059 - INFO -   Min: 1.1288
2025-04-17 23:39:18,059 - INFO -   Max: 705.4078
2025-04-17 23:39:18,059 - INFO -   Std: 109.0241
2025-04-17 23:39:18,059 - INFO - OC Distribution Statistics:
2025-04-17 23:39:18,059 - INFO -   Validation Mean: 16.7787
2025-04-17 23:39:18,059 - INFO -   Validation Std: 7.5959
2025-04-17 23:39:18,059 - INFO -   Training Mean: 23.1477
2025-04-17 23:39:18,059 - INFO -   Training Std: 20.4551
2025-04-17 23:39:18,059 - INFO - Kolmogorov-Smirnov Test:
2025-04-17 23:39:18,059 - INFO -   KS Statistic: 0.1962
2025-04-17 23:39:18,059 - INFO -   P-value: 0.0000
2025-04-17 23:39:18,059 - INFO - Distribution Fit: Inverse Gamma
2025-04-17 23:39:18,059 - INFO - Distribution Parameters: {'a': 3.5093212085018015, 'loc': -0.2207140712018134, 'scale': 55.73445932737795}
2025-04-18 14:43:13,826 - INFO - Validation and Training Set Split Statistics
2025-04-18 14:43:13,827 - INFO - Timestamp: 2025-04-18 14:43:13
2025-04-18 14:43:13,827 - INFO - Validation set size: 1353 (8.19%)
2025-04-18 14:43:13,827 - INFO - Training set size: 15161 (91.81%)
2025-04-18 14:43:13,827 - INFO - Minimum Distance Statistics (km):
2025-04-18 14:43:13,827 - INFO -   Mean: 73.7387
2025-04-18 14:43:13,827 - INFO -   Median: 4.5729
2025-04-18 14:43:13,827 - INFO -   Min: 1.2156
2025-04-18 14:43:13,827 - INFO -   Max: 875.2369
2025-04-18 14:43:13,827 - INFO -   Std: 128.6116
2025-04-18 14:43:13,827 - INFO - OC Distribution Statistics:
2025-04-18 14:43:13,827 - INFO -   Validation Mean: 16.4650
2025-04-18 14:43:13,827 - INFO -   Validation Std: 7.5645
2025-04-18 14:43:13,827 - INFO -   Training Mean: 23.0678
2025-04-18 14:43:13,827 - INFO -   Training Std: 20.3139
2025-04-18 14:43:13,827 - INFO - Kolmogorov-Smirnov Test:
2025-04-18 14:43:13,827 - INFO -   KS Statistic: 0.2261
2025-04-18 14:43:13,827 - INFO -   P-value: 0.0000
2025-04-18 14:43:13,827 - INFO - Distribution Fit: Inverse Gamma
2025-04-18 14:43:13,827 - INFO - Distribution Parameters: {'a': 3.5093212085018015, 'loc': -0.2207140712018134, 'scale': 55.73445932737795}
2025-04-18 14:43:13,944 - INFO - Validation and Training Set Split Statistics
2025-04-18 14:43:13,944 - INFO - Timestamp: 2025-04-18 14:43:13
2025-04-18 14:43:13,944 - INFO - Validation set size: 1439 (8.71%)
2025-04-18 14:43:13,944 - INFO - Training set size: 15075 (91.29%)
2025-04-18 14:43:13,944 - INFO - Minimum Distance Statistics (km):
2025-04-18 14:43:13,945 - INFO -   Mean: 70.8929
2025-04-18 14:43:13,945 - INFO -   Median: 4.7793
2025-04-18 14:43:13,945 - INFO -   Min: 1.2065
2025-04-18 14:43:13,945 - INFO -   Max: 743.7101
2025-04-18 14:43:13,945 - INFO -   Std: 116.0711
2025-04-18 14:43:13,945 - INFO - OC Distribution Statistics:
2025-04-18 14:43:13,945 - INFO -   Validation Mean: 16.4603
2025-04-18 14:43:13,945 - INFO -   Validation Std: 7.4367
2025-04-18 14:43:13,945 - INFO -   Training Mean: 23.1059
2025-04-18 14:43:13,945 - INFO -   Training Std: 20.3620
2025-04-18 14:43:13,945 - INFO - Kolmogorov-Smirnov Test:
2025-04-18 14:43:13,945 - INFO -   KS Statistic: 0.2061
2025-04-18 14:43:13,945 - INFO -   P-value: 0.0000
2025-04-18 14:43:13,945 - INFO - Distribution Fit: Inverse Gamma
2025-04-18 14:43:13,945 - INFO - Distribution Parameters: {'a': 3.5093212085018015, 'loc': -0.2207140712018134, 'scale': 55.73445932737795}
2025-04-18 14:43:14,110 - INFO - Validation and Training Set Split Statistics
2025-04-18 14:43:14,111 - INFO - Timestamp: 2025-04-18 14:43:14
2025-04-18 14:43:14,111 - INFO - Validation set size: 1683 (10.19%)
2025-04-18 14:43:14,111 - INFO - Training set size: 14831 (89.81%)
2025-04-18 14:43:14,111 - INFO - Minimum Distance Statistics (km):
2025-04-18 14:43:14,111 - INFO -   Mean: 67.3265
2025-04-18 14:43:14,111 - INFO -   Median: 4.4045
2025-04-18 14:43:14,111 - INFO -   Min: 0.5501
2025-04-18 14:43:14,111 - INFO -   Max: 824.9624
2025-04-18 14:43:14,111 - INFO -   Std: 122.2018
2025-04-18 14:43:14,111 - INFO - OC Distribution Statistics:
2025-04-18 14:43:14,111 - INFO -   Validation Mean: 16.1725
2025-04-18 14:43:14,111 - INFO -   Validation Std: 6.9967
2025-04-18 14:43:14,111 - INFO -   Training Mean: 23.2479
2025-04-18 14:43:14,111 - INFO -   Training Std: 20.4952
2025-04-18 14:43:14,111 - INFO - Kolmogorov-Smirnov Test:
2025-04-18 14:43:14,111 - INFO -   KS Statistic: 0.2364
2025-04-18 14:43:14,111 - INFO -   P-value: 0.0000
2025-04-18 14:43:14,111 - INFO - Distribution Fit: Inverse Gamma
2025-04-18 14:43:14,111 - INFO - Distribution Parameters: {'a': 3.5093212085018015, 'loc': -0.2207140712018134, 'scale': 55.73445932737795}
2025-04-18 14:43:15,270 - INFO - Validation and Training Set Split Statistics
2025-04-18 14:43:15,271 - INFO - Timestamp: 2025-04-18 14:43:15
2025-04-18 14:43:15,271 - INFO - Validation set size: 1356 (8.21%)
2025-04-18 14:43:15,271 - INFO - Training set size: 15158 (91.79%)
2025-04-18 14:43:15,271 - INFO - Minimum Distance Statistics (km):
2025-04-18 14:43:15,271 - INFO -   Mean: 62.3766
2025-04-18 14:43:15,271 - INFO -   Median: 5.7139
2025-04-18 14:43:15,271 - INFO -   Min: 1.2102
2025-04-18 14:43:15,271 - INFO -   Max: 655.9249
2025-04-18 14:43:15,271 - INFO -   Std: 102.2543
2025-04-18 14:43:15,271 - INFO - OC Distribution Statistics:
2025-04-18 14:43:15,271 - INFO -   Validation Mean: 16.8138
2025-04-18 14:43:15,271 - INFO -   Validation Std: 7.9054
2025-04-18 14:43:15,271 - INFO -   Training Mean: 23.0379
2025-04-18 14:43:15,271 - INFO -   Training Std: 20.3137
2025-04-18 14:43:15,271 - INFO - Kolmogorov-Smirnov Test:
2025-04-18 14:43:15,271 - INFO -   KS Statistic: 0.2101
2025-04-18 14:43:15,271 - INFO -   P-value: 0.0000
2025-04-18 14:43:15,271 - INFO - Distribution Fit: Inverse Gamma
2025-04-18 14:43:15,271 - INFO - Distribution Parameters: {'a': 3.5093212085018015, 'loc': -0.2207140712018134, 'scale': 55.73445932737795}
2025-04-18 15:37:10,925 - INFO - Validation and Training Set Split Statistics
2025-04-18 15:37:10,925 - INFO - Timestamp: 2025-04-18 15:37:10
2025-04-18 15:37:10,925 - INFO - Validation set size: 1396 (8.45%)
2025-04-18 15:37:10,925 - INFO - Training set size: 15118 (91.55%)
2025-04-18 15:37:10,925 - INFO - Minimum Distance Statistics (km):
2025-04-18 15:37:10,925 - INFO -   Mean: 67.5818
2025-04-18 15:37:10,925 - INFO -   Median: 4.3243
2025-04-18 15:37:10,925 - INFO -   Min: 1.2773
2025-04-18 15:37:10,925 - INFO -   Max: 702.5656
2025-04-18 15:37:10,925 - INFO -   Std: 115.8291
2025-04-18 15:37:10,925 - INFO - OC Distribution Statistics:
2025-04-18 15:37:10,925 - INFO -   Validation Mean: 16.5965
2025-04-18 15:37:10,925 - INFO -   Validation Std: 8.0192
2025-04-18 15:37:10,926 - INFO -   Training Mean: 23.0744
2025-04-18 15:37:10,926 - INFO -   Training Std: 20.3236
2025-04-18 15:37:10,926 - INFO - Kolmogorov-Smirnov Test:
2025-04-18 15:37:10,926 - INFO -   KS Statistic: 0.2022
2025-04-18 15:37:10,926 - INFO -   P-value: 0.0000
2025-04-18 15:37:10,926 - INFO - Distribution Fit: Inverse Gamma
2025-04-18 15:37:10,926 - INFO - Distribution Parameters: {'a': 3.5093212085018015, 'loc': -0.2207140712018134, 'scale': 55.73445932737795}
2025-04-18 15:37:10,964 - INFO - Validation and Training Set Split Statistics
2025-04-18 15:37:10,964 - INFO - Timestamp: 2025-04-18 15:37:10
2025-04-18 15:37:10,964 - INFO - Validation set size: 1425 (8.63%)
2025-04-18 15:37:10,964 - INFO - Training set size: 15089 (91.37%)
2025-04-18 15:37:10,964 - INFO - Minimum Distance Statistics (km):
2025-04-18 15:37:10,964 - INFO -   Mean: 64.6633
2025-04-18 15:37:10,964 - INFO -   Median: 4.9468
2025-04-18 15:37:10,964 - INFO -   Min: 0.7667
2025-04-18 15:37:10,964 - INFO -   Max: 875.2369
2025-04-18 15:37:10,964 - INFO -   Std: 110.2327
2025-04-18 15:37:10,964 - INFO - OC Distribution Statistics:
2025-04-18 15:37:10,964 - INFO -   Validation Mean: 16.2971
2025-04-18 15:37:10,964 - INFO -   Validation Std: 7.5710
2025-04-18 15:37:10,964 - INFO -   Training Mean: 23.1151
2025-04-18 15:37:10,964 - INFO -   Training Std: 20.3450
2025-04-18 15:37:10,964 - INFO - Kolmogorov-Smirnov Test:
2025-04-18 15:37:10,964 - INFO -   KS Statistic: 0.2132
2025-04-18 15:37:10,964 - INFO -   P-value: 0.0000
2025-04-18 15:37:10,964 - INFO - Distribution Fit: Inverse Gamma
2025-04-18 15:37:10,964 - INFO - Distribution Parameters: {'a': 3.5093212085018015, 'loc': -0.2207140712018134, 'scale': 55.73445932737795}
2025-04-18 15:37:11,254 - INFO - Validation and Training Set Split Statistics
2025-04-18 15:37:11,254 - INFO - Timestamp: 2025-04-18 15:37:11
2025-04-18 15:37:11,254 - INFO - Validation set size: 1629 (9.86%)
2025-04-18 15:37:11,254 - INFO - Training set size: 14885 (90.14%)
2025-04-18 15:37:11,254 - INFO - Minimum Distance Statistics (km):
2025-04-18 15:37:11,254 - INFO -   Mean: 71.3935
2025-04-18 15:37:11,254 - INFO -   Median: 4.6795
2025-04-18 15:37:11,254 - INFO -   Min: 1.2757
2025-04-18 15:37:11,254 - INFO -   Max: 706.9584
2025-04-18 15:37:11,254 - INFO -   Std: 118.9783
2025-04-18 15:37:11,254 - INFO - OC Distribution Statistics:
2025-04-18 15:37:11,254 - INFO -   Validation Mean: 16.6172
2025-04-18 15:37:11,254 - INFO -   Validation Std: 8.9516
2025-04-18 15:37:11,254 - INFO -   Training Mean: 23.1735
2025-04-18 15:37:11,254 - INFO -   Training Std: 20.3994
2025-04-18 15:37:11,254 - INFO - Kolmogorov-Smirnov Test:
2025-04-18 15:37:11,254 - INFO -   KS Statistic: 0.1918
2025-04-18 15:37:11,254 - INFO -   P-value: 0.0000
2025-04-18 15:37:11,254 - INFO - Distribution Fit: Inverse Gamma
2025-04-18 15:37:11,254 - INFO - Distribution Parameters: {'a': 3.5093212085018015, 'loc': -0.2207140712018134, 'scale': 55.73445932737795}
2025-04-18 15:37:12,169 - INFO - Validation and Training Set Split Statistics
2025-04-18 15:37:12,169 - INFO - Timestamp: 2025-04-18 15:37:12
2025-04-18 15:37:12,169 - INFO - Validation set size: 1355 (8.21%)
2025-04-18 15:37:12,170 - INFO - Training set size: 15159 (91.79%)
2025-04-18 15:37:12,170 - INFO - Minimum Distance Statistics (km):
2025-04-18 15:37:12,170 - INFO -   Mean: 73.8248
2025-04-18 15:37:12,170 - INFO -   Median: 5.5952
2025-04-18 15:37:12,170 - INFO -   Min: 1.2065
2025-04-18 15:37:12,170 - INFO -   Max: 702.5656
2025-04-18 15:37:12,170 - INFO -   Std: 115.7588
2025-04-18 15:37:12,170 - INFO - OC Distribution Statistics:
2025-04-18 15:37:12,170 - INFO -   Validation Mean: 16.7790
2025-04-18 15:37:12,170 - INFO -   Validation Std: 8.8250
2025-04-18 15:37:12,170 - INFO -   Training Mean: 23.0406
2025-04-18 15:37:12,170 - INFO -   Training Std: 20.2784
2025-04-18 15:37:12,170 - INFO - Kolmogorov-Smirnov Test:
2025-04-18 15:37:12,170 - INFO -   KS Statistic: 0.2158
2025-04-18 15:37:12,170 - INFO -   P-value: 0.0000
2025-04-18 15:37:12,170 - INFO - Distribution Fit: Inverse Gamma
2025-04-18 15:37:12,170 - INFO - Distribution Parameters: {'a': 3.5093212085018015, 'loc': -0.2207140712018134, 'scale': 55.73445932737795}
2025-04-18 15:41:03,216 - INFO - Validation and Training Set Split Statistics
2025-04-18 15:41:03,216 - INFO - Timestamp: 2025-04-18 15:41:03
2025-04-18 15:41:03,216 - INFO - Validation set size: 1418 (8.59%)
2025-04-18 15:41:03,216 - INFO - Training set size: 15096 (91.41%)
2025-04-18 15:41:03,216 - INFO - Minimum Distance Statistics (km):
2025-04-18 15:41:03,216 - INFO -   Mean: 66.8974
2025-04-18 15:41:03,216 - INFO -   Median: 4.5729
2025-04-18 15:41:03,216 - INFO -   Min: 1.2329
2025-04-18 15:41:03,216 - INFO -   Max: 629.8500
2025-04-18 15:41:03,216 - INFO -   Std: 106.8594
2025-04-18 15:41:03,216 - INFO - OC Distribution Statistics:
2025-04-18 15:41:03,216 - INFO -   Validation Mean: 16.2824
2025-04-18 15:41:03,216 - INFO -   Validation Std: 7.9920
2025-04-18 15:41:03,217 - INFO -   Training Mean: 23.1133
2025-04-18 15:41:03,217 - INFO -   Training Std: 20.3259
2025-04-18 15:41:03,217 - INFO - Kolmogorov-Smirnov Test:
2025-04-18 15:41:03,217 - INFO -   KS Statistic: 0.2218
2025-04-18 15:41:03,217 - INFO -   P-value: 0.0000
2025-04-18 15:41:03,217 - INFO - Distribution Fit: Inverse Gamma
2025-04-18 15:41:03,217 - INFO - Distribution Parameters: {'a': 3.5093212085018015, 'loc': -0.2207140712018134, 'scale': 55.73445932737795}
2025-04-18 15:41:03,501 - INFO - Validation and Training Set Split Statistics
2025-04-18 15:41:03,501 - INFO - Timestamp: 2025-04-18 15:41:03
2025-04-18 15:41:03,501 - INFO - Validation set size: 1498 (9.07%)
2025-04-18 15:41:03,501 - INFO - Training set size: 15016 (90.93%)
2025-04-18 15:41:03,501 - INFO - Minimum Distance Statistics (km):
2025-04-18 15:41:03,501 - INFO -   Mean: 68.8992
2025-04-18 15:41:03,501 - INFO -   Median: 4.7667
2025-04-18 15:41:03,501 - INFO -   Min: 0.2243
2025-04-18 15:41:03,501 - INFO -   Max: 862.7749
2025-04-18 15:41:03,501 - INFO -   Std: 122.0867
2025-04-18 15:41:03,501 - INFO - OC Distribution Statistics:
2025-04-18 15:41:03,501 - INFO -   Validation Mean: 16.6490
2025-04-18 15:41:03,501 - INFO -   Validation Std: 7.8373
2025-04-18 15:41:03,501 - INFO -   Training Mean: 23.1132
2025-04-18 15:41:03,502 - INFO -   Training Std: 20.3835
2025-04-18 15:41:03,502 - INFO - Kolmogorov-Smirnov Test:
2025-04-18 15:41:03,502 - INFO -   KS Statistic: 0.2013
2025-04-18 15:41:03,502 - INFO -   P-value: 0.0000
2025-04-18 15:41:03,502 - INFO - Distribution Fit: Inverse Gamma
2025-04-18 15:41:03,502 - INFO - Distribution Parameters: {'a': 3.5093212085018015, 'loc': -0.2207140712018134, 'scale': 55.73445932737795}
2025-04-18 15:41:03,518 - INFO - Validation and Training Set Split Statistics
2025-04-18 15:41:03,518 - INFO - Timestamp: 2025-04-18 15:41:03
2025-04-18 15:41:03,518 - INFO - Validation set size: 1711 (10.36%)
2025-04-18 15:41:03,518 - INFO - Training set size: 14803 (89.64%)
2025-04-18 15:41:03,519 - INFO - Minimum Distance Statistics (km):
2025-04-18 15:41:03,519 - INFO -   Mean: 58.4095
2025-04-18 15:41:03,519 - INFO -   Median: 4.1551
2025-04-18 15:41:03,519 - INFO -   Min: 1.0475
2025-04-18 15:41:03,519 - INFO -   Max: 611.1372
2025-04-18 15:41:03,519 - INFO -   Std: 99.6764
2025-04-18 15:41:03,519 - INFO - OC Distribution Statistics:
2025-04-18 15:41:03,519 - INFO -   Validation Mean: 16.4824
2025-04-18 15:41:03,519 - INFO -   Validation Std: 7.7671
2025-04-18 15:41:03,519 - INFO -   Training Mean: 23.2254
2025-04-18 15:41:03,519 - INFO -   Training Std: 20.4900
2025-04-18 15:41:03,519 - INFO - Kolmogorov-Smirnov Test:
2025-04-18 15:41:03,519 - INFO -   KS Statistic: 0.2247
2025-04-18 15:41:03,519 - INFO -   P-value: 0.0000
2025-04-18 15:41:03,519 - INFO - Distribution Fit: Inverse Gamma
2025-04-18 15:41:03,519 - INFO - Distribution Parameters: {'a': 3.5093212085018015, 'loc': -0.2207140712018134, 'scale': 55.73445932737795}
2025-04-18 15:41:06,892 - INFO - Validation and Training Set Split Statistics
2025-04-18 15:41:06,892 - INFO - Timestamp: 2025-04-18 15:41:06
2025-04-18 15:41:06,892 - INFO - Validation set size: 1508 (9.13%)
2025-04-18 15:41:06,892 - INFO - Training set size: 15006 (90.87%)
2025-04-18 15:41:06,892 - INFO - Minimum Distance Statistics (km):
2025-04-18 15:41:06,892 - INFO -   Mean: 61.4474
2025-04-18 15:41:06,892 - INFO -   Median: 4.5290
2025-04-18 15:41:06,892 - INFO -   Min: 0.3437
2025-04-18 15:41:06,892 - INFO -   Max: 706.9584
2025-04-18 15:41:06,892 - INFO -   Std: 105.7066
2025-04-18 15:41:06,892 - INFO - OC Distribution Statistics:
2025-04-18 15:41:06,892 - INFO -   Validation Mean: 16.1624
2025-04-18 15:41:06,893 - INFO -   Validation Std: 8.2148
2025-04-18 15:41:06,893 - INFO -   Training Mean: 23.1664
2025-04-18 15:41:06,893 - INFO -   Training Std: 20.3574
2025-04-18 15:41:06,893 - INFO - Kolmogorov-Smirnov Test:
2025-04-18 15:41:06,893 - INFO -   KS Statistic: 0.2494
2025-04-18 15:41:06,893 - INFO -   P-value: 0.0000
2025-04-18 15:41:06,893 - INFO - Distribution Fit: Inverse Gamma
2025-04-18 15:41:06,893 - INFO - Distribution Parameters: {'a': 3.5093212085018015, 'loc': -0.2207140712018134, 'scale': 55.73445932737795}
2025-04-18 15:42:34,209 - INFO - Validation and Training Set Split Statistics
2025-04-18 15:42:34,209 - INFO - Timestamp: 2025-04-18 15:42:34
2025-04-18 15:42:34,209 - INFO - Validation set size: 1404 (8.50%)
2025-04-18 15:42:34,209 - INFO - Training set size: 15110 (91.50%)
2025-04-18 15:42:34,209 - INFO - Minimum Distance Statistics (km):
2025-04-18 15:42:34,209 - INFO -   Mean: 74.0609
2025-04-18 15:42:34,209 - INFO -   Median: 5.3115
2025-04-18 15:42:34,209 - INFO -   Min: 1.2065
2025-04-18 15:42:34,209 - INFO -   Max: 702.5656
2025-04-18 15:42:34,209 - INFO -   Std: 113.3278
2025-04-18 15:42:34,209 - INFO - OC Distribution Statistics:
2025-04-18 15:42:34,209 - INFO -   Validation Mean: 16.4076
2025-04-18 15:42:34,209 - INFO -   Validation Std: 7.8487
2025-04-18 15:42:34,209 - INFO -   Training Mean: 23.0954
2025-04-18 15:42:34,209 - INFO -   Training Std: 20.3281
2025-04-18 15:42:34,209 - INFO - Kolmogorov-Smirnov Test:
2025-04-18 15:42:34,209 - INFO -   KS Statistic: 0.2262
2025-04-18 15:42:34,209 - INFO -   P-value: 0.0000
2025-04-18 15:42:34,209 - INFO - Distribution Fit: Inverse Gamma
2025-04-18 15:42:34,209 - INFO - Distribution Parameters: {'a': 3.5093212085018015, 'loc': -0.2207140712018134, 'scale': 55.73445932737795}
2025-04-18 15:42:34,272 - INFO - Validation and Training Set Split Statistics
2025-04-18 15:42:34,272 - INFO - Timestamp: 2025-04-18 15:42:34
2025-04-18 15:42:34,272 - INFO - Validation set size: 1356 (8.21%)
2025-04-18 15:42:34,272 - INFO - Training set size: 15158 (91.79%)
2025-04-18 15:42:34,272 - INFO - Minimum Distance Statistics (km):
2025-04-18 15:42:34,272 - INFO -   Mean: 68.0963
2025-04-18 15:42:34,272 - INFO -   Median: 4.5760
2025-04-18 15:42:34,272 - INFO -   Min: 1.1349
2025-04-18 15:42:34,272 - INFO -   Max: 706.9584
2025-04-18 15:42:34,272 - INFO -   Std: 118.3841
2025-04-18 15:42:34,272 - INFO - OC Distribution Statistics:
2025-04-18 15:42:34,272 - INFO -   Validation Mean: 16.5531
2025-04-18 15:42:34,272 - INFO -   Validation Std: 7.5728
2025-04-18 15:42:34,272 - INFO -   Training Mean: 23.0612
2025-04-18 15:42:34,272 - INFO -   Training Std: 20.3177
2025-04-18 15:42:34,272 - INFO - Kolmogorov-Smirnov Test:
2025-04-18 15:42:34,272 - INFO -   KS Statistic: 0.1974
2025-04-18 15:42:34,272 - INFO -   P-value: 0.0000
2025-04-18 15:42:34,272 - INFO - Distribution Fit: Inverse Gamma
2025-04-18 15:42:34,272 - INFO - Distribution Parameters: {'a': 3.5093212085018015, 'loc': -0.2207140712018134, 'scale': 55.73445932737795}
2025-04-18 15:42:34,513 - INFO - Validation and Training Set Split Statistics
2025-04-18 15:42:34,514 - INFO - Timestamp: 2025-04-18 15:42:34
2025-04-18 15:42:34,514 - INFO - Validation set size: 1634 (9.89%)
2025-04-18 15:42:34,514 - INFO - Training set size: 14880 (90.11%)
2025-04-18 15:42:34,514 - INFO - Minimum Distance Statistics (km):
2025-04-18 15:42:34,514 - INFO -   Mean: 61.9524
2025-04-18 15:42:34,514 - INFO -   Median: 4.2460
2025-04-18 15:42:34,514 - INFO -   Min: 1.2738
2025-04-18 15:42:34,514 - INFO -   Max: 706.9584
2025-04-18 15:42:34,514 - INFO -   Std: 108.9078
2025-04-18 15:42:34,514 - INFO - OC Distribution Statistics:
2025-04-18 15:42:34,514 - INFO -   Validation Mean: 16.3320
2025-04-18 15:42:34,514 - INFO -   Validation Std: 7.0835
2025-04-18 15:42:34,514 - INFO -   Training Mean: 23.2070
2025-04-18 15:42:34,514 - INFO -   Training Std: 20.4720
2025-04-18 15:42:34,514 - INFO - Kolmogorov-Smirnov Test:
2025-04-18 15:42:34,514 - INFO -   KS Statistic: 0.2057
2025-04-18 15:42:34,514 - INFO -   P-value: 0.0000
2025-04-18 15:42:34,514 - INFO - Distribution Fit: Inverse Gamma
2025-04-18 15:42:34,514 - INFO - Distribution Parameters: {'a': 3.5093212085018015, 'loc': -0.2207140712018134, 'scale': 55.73445932737795}
2025-04-18 15:42:38,035 - INFO - Validation and Training Set Split Statistics
2025-04-18 15:42:38,035 - INFO - Timestamp: 2025-04-18 15:42:38
2025-04-18 15:42:38,035 - INFO - Validation set size: 1352 (8.19%)
2025-04-18 15:42:38,035 - INFO - Training set size: 15162 (91.81%)
2025-04-18 15:42:38,035 - INFO - Minimum Distance Statistics (km):
2025-04-18 15:42:38,035 - INFO -   Mean: 67.7188
2025-04-18 15:42:38,035 - INFO -   Median: 5.0148
2025-04-18 15:42:38,035 - INFO -   Min: 1.2156
2025-04-18 15:42:38,035 - INFO -   Max: 707.4892
2025-04-18 15:42:38,035 - INFO -   Std: 110.5155
2025-04-18 15:42:38,035 - INFO - OC Distribution Statistics:
2025-04-18 15:42:38,035 - INFO -   Validation Mean: 17.0459
2025-04-18 15:42:38,035 - INFO -   Validation Std: 8.4513
2025-04-18 15:42:38,035 - INFO -   Training Mean: 23.0155
2025-04-18 15:42:38,035 - INFO -   Training Std: 20.2983
2025-04-18 15:42:38,035 - INFO - Kolmogorov-Smirnov Test:
2025-04-18 15:42:38,035 - INFO -   KS Statistic: 0.1921
2025-04-18 15:42:38,035 - INFO -   P-value: 0.0000
2025-04-18 15:42:38,035 - INFO - Distribution Fit: Inverse Gamma
2025-04-18 15:42:38,035 - INFO - Distribution Parameters: {'a': 3.5093212085018015, 'loc': -0.2207140712018134, 'scale': 55.73445932737795}
2025-04-18 15:47:17,738 - INFO - Validation and Training Set Split Statistics
2025-04-18 15:47:17,738 - INFO - Timestamp: 2025-04-18 15:47:17
2025-04-18 15:47:17,738 - INFO - Validation set size: 1348 (8.16%)
2025-04-18 15:47:17,738 - INFO - Training set size: 15166 (91.84%)
2025-04-18 15:47:17,738 - INFO - Minimum Distance Statistics (km):
2025-04-18 15:47:17,738 - INFO -   Mean: 64.9008
2025-04-18 15:47:17,738 - INFO -   Median: 4.6041
2025-04-18 15:47:17,738 - INFO -   Min: 1.2065
2025-04-18 15:47:17,738 - INFO -   Max: 705.4078
2025-04-18 15:47:17,738 - INFO -   Std: 102.8534
2025-04-18 15:47:17,738 - INFO - OC Distribution Statistics:
2025-04-18 15:47:17,738 - INFO -   Validation Mean: 16.6614
2025-04-18 15:47:17,738 - INFO -   Validation Std: 7.8311
2025-04-18 15:47:17,738 - INFO -   Training Mean: 23.0481
2025-04-18 15:47:17,738 - INFO -   Training Std: 20.3080
2025-04-18 15:47:17,738 - INFO - Kolmogorov-Smirnov Test:
2025-04-18 15:47:17,738 - INFO -   KS Statistic: 0.1893
2025-04-18 15:47:17,738 - INFO -   P-value: 0.0000
2025-04-18 15:47:17,738 - INFO - Distribution Fit: Inverse Gamma
2025-04-18 15:47:17,738 - INFO - Distribution Parameters: {'a': 3.5093212085018015, 'loc': -0.2207140712018134, 'scale': 55.73445932737795}
2025-04-18 15:47:17,752 - INFO - Validation and Training Set Split Statistics
2025-04-18 15:47:17,752 - INFO - Timestamp: 2025-04-18 15:47:17
2025-04-18 15:47:17,753 - INFO - Validation set size: 1362 (8.25%)
2025-04-18 15:47:17,753 - INFO - Training set size: 15152 (91.75%)
2025-04-18 15:47:17,753 - INFO - Minimum Distance Statistics (km):
2025-04-18 15:47:17,753 - INFO -   Mean: 75.4716
2025-04-18 15:47:17,753 - INFO -   Median: 5.2639
2025-04-18 15:47:17,753 - INFO -   Min: 1.2156
2025-04-18 15:47:17,753 - INFO -   Max: 835.9450
2025-04-18 15:47:17,753 - INFO -   Std: 123.2674
2025-04-18 15:47:17,753 - INFO - OC Distribution Statistics:
2025-04-18 15:47:17,753 - INFO -   Validation Mean: 16.5711
2025-04-18 15:47:17,753 - INFO -   Validation Std: 8.5312
2025-04-18 15:47:17,753 - INFO -   Training Mean: 23.0621
2025-04-18 15:47:17,753 - INFO -   Training Std: 20.2871
2025-04-18 15:47:17,753 - INFO - Kolmogorov-Smirnov Test:
2025-04-18 15:47:17,753 - INFO -   KS Statistic: 0.2266
2025-04-18 15:47:17,753 - INFO -   P-value: 0.0000
2025-04-18 15:47:17,753 - INFO - Distribution Fit: Inverse Gamma
2025-04-18 15:47:17,753 - INFO - Distribution Parameters: {'a': 3.5093212085018015, 'loc': -0.2207140712018134, 'scale': 55.73445932737795}
2025-04-18 15:47:17,939 - INFO - Validation and Training Set Split Statistics
2025-04-18 15:47:17,940 - INFO - Timestamp: 2025-04-18 15:47:17
2025-04-18 15:47:17,940 - INFO - Validation set size: 1348 (8.16%)
2025-04-18 15:47:17,940 - INFO - Training set size: 15166 (91.84%)
2025-04-18 15:47:17,940 - INFO - Minimum Distance Statistics (km):
2025-04-18 15:47:17,940 - INFO -   Mean: 71.9479
2025-04-18 15:47:17,940 - INFO -   Median: 4.2015
2025-04-18 15:47:17,940 - INFO -   Min: 1.0321
2025-04-18 15:47:17,940 - INFO -   Max: 1106.1626
2025-04-18 15:47:17,940 - INFO -   Std: 122.0630
2025-04-18 15:47:17,940 - INFO - OC Distribution Statistics:
2025-04-18 15:47:17,940 - INFO -   Validation Mean: 16.4793
2025-04-18 15:47:17,940 - INFO -   Validation Std: 7.7282
2025-04-18 15:47:17,940 - INFO -   Training Mean: 23.0643
2025-04-18 15:47:17,940 - INFO -   Training Std: 20.3063
2025-04-18 15:47:17,940 - INFO - Kolmogorov-Smirnov Test:
2025-04-18 15:47:17,940 - INFO -   KS Statistic: 0.2163
2025-04-18 15:47:17,940 - INFO -   P-value: 0.0000
2025-04-18 15:47:17,940 - INFO - Distribution Fit: Inverse Gamma
2025-04-18 15:47:17,940 - INFO - Distribution Parameters: {'a': 3.5093212085018015, 'loc': -0.2207140712018134, 'scale': 55.73445932737795}
2025-04-18 15:47:22,237 - INFO - Validation and Training Set Split Statistics
2025-04-18 15:47:22,237 - INFO - Timestamp: 2025-04-18 15:47:22
2025-04-18 15:47:22,237 - INFO - Validation set size: 1404 (8.50%)
2025-04-18 15:47:22,237 - INFO - Training set size: 15110 (91.50%)
2025-04-18 15:47:22,237 - INFO - Minimum Distance Statistics (km):
2025-04-18 15:47:22,237 - INFO -   Mean: 65.3570
2025-04-18 15:47:22,237 - INFO -   Median: 4.0360
2025-04-18 15:47:22,237 - INFO -   Min: 1.1288
2025-04-18 15:47:22,237 - INFO -   Max: 601.2913
2025-04-18 15:47:22,238 - INFO -   Std: 103.1632
2025-04-18 15:47:22,238 - INFO - OC Distribution Statistics:
2025-04-18 15:47:22,238 - INFO -   Validation Mean: 16.8443
2025-04-18 15:47:22,238 - INFO -   Validation Std: 8.4645
2025-04-18 15:47:22,238 - INFO -   Training Mean: 23.0548
2025-04-18 15:47:22,238 - INFO -   Training Std: 20.3180
2025-04-18 15:47:22,238 - INFO - Kolmogorov-Smirnov Test:
2025-04-18 15:47:22,238 - INFO -   KS Statistic: 0.1884
2025-04-18 15:47:22,238 - INFO -   P-value: 0.0000
2025-04-18 15:47:22,238 - INFO - Distribution Fit: Inverse Gamma
2025-04-18 15:47:22,238 - INFO - Distribution Parameters: {'a': 3.5093212085018015, 'loc': -0.2207140712018134, 'scale': 55.73445932737795}
2025-04-18 15:54:12,333 - INFO - Validation and Training Set Split Statistics
2025-04-18 15:54:12,333 - INFO - Timestamp: 2025-04-18 15:54:12
2025-04-18 15:54:12,333 - INFO - Validation set size: 1646 (9.97%)
2025-04-18 15:54:12,333 - INFO - Training set size: 14868 (90.03%)
2025-04-18 15:54:12,333 - INFO - Minimum Distance Statistics (km):
2025-04-18 15:54:12,333 - INFO -   Mean: 65.4694
2025-04-18 15:54:12,333 - INFO -   Median: 3.9616
2025-04-18 15:54:12,333 - INFO -   Min: 0.8124
2025-04-18 15:54:12,333 - INFO -   Max: 866.4875
2025-04-18 15:54:12,333 - INFO -   Std: 117.8881
2025-04-18 15:54:12,333 - INFO - OC Distribution Statistics:
2025-04-18 15:54:12,333 - INFO -   Validation Mean: 16.8088
2025-04-18 15:54:12,333 - INFO -   Validation Std: 8.2846
2025-04-18 15:54:12,334 - INFO -   Training Mean: 23.1598
2025-04-18 15:54:12,334 - INFO -   Training Std: 20.4455
2025-04-18 15:54:12,334 - INFO - Kolmogorov-Smirnov Test:
2025-04-18 15:54:12,334 - INFO -   KS Statistic: 0.2071
2025-04-18 15:54:12,334 - INFO -   P-value: 0.0000
2025-04-18 15:54:12,334 - INFO - Distribution Fit: Inverse Gamma
2025-04-18 15:54:12,334 - INFO - Distribution Parameters: {'a': 3.5093212085018015, 'loc': -0.2207140712018134, 'scale': 55.73445932737795}
2025-04-18 15:54:12,517 - INFO - Validation and Training Set Split Statistics
2025-04-18 15:54:12,518 - INFO - Timestamp: 2025-04-18 15:54:12
2025-04-18 15:54:12,518 - INFO - Validation set size: 1360 (8.24%)
2025-04-18 15:54:12,518 - INFO - Training set size: 15154 (91.76%)
2025-04-18 15:54:12,518 - INFO - Minimum Distance Statistics (km):
2025-04-18 15:54:12,518 - INFO -   Mean: 63.2189
2025-04-18 15:54:12,518 - INFO -   Median: 4.2475
2025-04-18 15:54:12,518 - INFO -   Min: 1.1342
2025-04-18 15:54:12,518 - INFO -   Max: 716.7388
2025-04-18 15:54:12,518 - INFO -   Std: 111.9960
2025-04-18 15:54:12,518 - INFO - OC Distribution Statistics:
2025-04-18 15:54:12,518 - INFO -   Validation Mean: 16.5682
2025-04-18 15:54:12,518 - INFO -   Validation Std: 8.2913
2025-04-18 15:54:12,518 - INFO -   Training Mean: 23.0615
2025-04-18 15:54:12,518 - INFO -   Training Std: 20.2950
2025-04-18 15:54:12,518 - INFO - Kolmogorov-Smirnov Test:
2025-04-18 15:54:12,518 - INFO -   KS Statistic: 0.2015
2025-04-18 15:54:12,518 - INFO -   P-value: 0.0000
2025-04-18 15:54:12,518 - INFO - Distribution Fit: Inverse Gamma
2025-04-18 15:54:12,518 - INFO - Distribution Parameters: {'a': 3.5093212085018015, 'loc': -0.2207140712018134, 'scale': 55.73445932737795}
2025-04-18 15:54:12,649 - INFO - Validation and Training Set Split Statistics
2025-04-18 15:54:12,649 - INFO - Timestamp: 2025-04-18 15:54:12
2025-04-18 15:54:12,649 - INFO - Validation set size: 1650 (9.99%)
2025-04-18 15:54:12,649 - INFO - Training set size: 14864 (90.01%)
2025-04-18 15:54:12,649 - INFO - Minimum Distance Statistics (km):
2025-04-18 15:54:12,649 - INFO -   Mean: 62.8710
2025-04-18 15:54:12,649 - INFO -   Median: 3.8455
2025-04-18 15:54:12,649 - INFO -   Min: 1.2497
2025-04-18 15:54:12,649 - INFO -   Max: 888.3558
2025-04-18 15:54:12,649 - INFO -   Std: 113.5432
2025-04-18 15:54:12,649 - INFO - OC Distribution Statistics:
2025-04-18 15:54:12,649 - INFO -   Validation Mean: 15.9435
2025-04-18 15:54:12,649 - INFO -   Validation Std: 7.0775
2025-04-18 15:54:12,649 - INFO -   Training Mean: 23.2576
2025-04-18 15:54:12,649 - INFO -   Training Std: 20.4658
2025-04-18 15:54:12,650 - INFO - Kolmogorov-Smirnov Test:
2025-04-18 15:54:12,650 - INFO -   KS Statistic: 0.2490
2025-04-18 15:54:12,650 - INFO -   P-value: 0.0000
2025-04-18 15:54:12,650 - INFO - Distribution Fit: Inverse Gamma
2025-04-18 15:54:12,650 - INFO - Distribution Parameters: {'a': 3.5093212085018015, 'loc': -0.2207140712018134, 'scale': 55.73445932737795}
2025-04-18 15:54:16,107 - INFO - Validation and Training Set Split Statistics
2025-04-18 15:54:16,108 - INFO - Timestamp: 2025-04-18 15:54:16
2025-04-18 15:54:16,108 - INFO - Validation set size: 1368 (8.28%)
2025-04-18 15:54:16,108 - INFO - Training set size: 15146 (91.72%)
2025-04-18 15:54:16,108 - INFO - Minimum Distance Statistics (km):
2025-04-18 15:54:16,108 - INFO -   Mean: 73.7441
2025-04-18 15:54:16,108 - INFO -   Median: 4.5043
2025-04-18 15:54:16,108 - INFO -   Min: 0.8608
2025-04-18 15:54:16,108 - INFO -   Max: 751.3159
2025-04-18 15:54:16,108 - INFO -   Std: 124.3706
2025-04-18 15:54:16,108 - INFO - OC Distribution Statistics:
2025-04-18 15:54:16,108 - INFO -   Validation Mean: 17.2158
2025-04-18 15:54:16,108 - INFO -   Validation Std: 9.1486
2025-04-18 15:54:16,108 - INFO -   Training Mean: 23.0065
2025-04-18 15:54:16,108 - INFO -   Training Std: 20.2834
2025-04-18 15:54:16,108 - INFO - Kolmogorov-Smirnov Test:
2025-04-18 15:54:16,108 - INFO -   KS Statistic: 0.1867
2025-04-18 15:54:16,108 - INFO -   P-value: 0.0000
2025-04-18 15:54:16,108 - INFO - Distribution Fit: Inverse Gamma
2025-04-18 15:54:16,108 - INFO - Distribution Parameters: {'a': 3.5093212085018015, 'loc': -0.2207140712018134, 'scale': 55.73445932737795}
2025-04-18 15:59:43,194 - INFO - Validation and Training Set Split Statistics
2025-04-18 15:59:43,194 - INFO - Timestamp: 2025-04-18 15:59:43
2025-04-18 15:59:43,194 - INFO - Validation set size: 1383 (8.37%)
2025-04-18 15:59:43,194 - INFO - Training set size: 15131 (91.63%)
2025-04-18 15:59:43,194 - INFO - Minimum Distance Statistics (km):
2025-04-18 15:59:43,194 - INFO -   Mean: 63.5356
2025-04-18 15:59:43,194 - INFO -   Median: 4.4468
2025-04-18 15:59:43,194 - INFO -   Min: 0.7371
2025-04-18 15:59:43,194 - INFO -   Max: 835.9450
2025-04-18 15:59:43,194 - INFO -   Std: 114.4143
2025-04-18 15:59:43,194 - INFO - OC Distribution Statistics:
2025-04-18 15:59:43,194 - INFO -   Validation Mean: 16.2801
2025-04-18 15:59:43,194 - INFO -   Validation Std: 7.4921
2025-04-18 15:59:43,194 - INFO -   Training Mean: 23.0977
2025-04-18 15:59:43,194 - INFO -   Training Std: 20.3260
2025-04-18 15:59:43,194 - INFO - Kolmogorov-Smirnov Test:
2025-04-18 15:59:43,194 - INFO -   KS Statistic: 0.2233
2025-04-18 15:59:43,194 - INFO -   P-value: 0.0000
2025-04-18 15:59:43,194 - INFO - Distribution Fit: Inverse Gamma
2025-04-18 15:59:43,194 - INFO - Distribution Parameters: {'a': 3.5093212085018015, 'loc': -0.2207140712018134, 'scale': 55.73445932737795}
2025-04-18 15:59:43,221 - INFO - Validation and Training Set Split Statistics
2025-04-18 15:59:43,221 - INFO - Timestamp: 2025-04-18 15:59:43
2025-04-18 15:59:43,221 - INFO - Validation set size: 1343 (8.13%)
2025-04-18 15:59:43,221 - INFO - Training set size: 15171 (91.87%)
2025-04-18 15:59:43,221 - INFO - Minimum Distance Statistics (km):
2025-04-18 15:59:43,221 - INFO -   Mean: 69.7134
2025-04-18 15:59:43,221 - INFO -   Median: 4.6353
2025-04-18 15:59:43,221 - INFO -   Min: 1.2065
2025-04-18 15:59:43,221 - INFO -   Max: 706.9584
2025-04-18 15:59:43,221 - INFO -   Std: 112.5664
2025-04-18 15:59:43,221 - INFO - OC Distribution Statistics:
2025-04-18 15:59:43,221 - INFO -   Validation Mean: 16.4026
2025-04-18 15:59:43,221 - INFO -   Validation Std: 7.0497
2025-04-18 15:59:43,221 - INFO -   Training Mean: 23.0689
2025-04-18 15:59:43,221 - INFO -   Training Std: 20.3235
2025-04-18 15:59:43,222 - INFO - Kolmogorov-Smirnov Test:
2025-04-18 15:59:43,222 - INFO -   KS Statistic: 0.1945
2025-04-18 15:59:43,222 - INFO -   P-value: 0.0000
2025-04-18 15:59:43,222 - INFO - Distribution Fit: Inverse Gamma
2025-04-18 15:59:43,222 - INFO - Distribution Parameters: {'a': 3.5093212085018015, 'loc': -0.2207140712018134, 'scale': 55.73445932737795}
2025-04-18 15:59:43,239 - INFO - Validation and Training Set Split Statistics
2025-04-18 15:59:43,239 - INFO - Timestamp: 2025-04-18 15:59:43
2025-04-18 15:59:43,239 - INFO - Validation set size: 1338 (8.10%)
2025-04-18 15:59:43,239 - INFO - Training set size: 15176 (91.90%)
2025-04-18 15:59:43,239 - INFO - Minimum Distance Statistics (km):
2025-04-18 15:59:43,239 - INFO -   Mean: 63.3024
2025-04-18 15:59:43,239 - INFO -   Median: 4.3323
2025-04-18 15:59:43,239 - INFO -   Min: 0.7102
2025-04-18 15:59:43,239 - INFO -   Max: 866.4875
2025-04-18 15:59:43,239 - INFO -   Std: 112.3327
2025-04-18 15:59:43,239 - INFO - OC Distribution Statistics:
2025-04-18 15:59:43,240 - INFO -   Validation Mean: 16.4520
2025-04-18 15:59:43,240 - INFO -   Validation Std: 8.0577
2025-04-18 15:59:43,240 - INFO -   Training Mean: 23.0624
2025-04-18 15:59:43,240 - INFO -   Training Std: 20.2892
2025-04-18 15:59:43,240 - INFO - Kolmogorov-Smirnov Test:
2025-04-18 15:59:43,240 - INFO -   KS Statistic: 0.2204
2025-04-18 15:59:43,240 - INFO -   P-value: 0.0000
2025-04-18 15:59:43,240 - INFO - Distribution Fit: Inverse Gamma
2025-04-18 15:59:43,240 - INFO - Distribution Parameters: {'a': 3.5093212085018015, 'loc': -0.2207140712018134, 'scale': 55.73445932737795}
2025-04-18 15:59:47,204 - INFO - Validation and Training Set Split Statistics
2025-04-18 15:59:47,204 - INFO - Timestamp: 2025-04-18 15:59:47
2025-04-18 15:59:47,204 - INFO - Validation set size: 1677 (10.16%)
2025-04-18 15:59:47,204 - INFO - Training set size: 14837 (89.84%)
2025-04-18 15:59:47,204 - INFO - Minimum Distance Statistics (km):
2025-04-18 15:59:47,204 - INFO -   Mean: 64.2315
2025-04-18 15:59:47,204 - INFO -   Median: 4.0399
2025-04-18 15:59:47,204 - INFO -   Min: 1.2065
2025-04-18 15:59:47,204 - INFO -   Max: 1106.1626
2025-04-18 15:59:47,204 - INFO -   Std: 130.7781
2025-04-18 15:59:47,204 - INFO - OC Distribution Statistics:
2025-04-18 15:59:47,204 - INFO -   Validation Mean: 16.6691
2025-04-18 15:59:47,204 - INFO -   Validation Std: 8.3968
2025-04-18 15:59:47,204 - INFO -   Training Mean: 23.1889
2025-04-18 15:59:47,204 - INFO -   Training Std: 20.4512
2025-04-18 15:59:47,204 - INFO - Kolmogorov-Smirnov Test:
2025-04-18 15:59:47,204 - INFO -   KS Statistic: 0.2181
2025-04-18 15:59:47,204 - INFO -   P-value: 0.0000
2025-04-18 15:59:47,204 - INFO - Distribution Fit: Inverse Gamma
2025-04-18 15:59:47,204 - INFO - Distribution Parameters: {'a': 3.5093212085018015, 'loc': -0.2207140712018134, 'scale': 55.73445932737795}
2025-04-18 16:18:34,560 - INFO - Validation and Training Set Split Statistics
2025-04-18 16:18:34,561 - INFO - Timestamp: 2025-04-18 16:18:34
2025-04-18 16:18:34,561 - INFO - Validation set size: 1409 (8.53%)
2025-04-18 16:18:34,561 - INFO - Training set size: 15105 (91.47%)
2025-04-18 16:18:34,561 - INFO - Minimum Distance Statistics (km):
2025-04-18 16:18:34,561 - INFO -   Mean: 62.1104
2025-04-18 16:18:34,561 - INFO -   Median: 5.0097
2025-04-18 16:18:34,561 - INFO -   Min: 0.9587
2025-04-18 16:18:34,561 - INFO -   Max: 705.4078
2025-04-18 16:18:34,561 - INFO -   Std: 105.4262
2025-04-18 16:18:34,561 - INFO - OC Distribution Statistics:
2025-04-18 16:18:34,561 - INFO -   Validation Mean: 16.5514
2025-04-18 16:18:34,561 - INFO -   Validation Std: 7.8868
2025-04-18 16:18:34,561 - INFO -   Training Mean: 23.0842
2025-04-18 16:18:34,561 - INFO -   Training Std: 20.3335
2025-04-18 16:18:34,561 - INFO - Kolmogorov-Smirnov Test:
2025-04-18 16:18:34,561 - INFO -   KS Statistic: 0.2059
2025-04-18 16:18:34,561 - INFO -   P-value: 0.0000
2025-04-18 16:18:34,561 - INFO - Distribution Fit: Inverse Gamma
2025-04-18 16:18:34,561 - INFO - Distribution Parameters: {'a': 3.5093212085018015, 'loc': -0.2207140712018134, 'scale': 55.73445932737795}
2025-04-18 16:18:34,883 - INFO - Validation and Training Set Split Statistics
2025-04-18 16:18:34,883 - INFO - Timestamp: 2025-04-18 16:18:34
2025-04-18 16:18:34,883 - INFO - Validation set size: 1546 (9.36%)
2025-04-18 16:18:34,883 - INFO - Training set size: 14968 (90.64%)
2025-04-18 16:18:34,883 - INFO - Minimum Distance Statistics (km):
2025-04-18 16:18:34,883 - INFO -   Mean: 60.9657
2025-04-18 16:18:34,883 - INFO -   Median: 4.2475
2025-04-18 16:18:34,883 - INFO -   Min: 0.3437
2025-04-18 16:18:34,883 - INFO -   Max: 917.1429
2025-04-18 16:18:34,883 - INFO -   Std: 107.2030
2025-04-18 16:18:34,883 - INFO - OC Distribution Statistics:
2025-04-18 16:18:34,883 - INFO -   Validation Mean: 16.4842
2025-04-18 16:18:34,883 - INFO -   Validation Std: 7.8586
2025-04-18 16:18:34,883 - INFO -   Training Mean: 23.1509
2025-04-18 16:18:34,883 - INFO -   Training Std: 20.4017
2025-04-18 16:18:34,883 - INFO - Kolmogorov-Smirnov Test:
2025-04-18 16:18:34,883 - INFO -   KS Statistic: 0.2146
2025-04-18 16:18:34,883 - INFO -   P-value: 0.0000
2025-04-18 16:18:34,884 - INFO - Distribution Fit: Inverse Gamma
2025-04-18 16:18:34,884 - INFO - Distribution Parameters: {'a': 3.5093212085018015, 'loc': -0.2207140712018134, 'scale': 55.73445932737795}
2025-04-18 16:18:34,887 - INFO - Validation and Training Set Split Statistics
2025-04-18 16:18:34,887 - INFO - Timestamp: 2025-04-18 16:18:34
2025-04-18 16:18:34,887 - INFO - Validation set size: 1556 (9.42%)
2025-04-18 16:18:34,887 - INFO - Training set size: 14958 (90.58%)
2025-04-18 16:18:34,887 - INFO - Minimum Distance Statistics (km):
2025-04-18 16:18:34,887 - INFO -   Mean: 58.6497
2025-04-18 16:18:34,887 - INFO -   Median: 4.2696
2025-04-18 16:18:34,887 - INFO -   Min: 0.7391
2025-04-18 16:18:34,887 - INFO -   Max: 705.4078
2025-04-18 16:18:34,887 - INFO -   Std: 99.4915
2025-04-18 16:18:34,887 - INFO - OC Distribution Statistics:
2025-04-18 16:18:34,887 - INFO -   Validation Mean: 16.7342
2025-04-18 16:18:34,887 - INFO -   Validation Std: 8.1778
2025-04-18 16:18:34,887 - INFO -   Training Mean: 23.1294
2025-04-18 16:18:34,887 - INFO -   Training Std: 20.4020
2025-04-18 16:18:34,888 - INFO - Kolmogorov-Smirnov Test:
2025-04-18 16:18:34,888 - INFO -   KS Statistic: 0.2089
2025-04-18 16:18:34,888 - INFO -   P-value: 0.0000
2025-04-18 16:18:34,888 - INFO - Distribution Fit: Inverse Gamma
2025-04-18 16:18:34,888 - INFO - Distribution Parameters: {'a': 3.5093212085018015, 'loc': -0.2207140712018134, 'scale': 55.73445932737795}
2025-04-18 16:18:36,052 - INFO - Validation and Training Set Split Statistics
2025-04-18 16:18:36,052 - INFO - Timestamp: 2025-04-18 16:18:36
2025-04-18 16:18:36,052 - INFO - Validation set size: 1363 (8.25%)
2025-04-18 16:18:36,052 - INFO - Training set size: 15151 (91.75%)
2025-04-18 16:18:36,052 - INFO - Minimum Distance Statistics (km):
2025-04-18 16:18:36,052 - INFO -   Mean: 61.8174
2025-04-18 16:18:36,052 - INFO -   Median: 4.2711
2025-04-18 16:18:36,052 - INFO -   Min: 1.2156
2025-04-18 16:18:36,052 - INFO -   Max: 917.2720
2025-04-18 16:18:36,052 - INFO -   Std: 109.2471
2025-04-18 16:18:36,052 - INFO - OC Distribution Statistics:
2025-04-18 16:18:36,052 - INFO -   Validation Mean: 16.4842
2025-04-18 16:18:36,052 - INFO -   Validation Std: 7.8769
2025-04-18 16:18:36,052 - INFO -   Training Mean: 23.0704
2025-04-18 16:18:36,052 - INFO -   Training Std: 20.3089
2025-04-18 16:18:36,052 - INFO - Kolmogorov-Smirnov Test:
2025-04-18 16:18:36,052 - INFO -   KS Statistic: 0.2220
2025-04-18 16:18:36,052 - INFO -   P-value: 0.0000
2025-04-18 16:18:36,052 - INFO - Distribution Fit: Inverse Gamma
2025-04-18 16:18:36,052 - INFO - Distribution Parameters: {'a': 3.5093212085018015, 'loc': -0.2207140712018134, 'scale': 55.73445932737795}
2025-04-18 16:23:17,265 - INFO - Validation and Training Set Split Statistics
2025-04-18 16:23:17,266 - INFO - Timestamp: 2025-04-18 16:23:17
2025-04-18 16:23:17,266 - INFO - Validation set size: 1432 (8.67%)
2025-04-18 16:23:17,266 - INFO - Training set size: 15082 (91.33%)
2025-04-18 16:23:17,266 - INFO - Minimum Distance Statistics (km):
2025-04-18 16:23:17,266 - INFO -   Mean: 67.7408
2025-04-18 16:23:17,266 - INFO -   Median: 4.5236
2025-04-18 16:23:17,266 - INFO -   Min: 1.2497
2025-04-18 16:23:17,266 - INFO -   Max: 743.7101
2025-04-18 16:23:17,266 - INFO -   Std: 110.9264
2025-04-18 16:23:17,266 - INFO - OC Distribution Statistics:
2025-04-18 16:23:17,266 - INFO -   Validation Mean: 16.3081
2025-04-18 16:23:17,266 - INFO -   Validation Std: 7.7456
2025-04-18 16:23:17,266 - INFO -   Training Mean: 23.1172
2025-04-18 16:23:17,266 - INFO -   Training Std: 20.3427
2025-04-18 16:23:17,266 - INFO - Kolmogorov-Smirnov Test:
2025-04-18 16:23:17,266 - INFO -   KS Statistic: 0.2250
2025-04-18 16:23:17,266 - INFO -   P-value: 0.0000
2025-04-18 16:23:17,266 - INFO - Distribution Fit: Inverse Gamma
2025-04-18 16:23:17,266 - INFO - Distribution Parameters: {'a': 3.5093212085018015, 'loc': -0.2207140712018134, 'scale': 55.73445932737795}
2025-04-18 16:23:17,279 - INFO - Validation and Training Set Split Statistics
2025-04-18 16:23:17,279 - INFO - Timestamp: 2025-04-18 16:23:17
2025-04-18 16:23:17,279 - INFO - Validation set size: 1419 (8.59%)
2025-04-18 16:23:17,279 - INFO - Training set size: 15095 (91.41%)
2025-04-18 16:23:17,279 - INFO - Minimum Distance Statistics (km):
2025-04-18 16:23:17,279 - INFO -   Mean: 60.0343
2025-04-18 16:23:17,279 - INFO -   Median: 4.0771
2025-04-18 16:23:17,279 - INFO -   Min: 1.0979
2025-04-18 16:23:17,279 - INFO -   Max: 888.3558
2025-04-18 16:23:17,279 - INFO -   Std: 105.9987
2025-04-18 16:23:17,279 - INFO - OC Distribution Statistics:
2025-04-18 16:23:17,279 - INFO -   Validation Mean: 16.6318
2025-04-18 16:23:17,279 - INFO -   Validation Std: 8.1667
2025-04-18 16:23:17,279 - INFO -   Training Mean: 23.0809
2025-04-18 16:23:17,279 - INFO -   Training Std: 20.3306
2025-04-18 16:23:17,279 - INFO - Kolmogorov-Smirnov Test:
2025-04-18 16:23:17,279 - INFO -   KS Statistic: 0.2272
2025-04-18 16:23:17,279 - INFO -   P-value: 0.0000
2025-04-18 16:23:17,279 - INFO - Distribution Fit: Inverse Gamma
2025-04-18 16:23:17,279 - INFO - Distribution Parameters: {'a': 3.5093212085018015, 'loc': -0.2207140712018134, 'scale': 55.73445932737795}
2025-04-18 16:23:17,539 - INFO - Validation and Training Set Split Statistics
2025-04-18 16:23:17,539 - INFO - Timestamp: 2025-04-18 16:23:17
2025-04-18 16:23:17,539 - INFO - Validation set size: 1477 (8.94%)
2025-04-18 16:23:17,539 - INFO - Training set size: 15037 (91.06%)
2025-04-18 16:23:17,539 - INFO - Minimum Distance Statistics (km):
2025-04-18 16:23:17,539 - INFO -   Mean: 67.4486
2025-04-18 16:23:17,539 - INFO -   Median: 4.2696
2025-04-18 16:23:17,539 - INFO -   Min: 1.0321
2025-04-18 16:23:17,539 - INFO -   Max: 1464.8564
2025-04-18 16:23:17,539 - INFO -   Std: 129.1775
2025-04-18 16:23:17,539 - INFO - OC Distribution Statistics:
2025-04-18 16:23:17,539 - INFO -   Validation Mean: 16.6305
2025-04-18 16:23:17,539 - INFO -   Validation Std: 7.7316
2025-04-18 16:23:17,539 - INFO -   Training Mean: 23.1059
2025-04-18 16:23:17,539 - INFO -   Training Std: 20.3761
2025-04-18 16:23:17,539 - INFO - Kolmogorov-Smirnov Test:
2025-04-18 16:23:17,539 - INFO -   KS Statistic: 0.2070
2025-04-18 16:23:17,540 - INFO -   P-value: 0.0000
2025-04-18 16:23:17,540 - INFO - Distribution Fit: Inverse Gamma
2025-04-18 16:23:17,540 - INFO - Distribution Parameters: {'a': 3.5093212085018015, 'loc': -0.2207140712018134, 'scale': 55.73445932737795}
2025-04-18 16:23:21,273 - INFO - Validation and Training Set Split Statistics
2025-04-18 16:23:21,273 - INFO - Timestamp: 2025-04-18 16:23:21
2025-04-18 16:23:21,273 - INFO - Validation set size: 1606 (9.73%)
2025-04-18 16:23:21,273 - INFO - Training set size: 14908 (90.27%)
2025-04-18 16:23:21,273 - INFO - Minimum Distance Statistics (km):
2025-04-18 16:23:21,273 - INFO -   Mean: 69.1817
2025-04-18 16:23:21,273 - INFO -   Median: 4.0944
2025-04-18 16:23:21,273 - INFO -   Min: 0.8728
2025-04-18 16:23:21,273 - INFO -   Max: 1106.1626
2025-04-18 16:23:21,273 - INFO -   Std: 130.5800
2025-04-18 16:23:21,273 - INFO - OC Distribution Statistics:
2025-04-18 16:23:21,273 - INFO -   Validation Mean: 16.7636
2025-04-18 16:23:21,273 - INFO -   Validation Std: 7.7651
2025-04-18 16:23:21,273 - INFO -   Training Mean: 23.1476
2025-04-18 16:23:21,273 - INFO -   Training Std: 20.4457
2025-04-18 16:23:21,273 - INFO - Kolmogorov-Smirnov Test:
2025-04-18 16:23:21,273 - INFO -   KS Statistic: 0.2107
2025-04-18 16:23:21,273 - INFO -   P-value: 0.0000
2025-04-18 16:23:21,273 - INFO - Distribution Fit: Inverse Gamma
2025-04-18 16:23:21,273 - INFO - Distribution Parameters: {'a': 3.5093212085018015, 'loc': -0.2207140712018134, 'scale': 55.73445932737795}
2025-04-18 16:30:26,869 - INFO - Validation and Training Set Split Statistics
2025-04-18 16:30:26,869 - INFO - Timestamp: 2025-04-18 16:30:26
2025-04-18 16:30:26,869 - INFO - Validation set size: 1324 (8.02%)
2025-04-18 16:30:26,869 - INFO - Training set size: 15190 (91.98%)
2025-04-18 16:30:26,870 - INFO - Minimum Distance Statistics (km):
2025-04-18 16:30:26,870 - INFO -   Mean: 76.5445
2025-04-18 16:30:26,870 - INFO -   Median: 4.6944
2025-04-18 16:30:26,870 - INFO -   Min: 0.5501
2025-04-18 16:30:26,870 - INFO -   Max: 862.7749
2025-04-18 16:30:26,870 - INFO -   Std: 125.1766
2025-04-18 16:30:26,870 - INFO - OC Distribution Statistics:
2025-04-18 16:30:26,870 - INFO -   Validation Mean: 16.6185
2025-04-18 16:30:26,870 - INFO -   Validation Std: 8.0381
2025-04-18 16:30:26,870 - INFO -   Training Mean: 23.0418
2025-04-18 16:30:26,870 - INFO -   Training Std: 20.2877
2025-04-18 16:30:26,870 - INFO - Kolmogorov-Smirnov Test:
2025-04-18 16:30:26,870 - INFO -   KS Statistic: 0.2074
2025-04-18 16:30:26,870 - INFO -   P-value: 0.0000
2025-04-18 16:30:26,870 - INFO - Distribution Fit: Inverse Gamma
2025-04-18 16:30:26,870 - INFO - Distribution Parameters: {'a': 3.5093212085018015, 'loc': -0.2207140712018134, 'scale': 55.73445932737795}
2025-04-18 16:30:26,885 - INFO - Validation and Training Set Split Statistics
2025-04-18 16:30:26,885 - INFO - Timestamp: 2025-04-18 16:30:26
2025-04-18 16:30:26,885 - INFO - Validation set size: 1337 (8.10%)
2025-04-18 16:30:26,885 - INFO - Training set size: 15177 (91.90%)
2025-04-18 16:30:26,885 - INFO - Minimum Distance Statistics (km):
2025-04-18 16:30:26,885 - INFO -   Mean: 67.8548
2025-04-18 16:30:26,885 - INFO -   Median: 4.1551
2025-04-18 16:30:26,885 - INFO -   Min: 0.6067
2025-04-18 16:30:26,886 - INFO -   Max: 888.3558
2025-04-18 16:30:26,886 - INFO -   Std: 115.7669
2025-04-18 16:30:26,886 - INFO - OC Distribution Statistics:
2025-04-18 16:30:26,886 - INFO -   Validation Mean: 16.5071
2025-04-18 16:30:26,886 - INFO -   Validation Std: 7.9354
2025-04-18 16:30:26,886 - INFO -   Training Mean: 23.0571
2025-04-18 16:30:26,886 - INFO -   Training Std: 20.2946
2025-04-18 16:30:26,886 - INFO - Kolmogorov-Smirnov Test:
2025-04-18 16:30:26,886 - INFO -   KS Statistic: 0.2091
2025-04-18 16:30:26,886 - INFO -   P-value: 0.0000
2025-04-18 16:30:26,886 - INFO - Distribution Fit: Inverse Gamma
2025-04-18 16:30:26,886 - INFO - Distribution Parameters: {'a': 3.5093212085018015, 'loc': -0.2207140712018134, 'scale': 55.73445932737795}
2025-04-18 16:30:27,022 - INFO - Validation and Training Set Split Statistics
2025-04-18 16:30:27,022 - INFO - Timestamp: 2025-04-18 16:30:27
2025-04-18 16:30:27,022 - INFO - Validation set size: 1402 (8.49%)
2025-04-18 16:30:27,022 - INFO - Training set size: 15112 (91.51%)
2025-04-18 16:30:27,022 - INFO - Minimum Distance Statistics (km):
2025-04-18 16:30:27,022 - INFO -   Mean: 76.7981
2025-04-18 16:30:27,022 - INFO -   Median: 5.5185
2025-04-18 16:30:27,022 - INFO -   Min: 0.8608
2025-04-18 16:30:27,022 - INFO -   Max: 705.4078
2025-04-18 16:30:27,022 - INFO -   Std: 124.8871
2025-04-18 16:30:27,022 - INFO - OC Distribution Statistics:
2025-04-18 16:30:27,022 - INFO -   Validation Mean: 17.0174
2025-04-18 16:30:27,022 - INFO -   Validation Std: 8.9841
2025-04-18 16:30:27,022 - INFO -   Training Mean: 23.0379
2025-04-18 16:30:27,022 - INFO -   Training Std: 20.3011
2025-04-18 16:30:27,022 - INFO - Kolmogorov-Smirnov Test:
2025-04-18 16:30:27,022 - INFO -   KS Statistic: 0.1765
2025-04-18 16:30:27,022 - INFO -   P-value: 0.0000
2025-04-18 16:30:27,022 - INFO - Distribution Fit: Inverse Gamma
2025-04-18 16:30:27,022 - INFO - Distribution Parameters: {'a': 3.5093212085018015, 'loc': -0.2207140712018134, 'scale': 55.73445932737795}
2025-04-18 16:30:31,370 - INFO - Validation and Training Set Split Statistics
2025-04-18 16:30:31,370 - INFO - Timestamp: 2025-04-18 16:30:31
2025-04-18 16:30:31,370 - INFO - Validation set size: 1371 (8.30%)
2025-04-18 16:30:31,370 - INFO - Training set size: 15143 (91.70%)
2025-04-18 16:30:31,370 - INFO - Minimum Distance Statistics (km):
2025-04-18 16:30:31,370 - INFO -   Mean: 77.4261
2025-04-18 16:30:31,370 - INFO -   Median: 5.2369
2025-04-18 16:30:31,370 - INFO -   Min: 1.0890
2025-04-18 16:30:31,370 - INFO -   Max: 917.1429
2025-04-18 16:30:31,370 - INFO -   Std: 130.9726
2025-04-18 16:30:31,370 - INFO - OC Distribution Statistics:
2025-04-18 16:30:31,370 - INFO -   Validation Mean: 16.7643
2025-04-18 16:30:31,370 - INFO -   Validation Std: 8.3889
2025-04-18 16:30:31,370 - INFO -   Training Mean: 23.0485
2025-04-18 16:30:31,370 - INFO -   Training Std: 20.3023
2025-04-18 16:30:31,370 - INFO - Kolmogorov-Smirnov Test:
2025-04-18 16:30:31,370 - INFO -   KS Statistic: 0.2192
2025-04-18 16:30:31,370 - INFO -   P-value: 0.0000
2025-04-18 16:30:31,370 - INFO - Distribution Fit: Inverse Gamma
2025-04-18 16:30:31,370 - INFO - Distribution Parameters: {'a': 3.5093212085018015, 'loc': -0.2207140712018134, 'scale': 55.73445932737795}
2025-04-18 16:35:35,853 - INFO - Validation and Training Set Split Statistics
2025-04-18 16:35:35,853 - INFO - Timestamp: 2025-04-18 16:35:35
2025-04-18 16:35:35,853 - INFO - Validation set size: 1363 (8.25%)
2025-04-18 16:35:35,853 - INFO - Training set size: 15151 (91.75%)
2025-04-18 16:35:35,853 - INFO - Minimum Distance Statistics (km):
2025-04-18 16:35:35,853 - INFO -   Mean: 67.7765
2025-04-18 16:35:35,853 - INFO -   Median: 5.4365
2025-04-18 16:35:35,853 - INFO -   Min: 1.2596
2025-04-18 16:35:35,853 - INFO -   Max: 743.7101
2025-04-18 16:35:35,853 - INFO -   Std: 113.7314
2025-04-18 16:35:35,853 - INFO - OC Distribution Statistics:
2025-04-18 16:35:35,853 - INFO -   Validation Mean: 16.8363
2025-04-18 16:35:35,853 - INFO -   Validation Std: 9.2580
2025-04-18 16:35:35,853 - INFO -   Training Mean: 23.0387
2025-04-18 16:35:35,853 - INFO -   Training Std: 20.2664
2025-04-18 16:35:35,853 - INFO - Kolmogorov-Smirnov Test:
2025-04-18 16:35:35,853 - INFO -   KS Statistic: 0.2024
2025-04-18 16:35:35,853 - INFO -   P-value: 0.0000
2025-04-18 16:35:35,853 - INFO - Distribution Fit: Inverse Gamma
2025-04-18 16:35:35,853 - INFO - Distribution Parameters: {'a': 3.5093212085018015, 'loc': -0.2207140712018134, 'scale': 55.73445932737795}
2025-04-18 16:35:35,902 - INFO - Validation and Training Set Split Statistics
2025-04-18 16:35:35,902 - INFO - Timestamp: 2025-04-18 16:35:35
2025-04-18 16:35:35,902 - INFO - Validation set size: 1387 (8.40%)
2025-04-18 16:35:35,902 - INFO - Training set size: 15127 (91.60%)
2025-04-18 16:35:35,902 - INFO - Minimum Distance Statistics (km):
2025-04-18 16:35:35,902 - INFO -   Mean: 68.0799
2025-04-18 16:35:35,902 - INFO -   Median: 4.4468
2025-04-18 16:35:35,902 - INFO -   Min: 0.6067
2025-04-18 16:35:35,902 - INFO -   Max: 870.7197
2025-04-18 16:35:35,902 - INFO -   Std: 113.7007
2025-04-18 16:35:35,902 - INFO - OC Distribution Statistics:
2025-04-18 16:35:35,902 - INFO -   Validation Mean: 16.1664
2025-04-18 16:35:35,902 - INFO -   Validation Std: 7.8261
2025-04-18 16:35:35,902 - INFO -   Training Mean: 23.1100
2025-04-18 16:35:35,902 - INFO -   Training Std: 20.3130
2025-04-18 16:35:35,902 - INFO - Kolmogorov-Smirnov Test:
2025-04-18 16:35:35,902 - INFO -   KS Statistic: 0.2280
2025-04-18 16:35:35,902 - INFO -   P-value: 0.0000
2025-04-18 16:35:35,902 - INFO - Distribution Fit: Inverse Gamma
2025-04-18 16:35:35,902 - INFO - Distribution Parameters: {'a': 3.5093212085018015, 'loc': -0.2207140712018134, 'scale': 55.73445932737795}
2025-04-18 16:35:36,207 - INFO - Validation and Training Set Split Statistics
2025-04-18 16:35:36,207 - INFO - Timestamp: 2025-04-18 16:35:36
2025-04-18 16:35:36,207 - INFO - Validation set size: 1333 (8.07%)
2025-04-18 16:35:36,207 - INFO - Training set size: 15181 (91.93%)
2025-04-18 16:35:36,207 - INFO - Minimum Distance Statistics (km):
2025-04-18 16:35:36,207 - INFO -   Mean: 67.8144
2025-04-18 16:35:36,207 - INFO -   Median: 4.2447
2025-04-18 16:35:36,207 - INFO -   Min: 1.2156
2025-04-18 16:35:36,207 - INFO -   Max: 969.1721
2025-04-18 16:35:36,207 - INFO -   Std: 114.1289
2025-04-18 16:35:36,207 - INFO - OC Distribution Statistics:
2025-04-18 16:35:36,207 - INFO -   Validation Mean: 17.0631
2025-04-18 16:35:36,207 - INFO -   Validation Std: 9.5272
2025-04-18 16:35:36,207 - INFO -   Training Mean: 23.0065
2025-04-18 16:35:36,207 - INFO -   Training Std: 20.2474
2025-04-18 16:35:36,208 - INFO - Kolmogorov-Smirnov Test:
2025-04-18 16:35:36,208 - INFO -   KS Statistic: 0.2196
2025-04-18 16:35:36,208 - INFO -   P-value: 0.0000
2025-04-18 16:35:36,208 - INFO - Distribution Fit: Inverse Gamma
2025-04-18 16:35:36,208 - INFO - Distribution Parameters: {'a': 3.5093212085018015, 'loc': -0.2207140712018134, 'scale': 55.73445932737795}
2025-04-18 16:35:39,968 - INFO - Validation and Training Set Split Statistics
2025-04-18 16:35:39,968 - INFO - Timestamp: 2025-04-18 16:35:39
2025-04-18 16:35:39,968 - INFO - Validation set size: 1362 (8.25%)
2025-04-18 16:35:39,968 - INFO - Training set size: 15152 (91.75%)
2025-04-18 16:35:39,968 - INFO - Minimum Distance Statistics (km):
2025-04-18 16:35:39,968 - INFO -   Mean: 70.4194
2025-04-18 16:35:39,969 - INFO -   Median: 4.2187
2025-04-18 16:35:39,969 - INFO -   Min: 0.2243
2025-04-18 16:35:39,969 - INFO -   Max: 743.7101
2025-04-18 16:35:39,969 - INFO -   Std: 121.6578
2025-04-18 16:35:39,969 - INFO - OC Distribution Statistics:
2025-04-18 16:35:39,969 - INFO -   Validation Mean: 16.6015
2025-04-18 16:35:39,969 - INFO -   Validation Std: 8.0727
2025-04-18 16:35:39,969 - INFO -   Training Mean: 23.0594
2025-04-18 16:35:39,969 - INFO -   Training Std: 20.3049
2025-04-18 16:35:39,969 - INFO - Kolmogorov-Smirnov Test:
2025-04-18 16:35:39,969 - INFO -   KS Statistic: 0.2114
2025-04-18 16:35:39,969 - INFO -   P-value: 0.0000
2025-04-18 16:35:39,969 - INFO - Distribution Fit: Inverse Gamma
2025-04-18 16:35:39,969 - INFO - Distribution Parameters: {'a': 3.5093212085018015, 'loc': -0.2207140712018134, 'scale': 55.73445932737795}
2025-04-18 16:41:15,254 - INFO - Validation and Training Set Split Statistics
2025-04-18 16:41:15,255 - INFO - Timestamp: 2025-04-18 16:41:15
2025-04-18 16:41:15,255 - INFO - Validation set size: 1338 (8.10%)
2025-04-18 16:41:15,255 - INFO - Training set size: 15176 (91.90%)
2025-04-18 16:41:15,255 - INFO - Minimum Distance Statistics (km):
2025-04-18 16:41:15,255 - INFO -   Mean: 65.9343
2025-04-18 16:41:15,255 - INFO -   Median: 4.5729
2025-04-18 16:41:15,255 - INFO -   Min: 1.2757
2025-04-18 16:41:15,255 - INFO -   Max: 529.4376
2025-04-18 16:41:15,255 - INFO -   Std: 107.5098
2025-04-18 16:41:15,255 - INFO - OC Distribution Statistics:
2025-04-18 16:41:15,255 - INFO -   Validation Mean: 16.6233
2025-04-18 16:41:15,255 - INFO -   Validation Std: 8.3888
2025-04-18 16:41:15,255 - INFO -   Training Mean: 23.0473
2025-04-18 16:41:15,255 - INFO -   Training Std: 20.2823
2025-04-18 16:41:15,255 - INFO - Kolmogorov-Smirnov Test:
2025-04-18 16:41:15,255 - INFO -   KS Statistic: 0.2071
2025-04-18 16:41:15,255 - INFO -   P-value: 0.0000
2025-04-18 16:41:15,255 - INFO - Distribution Fit: Inverse Gamma
2025-04-18 16:41:15,255 - INFO - Distribution Parameters: {'a': 3.5093212085018015, 'loc': -0.2207140712018134, 'scale': 55.73445932737795}
2025-04-18 16:41:15,336 - INFO - Validation and Training Set Split Statistics
2025-04-18 16:41:15,337 - INFO - Timestamp: 2025-04-18 16:41:15
2025-04-18 16:41:15,337 - INFO - Validation set size: 1411 (8.54%)
2025-04-18 16:41:15,337 - INFO - Training set size: 15103 (91.46%)
2025-04-18 16:41:15,337 - INFO - Minimum Distance Statistics (km):
2025-04-18 16:41:15,337 - INFO -   Mean: 60.7245
2025-04-18 16:41:15,337 - INFO -   Median: 4.3143
2025-04-18 16:41:15,337 - INFO -   Min: 1.0711
2025-04-18 16:41:15,337 - INFO -   Max: 866.4875
2025-04-18 16:41:15,337 - INFO -   Std: 110.1491
2025-04-18 16:41:15,337 - INFO - OC Distribution Statistics:
2025-04-18 16:41:15,337 - INFO -   Validation Mean: 16.5184
2025-04-18 16:41:15,337 - INFO -   Validation Std: 8.1514
2025-04-18 16:41:15,337 - INFO -   Training Mean: 23.0881
2025-04-18 16:41:15,337 - INFO -   Training Std: 20.3238
2025-04-18 16:41:15,337 - INFO - Kolmogorov-Smirnov Test:
2025-04-18 16:41:15,337 - INFO -   KS Statistic: 0.2221
2025-04-18 16:41:15,337 - INFO -   P-value: 0.0000
2025-04-18 16:41:15,337 - INFO - Distribution Fit: Inverse Gamma
2025-04-18 16:41:15,337 - INFO - Distribution Parameters: {'a': 3.5093212085018015, 'loc': -0.2207140712018134, 'scale': 55.73445932737795}
2025-04-18 16:41:15,349 - INFO - Validation and Training Set Split Statistics
2025-04-18 16:41:15,349 - INFO - Timestamp: 2025-04-18 16:41:15
2025-04-18 16:41:15,349 - INFO - Validation set size: 1595 (9.66%)
2025-04-18 16:41:15,349 - INFO - Training set size: 14919 (90.34%)
2025-04-18 16:41:15,349 - INFO - Minimum Distance Statistics (km):
2025-04-18 16:41:15,349 - INFO -   Mean: 65.2962
2025-04-18 16:41:15,349 - INFO -   Median: 4.1444
2025-04-18 16:41:15,349 - INFO -   Min: 1.1496
2025-04-18 16:41:15,349 - INFO -   Max: 706.9584
2025-04-18 16:41:15,349 - INFO -   Std: 109.7132
2025-04-18 16:41:15,349 - INFO - OC Distribution Statistics:
2025-04-18 16:41:15,349 - INFO -   Validation Mean: 16.2822
2025-04-18 16:41:15,349 - INFO -   Validation Std: 7.8055
2025-04-18 16:41:15,349 - INFO -   Training Mean: 23.1944
2025-04-18 16:41:15,349 - INFO -   Training Std: 20.4216
2025-04-18 16:41:15,349 - INFO - Kolmogorov-Smirnov Test:
2025-04-18 16:41:15,349 - INFO -   KS Statistic: 0.2439
2025-04-18 16:41:15,349 - INFO -   P-value: 0.0000
2025-04-18 16:41:15,349 - INFO - Distribution Fit: Inverse Gamma
2025-04-18 16:41:15,349 - INFO - Distribution Parameters: {'a': 3.5093212085018015, 'loc': -0.2207140712018134, 'scale': 55.73445932737795}
2025-04-18 16:41:19,242 - INFO - Validation and Training Set Split Statistics
2025-04-18 16:41:19,242 - INFO - Timestamp: 2025-04-18 16:41:19
2025-04-18 16:41:19,242 - INFO - Validation set size: 1348 (8.16%)
2025-04-18 16:41:19,242 - INFO - Training set size: 15166 (91.84%)
2025-04-18 16:41:19,242 - INFO - Minimum Distance Statistics (km):
2025-04-18 16:41:19,242 - INFO -   Mean: 70.0595
2025-04-18 16:41:19,242 - INFO -   Median: 4.6795
2025-04-18 16:41:19,243 - INFO -   Min: 1.2156
2025-04-18 16:41:19,243 - INFO -   Max: 743.7101
2025-04-18 16:41:19,243 - INFO -   Std: 115.5479
2025-04-18 16:41:19,243 - INFO - OC Distribution Statistics:
2025-04-18 16:41:19,243 - INFO -   Validation Mean: 16.5829
2025-04-18 16:41:19,243 - INFO -   Validation Std: 7.4480
2025-04-18 16:41:19,243 - INFO -   Training Mean: 23.0551
2025-04-18 16:41:19,243 - INFO -   Training Std: 20.3186
2025-04-18 16:41:19,243 - INFO - Kolmogorov-Smirnov Test:
2025-04-18 16:41:19,243 - INFO -   KS Statistic: 0.2032
2025-04-18 16:41:19,243 - INFO -   P-value: 0.0000
2025-04-18 16:41:19,243 - INFO - Distribution Fit: Inverse Gamma
2025-04-18 16:41:19,243 - INFO - Distribution Parameters: {'a': 3.5093212085018015, 'loc': -0.2207140712018134, 'scale': 55.73445932737795}
2025-04-18 16:43:17,162 - INFO - Validation and Training Set Split Statistics
2025-04-18 16:43:17,162 - INFO - Timestamp: 2025-04-18 16:43:17
2025-04-18 16:43:17,162 - INFO - Validation set size: 1435 (8.69%)
2025-04-18 16:43:17,162 - INFO - Training set size: 15079 (91.31%)
2025-04-18 16:43:17,162 - INFO - Minimum Distance Statistics (km):
2025-04-18 16:43:17,162 - INFO -   Mean: 58.7545
2025-04-18 16:43:17,162 - INFO -   Median: 4.4045
2025-04-18 16:43:17,162 - INFO -   Min: 0.9397
2025-04-18 16:43:17,162 - INFO -   Max: 743.7101
2025-04-18 16:43:17,162 - INFO -   Std: 104.5512
2025-04-18 16:43:17,162 - INFO - OC Distribution Statistics:
2025-04-18 16:43:17,162 - INFO -   Validation Mean: 16.3338
2025-04-18 16:43:17,162 - INFO -   Validation Std: 7.4882
2025-04-18 16:43:17,162 - INFO -   Training Mean: 23.1161
2025-04-18 16:43:17,162 - INFO -   Training Std: 20.3542
2025-04-18 16:43:17,162 - INFO - Kolmogorov-Smirnov Test:
2025-04-18 16:43:17,162 - INFO -   KS Statistic: 0.2289
2025-04-18 16:43:17,162 - INFO -   P-value: 0.0000
2025-04-18 16:43:17,162 - INFO - Distribution Fit: Inverse Gamma
2025-04-18 16:43:17,162 - INFO - Distribution Parameters: {'a': 3.5093212085018015, 'loc': -0.2207140712018134, 'scale': 55.73445932737795}
2025-04-18 16:43:17,426 - INFO - Validation and Training Set Split Statistics
2025-04-18 16:43:17,427 - INFO - Timestamp: 2025-04-18 16:43:17
2025-04-18 16:43:17,427 - INFO - Validation set size: 1533 (9.28%)
2025-04-18 16:43:17,427 - INFO - Training set size: 14981 (90.72%)
2025-04-18 16:43:17,427 - INFO - Minimum Distance Statistics (km):
2025-04-18 16:43:17,427 - INFO -   Mean: 55.6033
2025-04-18 16:43:17,427 - INFO -   Median: 3.9233
2025-04-18 16:43:17,427 - INFO -   Min: 0.7391
2025-04-18 16:43:17,427 - INFO -   Max: 501.6700
2025-04-18 16:43:17,427 - INFO -   Std: 95.6023
2025-04-18 16:43:17,427 - INFO - OC Distribution Statistics:
2025-04-18 16:43:17,427 - INFO -   Validation Mean: 16.5364
2025-04-18 16:43:17,427 - INFO -   Validation Std: 8.4055
2025-04-18 16:43:17,427 - INFO -   Training Mean: 23.1398
2025-04-18 16:43:17,427 - INFO -   Training Std: 20.3745
2025-04-18 16:43:17,427 - INFO - Kolmogorov-Smirnov Test:
2025-04-18 16:43:17,427 - INFO -   KS Statistic: 0.2304
2025-04-18 16:43:17,427 - INFO -   P-value: 0.0000
2025-04-18 16:43:17,427 - INFO - Distribution Fit: Inverse Gamma
2025-04-18 16:43:17,427 - INFO - Distribution Parameters: {'a': 3.5093212085018015, 'loc': -0.2207140712018134, 'scale': 55.73445932737795}
2025-04-18 16:43:17,519 - INFO - Validation and Training Set Split Statistics
2025-04-18 16:43:17,519 - INFO - Timestamp: 2025-04-18 16:43:17
2025-04-18 16:43:17,519 - INFO - Validation set size: 1412 (8.55%)
2025-04-18 16:43:17,519 - INFO - Training set size: 15102 (91.45%)
2025-04-18 16:43:17,519 - INFO - Minimum Distance Statistics (km):
2025-04-18 16:43:17,519 - INFO -   Mean: 71.2799
2025-04-18 16:43:17,519 - INFO -   Median: 4.4333
2025-04-18 16:43:17,519 - INFO -   Min: 1.1596
2025-04-18 16:43:17,519 - INFO -   Max: 862.7749
2025-04-18 16:43:17,520 - INFO -   Std: 128.6497
2025-04-18 16:43:17,520 - INFO - OC Distribution Statistics:
2025-04-18 16:43:17,520 - INFO -   Validation Mean: 16.2987
2025-04-18 16:43:17,520 - INFO -   Validation Std: 7.1997
2025-04-18 16:43:17,520 - INFO -   Training Mean: 23.1091
2025-04-18 16:43:17,520 - INFO -   Training Std: 20.3511
2025-04-18 16:43:17,520 - INFO - Kolmogorov-Smirnov Test:
2025-04-18 16:43:17,520 - INFO -   KS Statistic: 0.2220
2025-04-18 16:43:17,520 - INFO -   P-value: 0.0000
2025-04-18 16:43:17,520 - INFO - Distribution Fit: Inverse Gamma
2025-04-18 16:43:17,520 - INFO - Distribution Parameters: {'a': 3.5093212085018015, 'loc': -0.2207140712018134, 'scale': 55.73445932737795}
2025-04-18 16:43:21,356 - INFO - Validation and Training Set Split Statistics
2025-04-18 16:43:21,356 - INFO - Timestamp: 2025-04-18 16:43:21
2025-04-18 16:43:21,356 - INFO - Validation set size: 1357 (8.22%)
2025-04-18 16:43:21,356 - INFO - Training set size: 15157 (91.78%)
2025-04-18 16:43:21,356 - INFO - Minimum Distance Statistics (km):
2025-04-18 16:43:21,356 - INFO -   Mean: 57.6279
2025-04-18 16:43:21,356 - INFO -   Median: 4.2015
2025-04-18 16:43:21,356 - INFO -   Min: 0.8514
2025-04-18 16:43:21,356 - INFO -   Max: 681.9863
2025-04-18 16:43:21,356 - INFO -   Std: 95.6303
2025-04-18 16:43:21,356 - INFO - OC Distribution Statistics:
2025-04-18 16:43:21,356 - INFO -   Validation Mean: 16.9016
2025-04-18 16:43:21,356 - INFO -   Validation Std: 8.6653
2025-04-18 16:43:21,356 - INFO -   Training Mean: 23.0304
2025-04-18 16:43:21,356 - INFO -   Training Std: 20.2888
2025-04-18 16:43:21,356 - INFO - Kolmogorov-Smirnov Test:
2025-04-18 16:43:21,356 - INFO -   KS Statistic: 0.2231
2025-04-18 16:43:21,356 - INFO -   P-value: 0.0000
2025-04-18 16:43:21,357 - INFO - Distribution Fit: Inverse Gamma
2025-04-18 16:43:21,357 - INFO - Distribution Parameters: {'a': 3.5093212085018015, 'loc': -0.2207140712018134, 'scale': 55.73445932737795}
2025-04-18 16:47:18,705 - INFO - Validation and Training Set Split Statistics
2025-04-18 16:47:18,706 - INFO - Timestamp: 2025-04-18 16:47:18
2025-04-18 16:47:18,706 - INFO - Validation set size: 1445 (8.75%)
2025-04-18 16:47:18,706 - INFO - Training set size: 15069 (91.25%)
2025-04-18 16:47:18,706 - INFO - Minimum Distance Statistics (km):
2025-04-18 16:47:18,706 - INFO -   Mean: 64.6688
2025-04-18 16:47:18,706 - INFO -   Median: 4.2711
2025-04-18 16:47:18,706 - INFO -   Min: 1.2329
2025-04-18 16:47:18,706 - INFO -   Max: 706.9584
2025-04-18 16:47:18,706 - INFO -   Std: 105.3630
2025-04-18 16:47:18,706 - INFO - OC Distribution Statistics:
2025-04-18 16:47:18,706 - INFO -   Validation Mean: 16.3744
2025-04-18 16:47:18,706 - INFO -   Validation Std: 7.1685
2025-04-18 16:47:18,706 - INFO -   Training Mean: 23.1167
2025-04-18 16:47:18,706 - INFO -   Training Std: 20.3716
2025-04-18 16:47:18,706 - INFO - Kolmogorov-Smirnov Test:
2025-04-18 16:47:18,706 - INFO -   KS Statistic: 0.2091
2025-04-18 16:47:18,706 - INFO -   P-value: 0.0000
2025-04-18 16:47:18,706 - INFO - Distribution Fit: Inverse Gamma
2025-04-18 16:47:18,706 - INFO - Distribution Parameters: {'a': 3.5093212085018015, 'loc': -0.2207140712018134, 'scale': 55.73445932737795}
2025-04-18 16:47:18,893 - INFO - Validation and Training Set Split Statistics
2025-04-18 16:47:18,893 - INFO - Timestamp: 2025-04-18 16:47:18
2025-04-18 16:47:18,893 - INFO - Validation set size: 1422 (8.61%)
2025-04-18 16:47:18,893 - INFO - Training set size: 15092 (91.39%)
2025-04-18 16:47:18,893 - INFO - Minimum Distance Statistics (km):
2025-04-18 16:47:18,893 - INFO -   Mean: 72.6572
2025-04-18 16:47:18,893 - INFO -   Median: 4.6795
2025-04-18 16:47:18,893 - INFO -   Min: 1.2065
2025-04-18 16:47:18,893 - INFO -   Max: 706.9584
2025-04-18 16:47:18,893 - INFO -   Std: 118.6527
2025-04-18 16:47:18,893 - INFO - OC Distribution Statistics:
2025-04-18 16:47:18,893 - INFO -   Validation Mean: 16.9587
2025-04-18 16:47:18,893 - INFO -   Validation Std: 8.5616
2025-04-18 16:47:18,893 - INFO -   Training Mean: 23.0514
2025-04-18 16:47:18,893 - INFO -   Training Std: 20.3263
2025-04-18 16:47:18,893 - INFO - Kolmogorov-Smirnov Test:
2025-04-18 16:47:18,893 - INFO -   KS Statistic: 0.1782
2025-04-18 16:47:18,893 - INFO -   P-value: 0.0000
2025-04-18 16:47:18,893 - INFO - Distribution Fit: Inverse Gamma
2025-04-18 16:47:18,893 - INFO - Distribution Parameters: {'a': 3.5093212085018015, 'loc': -0.2207140712018134, 'scale': 55.73445932737795}
