2025-04-18 14:41:13,927 - INFO - Validation and Training Set Split Statistics
2025-04-18 14:41:13,927 - INFO - Timestamp: 2025-04-18 14:41:13
2025-04-18 14:41:13,927 - INFO - Validation set size: 1374 (8.32%)
2025-04-18 14:41:13,927 - INFO - Training set size: 15140 (91.68%)
2025-04-18 14:41:13,927 - INFO - Minimum Distance Statistics (km):
2025-04-18 14:41:13,927 - INFO -   Mean: 70.1749
2025-04-18 14:41:13,927 - INFO -   Median: 5.2514
2025-04-18 14:41:13,927 - INFO -   Min: 1.0321
2025-04-18 14:41:13,928 - INFO -   Max: 917.1429
2025-04-18 14:41:13,928 - INFO -   Std: 118.2719
2025-04-18 14:41:13,928 - INFO - OC Distribution Statistics:
2025-04-18 14:41:13,928 - INFO -   Validation Mean: 16.8785
2025-04-18 14:41:13,928 - INFO -   Validation Std: 8.7071
2025-04-18 14:41:13,928 - INFO -   Training Mean: 23.0394
2025-04-18 14:41:13,928 - INFO -   Training Std: 20.2948
2025-04-18 14:41:13,928 - INFO - Kolmogorov-Smirnov Test:
2025-04-18 14:41:13,928 - INFO -   KS Statistic: 0.2043
2025-04-18 14:41:13,928 - INFO -   P-value: 0.0000
2025-04-18 14:41:13,928 - INFO - Distribution Fit: Inverse Gamma
2025-04-18 14:41:13,928 - INFO - Distribution Parameters: {'a': 3.5093212085018015, 'loc': -0.2207140712018134, 'scale': 55.73445932737795}
2025-04-18 14:41:13,979 - INFO - Validation and Training Set Split Statistics
2025-04-18 14:41:13,979 - INFO - Timestamp: 2025-04-18 14:41:13
2025-04-18 14:41:13,979 - INFO - Validation set size: 1385 (8.39%)
2025-04-18 14:41:13,979 - INFO - Training set size: 15129 (91.61%)
2025-04-18 14:41:13,979 - INFO - Minimum Distance Statistics (km):
2025-04-18 14:41:13,979 - INFO -   Mean: 82.2960
2025-04-18 14:41:13,979 - INFO -   Median: 5.4033
2025-04-18 14:41:13,979 - INFO -   Min: 1.3124
2025-04-18 14:41:13,979 - INFO -   Max: 716.7388
2025-04-18 14:41:13,979 - INFO -   Std: 128.6698
2025-04-18 14:41:13,979 - INFO - OC Distribution Statistics:
2025-04-18 14:41:13,979 - INFO -   Validation Mean: 16.6446
2025-04-18 14:41:13,979 - INFO -   Validation Std: 7.1363
2025-04-18 14:41:13,979 - INFO -   Training Mean: 23.0653
2025-04-18 14:41:13,979 - INFO -   Training Std: 20.3496
2025-04-18 14:41:13,979 - INFO - Kolmogorov-Smirnov Test:
2025-04-18 14:41:13,979 - INFO -   KS Statistic: 0.1854
2025-04-18 14:41:13,979 - INFO -   P-value: 0.0000
2025-04-18 14:41:13,979 - INFO - Distribution Fit: Inverse Gamma
2025-04-18 14:41:13,979 - INFO - Distribution Parameters: {'a': 3.5093212085018015, 'loc': -0.2207140712018134, 'scale': 55.73445932737795}
2025-04-18 14:41:14,315 - INFO - Validation and Training Set Split Statistics
2025-04-18 14:41:14,315 - INFO - Timestamp: 2025-04-18 14:41:14
2025-04-18 14:41:14,315 - INFO - Validation set size: 1531 (9.27%)
2025-04-18 14:41:14,315 - INFO - Training set size: 14983 (90.73%)
2025-04-18 14:41:14,315 - INFO - Minimum Distance Statistics (km):
2025-04-18 14:41:14,315 - INFO -   Mean: 72.4517
2025-04-18 14:41:14,315 - INFO -   Median: 4.6741
2025-04-18 14:41:14,315 - INFO -   Min: 0.7391
2025-04-18 14:41:14,315 - INFO -   Max: 835.9450
2025-04-18 14:41:14,315 - INFO -   Std: 120.8542
2025-04-18 14:41:14,315 - INFO - OC Distribution Statistics:
2025-04-18 14:41:14,315 - INFO -   Validation Mean: 16.7312
2025-04-18 14:41:14,315 - INFO -   Validation Std: 7.5168
2025-04-18 14:41:14,315 - INFO -   Training Mean: 23.1190
2025-04-18 14:41:14,315 - INFO -   Training Std: 20.4153
2025-04-18 14:41:14,315 - INFO - Kolmogorov-Smirnov Test:
2025-04-18 14:41:14,315 - INFO -   KS Statistic: 0.1894
2025-04-18 14:41:14,315 - INFO -   P-value: 0.0000
2025-04-18 14:41:14,315 - INFO - Distribution Fit: Inverse Gamma
2025-04-18 14:41:14,315 - INFO - Distribution Parameters: {'a': 3.5093212085018015, 'loc': -0.2207140712018134, 'scale': 55.73445932737795}
2025-04-18 14:41:15,673 - INFO - Validation and Training Set Split Statistics
2025-04-18 14:41:15,673 - INFO - Timestamp: 2025-04-18 14:41:15
2025-04-18 14:41:15,673 - INFO - Validation set size: 1372 (8.31%)
2025-04-18 14:41:15,673 - INFO - Training set size: 15142 (91.69%)
2025-04-18 14:41:15,673 - INFO - Minimum Distance Statistics (km):
2025-04-18 14:41:15,673 - INFO -   Mean: 75.3073
2025-04-18 14:41:15,673 - INFO -   Median: 5.4243
2025-04-18 14:41:15,673 - INFO -   Min: 1.0473
2025-04-18 14:41:15,673 - INFO -   Max: 743.7101
2025-04-18 14:41:15,673 - INFO -   Std: 122.6375
2025-04-18 14:41:15,673 - INFO - OC Distribution Statistics:
2025-04-18 14:41:15,673 - INFO -   Validation Mean: 16.9694
2025-04-18 14:41:15,673 - INFO -   Validation Std: 8.0996
2025-04-18 14:41:15,673 - INFO -   Training Mean: 23.0303
2025-04-18 14:41:15,673 - INFO -   Training Std: 20.3191
2025-04-18 14:41:15,673 - INFO - Kolmogorov-Smirnov Test:
2025-04-18 14:41:15,673 - INFO -   KS Statistic: 0.1876
2025-04-18 14:41:15,673 - INFO -   P-value: 0.0000
2025-04-18 14:41:15,673 - INFO - Distribution Fit: Inverse Gamma
2025-04-18 14:41:15,673 - INFO - Distribution Parameters: {'a': 3.5093212085018015, 'loc': -0.2207140712018134, 'scale': 55.73445932737795}
2025-04-18 15:27:25,528 - INFO - Validation and Training Set Split Statistics
2025-04-18 15:27:25,529 - INFO - Timestamp: 2025-04-18 15:27:25
2025-04-18 15:27:25,529 - INFO - Validation set size: 1350 (8.17%)
2025-04-18 15:27:25,529 - INFO - Training set size: 15164 (91.83%)
2025-04-18 15:27:25,529 - INFO - Minimum Distance Statistics (km):
2025-04-18 15:27:25,529 - INFO -   Mean: 70.0703
2025-04-18 15:27:25,529 - INFO -   Median: 5.2688
2025-04-18 15:27:25,529 - INFO -   Min: 1.4084
2025-04-18 15:27:25,529 - INFO -   Max: 681.9863
2025-04-18 15:27:25,529 - INFO -   Std: 112.4017
2025-04-18 15:27:25,529 - INFO - OC Distribution Statistics:
2025-04-18 15:27:25,529 - INFO -   Validation Mean: 16.4614
2025-04-18 15:27:25,529 - INFO -   Validation Std: 7.3543
2025-04-18 15:27:25,529 - INFO -   Training Mean: 23.0668
2025-04-18 15:27:25,529 - INFO -   Training Std: 20.3192
2025-04-18 15:27:25,529 - INFO - Kolmogorov-Smirnov Test:
2025-04-18 15:27:25,529 - INFO -   KS Statistic: 0.2144
2025-04-18 15:27:25,529 - INFO -   P-value: 0.0000
2025-04-18 15:27:25,529 - INFO - Distribution Fit: Inverse Gamma
2025-04-18 15:27:25,529 - INFO - Distribution Parameters: {'a': 3.5093212085018015, 'loc': -0.2207140712018134, 'scale': 55.73445932737795}
2025-04-18 15:27:25,586 - INFO - Validation and Training Set Split Statistics
2025-04-18 15:27:25,586 - INFO - Timestamp: 2025-04-18 15:27:25
2025-04-18 15:27:25,586 - INFO - Validation set size: 1344 (8.14%)
2025-04-18 15:27:25,586 - INFO - Training set size: 15170 (91.86%)
2025-04-18 15:27:25,586 - INFO - Minimum Distance Statistics (km):
2025-04-18 15:27:25,586 - INFO -   Mean: 78.4581
2025-04-18 15:27:25,586 - INFO -   Median: 6.2792
2025-04-18 15:27:25,586 - INFO -   Min: 1.4069
2025-04-18 15:27:25,586 - INFO -   Max: 1464.8564
2025-04-18 15:27:25,586 - INFO -   Std: 140.5114
2025-04-18 15:27:25,586 - INFO - OC Distribution Statistics:
2025-04-18 15:27:25,586 - INFO -   Validation Mean: 16.7666
2025-04-18 15:27:25,586 - INFO -   Validation Std: 8.8121
2025-04-18 15:27:25,586 - INFO -   Training Mean: 23.0371
2025-04-18 15:27:25,586 - INFO -   Training Std: 20.2733
2025-04-18 15:27:25,586 - INFO - Kolmogorov-Smirnov Test:
2025-04-18 15:27:25,586 - INFO -   KS Statistic: 0.1971
2025-04-18 15:27:25,586 - INFO -   P-value: 0.0000
2025-04-18 15:27:25,586 - INFO - Distribution Fit: Inverse Gamma
2025-04-18 15:27:25,587 - INFO - Distribution Parameters: {'a': 3.5093212085018015, 'loc': -0.2207140712018134, 'scale': 55.73445932737795}
2025-04-18 15:27:25,834 - INFO - Validation and Training Set Split Statistics
2025-04-18 15:27:25,834 - INFO - Timestamp: 2025-04-18 15:27:25
2025-04-18 15:27:25,834 - INFO - Validation set size: 1548 (9.37%)
2025-04-18 15:27:25,835 - INFO - Training set size: 14966 (90.63%)
2025-04-18 15:27:25,835 - INFO - Minimum Distance Statistics (km):
2025-04-18 15:27:25,835 - INFO -   Mean: 57.6565
2025-04-18 15:27:25,835 - INFO -   Median: 3.9951
2025-04-18 15:27:25,835 - INFO -   Min: 1.4069
2025-04-18 15:27:25,835 - INFO -   Max: 706.9584
2025-04-18 15:27:25,835 - INFO -   Std: 99.8921
2025-04-18 15:27:25,835 - INFO - OC Distribution Statistics:
2025-04-18 15:27:25,835 - INFO -   Validation Mean: 16.3513
2025-04-18 15:27:25,835 - INFO -   Validation Std: 8.0415
2025-04-18 15:27:25,835 - INFO -   Training Mean: 23.1655
2025-04-18 15:27:25,835 - INFO -   Training Std: 20.3908
2025-04-18 15:27:25,835 - INFO - Kolmogorov-Smirnov Test:
2025-04-18 15:27:25,835 - INFO -   KS Statistic: 0.2406
2025-04-18 15:27:25,835 - INFO -   P-value: 0.0000
2025-04-18 15:27:25,835 - INFO - Distribution Fit: Inverse Gamma
2025-04-18 15:27:25,835 - INFO - Distribution Parameters: {'a': 3.5093212085018015, 'loc': -0.2207140712018134, 'scale': 55.73445932737795}
2025-04-18 15:27:27,297 - INFO - Validation and Training Set Split Statistics
2025-04-18 15:27:27,297 - INFO - Timestamp: 2025-04-18 15:27:27
2025-04-18 15:27:27,297 - INFO - Validation set size: 1604 (9.71%)
2025-04-18 15:27:27,297 - INFO - Training set size: 14910 (90.29%)
2025-04-18 15:27:27,297 - INFO - Minimum Distance Statistics (km):
2025-04-18 15:27:27,297 - INFO -   Mean: 71.9084
2025-04-18 15:27:27,297 - INFO -   Median: 4.6741
2025-04-18 15:27:27,297 - INFO -   Min: 1.0890
2025-04-18 15:27:27,297 - INFO -   Max: 862.7749
2025-04-18 15:27:27,297 - INFO -   Std: 114.3079
2025-04-18 15:27:27,297 - INFO - OC Distribution Statistics:
2025-04-18 15:27:27,297 - INFO -   Validation Mean: 16.6877
2025-04-18 15:27:27,297 - INFO -   Validation Std: 8.1499
2025-04-18 15:27:27,297 - INFO -   Training Mean: 23.1549
2025-04-18 15:27:27,297 - INFO -   Training Std: 20.4260
2025-04-18 15:27:27,297 - INFO - Kolmogorov-Smirnov Test:
2025-04-18 15:27:27,297 - INFO -   KS Statistic: 0.2159
2025-04-18 15:27:27,297 - INFO -   P-value: 0.0000
2025-04-18 15:27:27,297 - INFO - Distribution Fit: Inverse Gamma
2025-04-18 15:27:27,297 - INFO - Distribution Parameters: {'a': 3.5093212085018015, 'loc': -0.2207140712018134, 'scale': 55.73445932737795}
2025-04-18 15:45:14,883 - INFO - Validation and Training Set Split Statistics
2025-04-18 15:45:14,883 - INFO - Timestamp: 2025-04-18 15:45:14
2025-04-18 15:45:14,883 - INFO - Validation set size: 1327 (8.04%)
2025-04-18 15:45:14,883 - INFO - Training set size: 15187 (91.96%)
2025-04-18 15:45:14,883 - INFO - Minimum Distance Statistics (km):
2025-04-18 15:45:14,883 - INFO -   Mean: 60.9537
2025-04-18 15:45:14,883 - INFO -   Median: 4.9468
2025-04-18 15:45:14,883 - INFO -   Min: 0.6775
2025-04-18 15:45:14,883 - INFO -   Max: 526.5516
2025-04-18 15:45:14,883 - INFO -   Std: 98.5760
2025-04-18 15:45:14,883 - INFO - OC Distribution Statistics:
2025-04-18 15:45:14,883 - INFO -   Validation Mean: 16.5606
2025-04-18 15:45:14,883 - INFO -   Validation Std: 8.4324
2025-04-18 15:45:14,883 - INFO -   Training Mean: 23.0481
2025-04-18 15:45:14,883 - INFO -   Training Std: 20.2736
2025-04-18 15:45:14,883 - INFO - Kolmogorov-Smirnov Test:
2025-04-18 15:45:14,883 - INFO -   KS Statistic: 0.2309
2025-04-18 15:45:14,883 - INFO -   P-value: 0.0000
2025-04-18 15:45:14,883 - INFO - Distribution Fit: Inverse Gamma
2025-04-18 15:45:14,883 - INFO - Distribution Parameters: {'a': 3.5093212085018015, 'loc': -0.2207140712018134, 'scale': 55.73445932737795}
2025-04-18 15:45:14,923 - INFO - Validation and Training Set Split Statistics
2025-04-18 15:45:14,923 - INFO - Timestamp: 2025-04-18 15:45:14
2025-04-18 15:45:14,923 - INFO - Validation set size: 1369 (8.29%)
2025-04-18 15:45:14,923 - INFO - Training set size: 15145 (91.71%)
2025-04-18 15:45:14,923 - INFO - Minimum Distance Statistics (km):
2025-04-18 15:45:14,923 - INFO -   Mean: 66.6858
2025-04-18 15:45:14,923 - INFO -   Median: 4.2979
2025-04-18 15:45:14,923 - INFO -   Min: 0.8526
2025-04-18 15:45:14,923 - INFO -   Max: 743.7101
2025-04-18 15:45:14,923 - INFO -   Std: 113.1004
2025-04-18 15:45:14,923 - INFO - OC Distribution Statistics:
2025-04-18 15:45:14,923 - INFO -   Validation Mean: 16.5533
2025-04-18 15:45:14,923 - INFO -   Validation Std: 8.5012
2025-04-18 15:45:14,923 - INFO -   Training Mean: 23.0667
2025-04-18 15:45:14,923 - INFO -   Training Std: 20.2911
2025-04-18 15:45:14,923 - INFO - Kolmogorov-Smirnov Test:
2025-04-18 15:45:14,923 - INFO -   KS Statistic: 0.2052
2025-04-18 15:45:14,923 - INFO -   P-value: 0.0000
2025-04-18 15:45:14,924 - INFO - Distribution Fit: Inverse Gamma
2025-04-18 15:45:14,924 - INFO - Distribution Parameters: {'a': 3.5093212085018015, 'loc': -0.2207140712018134, 'scale': 55.73445932737795}
2025-04-18 15:45:14,927 - INFO - Validation and Training Set Split Statistics
2025-04-18 15:45:14,927 - INFO - Timestamp: 2025-04-18 15:45:14
2025-04-18 15:45:14,927 - INFO - Validation set size: 1359 (8.23%)
2025-04-18 15:45:14,927 - INFO - Training set size: 15155 (91.77%)
2025-04-18 15:45:14,927 - INFO - Minimum Distance Statistics (km):
2025-04-18 15:45:14,927 - INFO -   Mean: 67.0685
2025-04-18 15:45:14,927 - INFO -   Median: 5.2369
2025-04-18 15:45:14,927 - INFO -   Min: 1.4276
2025-04-18 15:45:14,927 - INFO -   Max: 702.5656
2025-04-18 15:45:14,927 - INFO -   Std: 111.8188
2025-04-18 15:45:14,927 - INFO - OC Distribution Statistics:
2025-04-18 15:45:14,927 - INFO -   Validation Mean: 16.3589
2025-04-18 15:45:14,927 - INFO -   Validation Std: 7.5078
2025-04-18 15:45:14,927 - INFO -   Training Mean: 23.0799
2025-04-18 15:45:14,927 - INFO -   Training Std: 20.3157
2025-04-18 15:45:14,927 - INFO - Kolmogorov-Smirnov Test:
2025-04-18 15:45:14,927 - INFO -   KS Statistic: 0.2350
2025-04-18 15:45:14,927 - INFO -   P-value: 0.0000
2025-04-18 15:45:14,928 - INFO - Distribution Fit: Inverse Gamma
2025-04-18 15:45:14,928 - INFO - Distribution Parameters: {'a': 3.5093212085018015, 'loc': -0.2207140712018134, 'scale': 55.73445932737795}
2025-04-18 15:45:18,319 - INFO - Validation and Training Set Split Statistics
2025-04-18 15:45:18,319 - INFO - Timestamp: 2025-04-18 15:45:18
2025-04-18 15:45:18,320 - INFO - Validation set size: 1412 (8.55%)
2025-04-18 15:45:18,320 - INFO - Training set size: 15102 (91.45%)
2025-04-18 15:45:18,320 - INFO - Minimum Distance Statistics (km):
2025-04-18 15:45:18,320 - INFO -   Mean: 70.7685
2025-04-18 15:45:18,320 - INFO -   Median: 5.1441
2025-04-18 15:45:18,320 - INFO -   Min: 1.4069
2025-04-18 15:45:18,320 - INFO -   Max: 693.6612
2025-04-18 15:45:18,320 - INFO -   Std: 110.6897
2025-04-18 15:45:18,320 - INFO - OC Distribution Statistics:
2025-04-18 15:45:18,320 - INFO -   Validation Mean: 16.5784
2025-04-18 15:45:18,320 - INFO -   Validation Std: 7.2144
2025-04-18 15:45:18,320 - INFO -   Training Mean: 23.0829
2025-04-18 15:45:18,320 - INFO -   Training Std: 20.3592
2025-04-18 15:45:18,320 - INFO - Kolmogorov-Smirnov Test:
2025-04-18 15:45:18,320 - INFO -   KS Statistic: 0.1982
2025-04-18 15:45:18,320 - INFO -   P-value: 0.0000
2025-04-18 15:45:18,320 - INFO - Distribution Fit: Inverse Gamma
2025-04-18 15:45:18,320 - INFO - Distribution Parameters: {'a': 3.5093212085018015, 'loc': -0.2207140712018134, 'scale': 55.73445932737795}
