2025-05-26 14:42:53,830 - INFO - Validation and Training Set Split Statistics
2025-05-26 14:42:53,830 - INFO - Timestamp: 2025-05-26 14:42:53
2025-05-26 14:42:53,830 - INFO - Validation set size: 1325 (8.02%)
2025-05-26 14:42:53,830 - INFO - Training set size: 15189 (91.98%)
2025-05-26 14:42:53,830 - INFO - Minimum Distance Statistics (km):
2025-05-26 14:42:53,830 - INFO -   Mean: 63.0791
2025-05-26 14:42:53,830 - INFO -   Median: 4.6795
2025-05-26 14:42:53,830 - INFO -   Min: 1.2497
2025-05-26 14:42:53,830 - INFO -   Max: 536.0955
2025-05-26 14:42:53,830 - INFO -   Std: 102.6884
2025-05-26 14:42:53,830 - INFO - OC Distribution Statistics:
2025-05-26 14:42:53,830 - INFO -   Validation Mean: 16.1105
2025-05-26 14:42:53,830 - INFO -   Validation Std: 7.0155
2025-05-26 14:42:53,830 - INFO -   Training Mean: 23.0865
2025-05-26 14:42:53,830 - INFO -   Training Std: 20.3066
2025-05-26 14:42:53,830 - INFO - Kolmogorov-Smirnov Test:
2025-05-26 14:42:53,830 - INFO -   KS Statistic: 0.2256
2025-05-26 14:42:53,830 - INFO -   P-value: 0.0000
2025-05-26 14:42:53,830 - INFO - Distribution Fit: Inverse Gamma
2025-05-26 14:42:53,830 - INFO - Distribution Parameters: {'a': 3.5093212085018015, 'loc': -0.2207140712018134, 'scale': 55.73445932737795}
2025-05-26 16:13:47,383 - INFO - Validation and Training Set Split Statistics
2025-05-26 16:13:47,383 - INFO - Timestamp: 2025-05-26 16:13:47
2025-05-26 16:13:47,383 - INFO - Validation set size: 1325 (8.02%)
2025-05-26 16:13:47,383 - INFO - Training set size: 15189 (91.98%)
2025-05-26 16:13:47,383 - INFO - Minimum Distance Statistics (km):
2025-05-26 16:13:47,383 - INFO -   Mean: 62.5790
2025-05-26 16:13:47,383 - INFO -   Median: 4.2103
2025-05-26 16:13:47,383 - INFO -   Min: 1.1220
2025-05-26 16:13:47,383 - INFO -   Max: 862.7749
2025-05-26 16:13:47,383 - INFO -   Std: 111.1298
2025-05-26 16:13:47,383 - INFO - OC Distribution Statistics:
2025-05-26 16:13:47,383 - INFO -   Validation Mean: 16.5947
2025-05-26 16:13:47,383 - INFO -   Validation Std: 7.5682
2025-05-26 16:13:47,383 - INFO -   Training Mean: 23.0443
2025-05-26 16:13:47,383 - INFO -   Training Std: 20.3033
2025-05-26 16:13:47,384 - INFO - Kolmogorov-Smirnov Test:
2025-05-26 16:13:47,384 - INFO -   KS Statistic: 0.2190
2025-05-26 16:13:47,384 - INFO -   P-value: 0.0000
2025-05-26 16:13:47,384 - INFO - Distribution Fit: Inverse Gamma
2025-05-26 16:13:47,384 - INFO - Distribution Parameters: {'a': 3.5093212085018015, 'loc': -0.2207140712018134, 'scale': 55.73445932737795}
2025-05-26 17:47:21,338 - INFO - Validation and Training Set Split Statistics
2025-05-26 17:47:21,338 - INFO - Timestamp: 2025-05-26 17:47:21
2025-05-26 17:47:21,338 - INFO - Validation set size: 1467 (8.88%)
2025-05-26 17:47:21,338 - INFO - Training set size: 15047 (91.12%)
2025-05-26 17:47:21,338 - INFO - Minimum Distance Statistics (km):
2025-05-26 17:47:21,338 - INFO -   Mean: 64.0153
2025-05-26 17:47:21,338 - INFO -   Median: 3.6783
2025-05-26 17:47:21,338 - INFO -   Min: 1.0475
2025-05-26 17:47:21,338 - INFO -   Max: 680.6553
2025-05-26 17:47:21,338 - INFO -   Std: 105.4134
2025-05-26 17:47:21,338 - INFO - OC Distribution Statistics:
2025-05-26 17:47:21,338 - INFO -   Validation Mean: 16.2130
2025-05-26 17:47:21,339 - INFO -   Validation Std: 7.2508
2025-05-26 17:47:21,339 - INFO -   Training Mean: 23.1423
2025-05-26 17:47:21,339 - INFO -   Training Std: 20.3749
2025-05-26 17:47:21,339 - INFO - Kolmogorov-Smirnov Test:
2025-05-26 17:47:21,339 - INFO -   KS Statistic: 0.2294
2025-05-26 17:47:21,339 - INFO -   P-value: 0.0000
2025-05-26 17:47:21,339 - INFO - Distribution Fit: Inverse Gamma
2025-05-26 17:47:21,339 - INFO - Distribution Parameters: {'a': 3.5093212085018015, 'loc': -0.2207140712018134, 'scale': 55.73445932737795}
2025-05-26 19:21:58,778 - INFO - Validation and Training Set Split Statistics
2025-05-26 19:21:58,778 - INFO - Timestamp: 2025-05-26 19:21:58
2025-05-26 19:21:58,778 - INFO - Validation set size: 1442 (8.73%)
2025-05-26 19:21:58,778 - INFO - Training set size: 15072 (91.27%)
2025-05-26 19:21:58,778 - INFO - Minimum Distance Statistics (km):
2025-05-26 19:21:58,778 - INFO -   Mean: 61.2845
2025-05-26 19:21:58,778 - INFO -   Median: 4.4028
2025-05-26 19:21:58,778 - INFO -   Min: 1.2065
2025-05-26 19:21:58,779 - INFO -   Max: 706.9584
2025-05-26 19:21:58,779 - INFO -   Std: 103.1992
2025-05-26 19:21:58,779 - INFO - OC Distribution Statistics:
2025-05-26 19:21:58,779 - INFO -   Validation Mean: 16.1496
2025-05-26 19:21:58,779 - INFO -   Validation Std: 7.2276
2025-05-26 19:21:58,779 - INFO -   Training Mean: 23.1369
2025-05-26 19:21:58,779 - INFO -   Training Std: 20.3608
2025-05-26 19:21:58,779 - INFO - Kolmogorov-Smirnov Test:
2025-05-26 19:21:58,779 - INFO -   KS Statistic: 0.2320
2025-05-26 19:21:58,779 - INFO -   P-value: 0.0000
2025-05-26 19:21:58,779 - INFO - Distribution Fit: Inverse Gamma
2025-05-26 19:21:58,779 - INFO - Distribution Parameters: {'a': 3.5093212085018015, 'loc': -0.2207140712018134, 'scale': 55.73445932737795}
