2025-05-26 14:33:33,687 - INFO - Validation and Training Set Split Statistics
2025-05-26 14:33:33,687 - INFO - Timestamp: 2025-05-26 14:33:33
2025-05-26 14:33:33,687 - INFO - Validation set size: 1546 (9.36%)
2025-05-26 14:33:33,687 - INFO - Training set size: 14968 (90.64%)
2025-05-26 14:33:33,687 - INFO - Minimum Distance Statistics (km):
2025-05-26 14:33:33,687 - INFO -   Mean: 69.3202
2025-05-26 14:33:33,687 - INFO -   Median: 4.1444
2025-05-26 14:33:33,687 - INFO -   Min: 1.2156
2025-05-26 14:33:33,688 - INFO -   Max: 917.1429
2025-05-26 14:33:33,688 - INFO -   Std: 122.5920
2025-05-26 14:33:33,688 - INFO - OC Distribution Statistics:
2025-05-26 14:33:33,688 - INFO -   Validation Mean: 16.3103
2025-05-26 14:33:33,688 - INFO -   Validation Std: 7.6447
2025-05-26 14:33:33,688 - INFO -   Training Mean: 23.1689
2025-05-26 14:33:33,688 - INFO -   Training Std: 20.4041
2025-05-26 14:33:33,688 - INFO - Kolmogorov-Smirnov Test:
2025-05-26 14:33:33,688 - INFO -   KS Statistic: 0.2241
2025-05-26 14:33:33,688 - INFO -   P-value: 0.0000
2025-05-26 14:33:33,688 - INFO - Distribution Fit: Inverse Gamma
2025-05-26 14:33:33,688 - INFO - Distribution Parameters: {'a': 3.5093212085018015, 'loc': -0.2207140712018134, 'scale': 55.73445932737795}
